2019-06-19 10:29:17.384  :  2019-06-19 10:29:17.380  :  BAXI.java: 1.2.3.0 <C> Nets
2019-06-19 10:29:17.380  :  BAXI------------------------------------------------
2019-06-19 10:29:17.380  :  LogFilePath            = C:\baxi\logfiles
2019-06-19 10:29:17.380  :  LogFilePrefix          = baxilog
2019-06-19 10:29:17.380  :  LogAutoDeleteDays      = 14
2019-06-19 10:29:17.380  :  TraceLevel             = 4
2019-06-19 10:29:17.380  :  TERMINAL--------------------------------------------
2019-06-19 10:29:17.380  :  BaudRate               = 57600
2019-06-19 10:29:17.380  :  ComPort                = 1
2019-06-19 10:29:17.380  :  PowerCycleCheck        = 0
2019-06-19 10:29:17.380  :  TidSupervision         = 0
2019-06-19 10:29:17.380  :  HOST------------------------------------------------
2019-06-19 10:29:17.380  :  HostPort               = 9670
2019-06-19 10:29:17.380  :  HostIpAddress          = 102.168.0.45
2019-06-19 10:29:17.380  :  DEVICEATTRIBUTES------------------------------------
2019-06-19 10:29:17.380  :  VendorInfoExtended     = BBS;Retail;02.13.01;57807343803;
2019-06-19 10:29:17.380  :  CutterSupport          = 0
2019-06-19 10:29:17.381  :  PrinterWidth           = 24
2019-06-19 10:29:17.381  :  DisplayWidth           = 20
2019-06-19 10:29:17.381  :  IndicateEotTrans       = 1
2019-06-19 10:29:17.381  :  AutoGetCustomerInfo    = 0
2019-06-19 10:29:17.381  :  TerminalReady          = 1
2019-06-19 10:29:17.381  :  UseDisplayTextID       = 1
2019-06-19 10:29:17.381  :  UseExtendedLocalMode   = 1
2019-06-19 10:29:17.381  :  UseSplitDisplayText    = 0
2019-06-19 10:29:17.381  :  Use2KBuffer			= 0
2019-06-19 10:29:17.381  :  PreventLoyaltyFromPurchase		= 0
2019-06-19 10:29:17.382  :  PinByPass				= 0
2019-06-19 10:29:17.382  :  CardInfoAll            = 1
2019-06-19 10:29:17.382  :  AlwaysUseTotalAmountInExtendedLM = 0
2019-06-19 10:29:17.382  :  TCPIPSERVER-----------------------------------------
2019-06-19 10:29:17.382  :  SocketListenerPort     = 6008

2019-06-19 10:29:17.385  :  
2019-06-19 10:29:17.390  :  ********************************************************************************
2019-06-19 10:29:17.391  :  Open()
2019-06-19 10:29:17.391  :  ********************************************************************************
2019-06-19 10:29:22.417  :  GetMessageFromQueue queue empty !!
2019-06-19 10:29:22.434  :  ERROR: 2116 SOCKET_CONNECT_FAILED

2019-06-19 10:29:22.435  :  fire_OnDisplayText   :: (3,2116) ERROR: 2116 SOCKET_CONNECT_FAILED

2019-06-19 10:29:22.552  :  fire_OnPrintText :: ERROR: 2116 SOCKET_CONNECT_FAILED

2019-06-19 10:29:22.552  :  Fire_OnError         :: errorCode = 2116 SOCKET_CONNECT_FAILED
2019-06-19 10:29:22.553  :  Fire_OnLocalMode     :: D)0
2019-06-19 10:29:22.671  :  fire_OnTerminalReady :: 
