2019-06-19 10:29:17.387  :  2019-06-19 10:29:17.385  :  BAXI.java: 1.2.3.0 <C> Nets
2019-06-19 10:29:17.385  :  BAXI------------------------------------------------
2019-06-19 10:29:17.385  :  LogFilePath            = C:\baxi\logfiles
2019-06-19 10:29:17.385  :  LogFilePrefix          = baxilog
2019-06-19 10:29:17.386  :  LogAutoDeleteDays      = 14
2019-06-19 10:29:17.386  :  TraceLevel             = 4
2019-06-19 10:29:17.386  :  TERMINAL--------------------------------------------
2019-06-19 10:29:17.386  :  BaudRate               = 57600
2019-06-19 10:29:17.386  :  ComPort                = 1
2019-06-19 10:29:17.386  :  PowerCycleCheck        = 0
2019-06-19 10:29:17.386  :  TidSupervision         = 0
2019-06-19 10:29:17.386  :  HOST------------------------------------------------
2019-06-19 10:29:17.386  :  HostPort               = 9670
2019-06-19 10:29:17.386  :  HostIpAddress          = 102.168.0.45
2019-06-19 10:29:17.386  :  DEVICEATTRIBUTES------------------------------------
2019-06-19 10:29:17.386  :  VendorInfoExtended     = BBS;Retail;02.13.01;57807343803;
2019-06-19 10:29:17.386  :  CutterSupport          = 0
2019-06-19 10:29:17.386  :  PrinterWidth           = 24
2019-06-19 10:29:17.386  :  DisplayWidth           = 20
2019-06-19 10:29:17.386  :  IndicateEotTrans       = 1
2019-06-19 10:29:17.386  :  AutoGetCustomerInfo    = 0
2019-06-19 10:29:17.386  :  TerminalReady          = 1
2019-06-19 10:29:17.386  :  UseDisplayTextID       = 1
2019-06-19 10:29:17.386  :  UseExtendedLocalMode   = 1
2019-06-19 10:29:17.386  :  UseSplitDisplayText    = 0
2019-06-19 10:29:17.386  :  Use2KBuffer			= 0
2019-06-19 10:29:17.386  :  PreventLoyaltyFromPurchase		= 0
2019-06-19 10:29:17.386  :  PinByPass				= 0
2019-06-19 10:29:17.386  :  CardInfoAll            = 1
2019-06-19 10:29:17.386  :  AlwaysUseTotalAmountInExtendedLM = 0
2019-06-19 10:29:17.386  :  TCPIPSERVER-----------------------------------------
2019-06-19 10:29:17.386  :  SocketListenerPort     = 6008

2019-06-19 10:29:17.387  :  
2019-06-19 10:29:17.392  :  ********************************************************************************
2019-06-19 10:29:17.392  :  Open()
2019-06-19 10:29:17.392  :  ********************************************************************************
2019-06-19 10:29:17.413  :  HandleGuiCommand()      :: <GUI_OPEN_REQUEST>
2019-06-19 10:29:17.414  :  SendAndLog()            :: <GUI_RESP ACCEPT> => queue.BAXI_CTRL
2019-06-19 10:29:17.415  :  HandleGuiCommand()      :: <GUI_OPEN>
2019-06-19 10:29:17.415  :  ChangeState()           :: (CLOSED) -> (WAIT_FOR_CLIENT)
2019-06-19 10:29:17.416  :  SendAndLog()            :: <GUI_RESP ACCEPT> => queue.BAXI_CTRL
2019-06-19 10:29:22.418  :  SM_HandleTimeout()       :: <>
2019-06-19 10:29:22.429  :  SendAndLog()            :: <DA> => queue.DFS_13_LOW_LEVEL
2019-06-19 10:29:22.431  :  SendAndLog()            :: <LINKLAYER_CONTROL_MESSAGE> => queue.DFS_13_LOW_LEVEL
2019-06-19 10:29:22.431  :  ChangeState()           :: (WAIT_FOR_CLIENT) -> (WAIT_SRR)
2019-06-19 10:29:22.432  :  SM_HandleError in state WAIT_SRR
2019-06-19 10:29:22.432  :  Error (enCommand) was : SOCKET_CONNECTION_ERROR
2019-06-19 10:29:22.432  :  SendAndLog()            :: <LINKLAYER_CONTROL_MESSAGE> => queue.DFS_13_LOW_LEVEL
2019-06-19 10:29:22.434  :  ChangeState()           :: (WAIT_SRR) -> (CLOSED)
