#
# A fatal error has been detected by the Java Runtime Environment:
#
#  SIGSEGV (0xb) at pc=0x00007f5fdeaac8f4, pid=6761, tid=140048823023360
#
# JRE version: Java(TM) SE Runtime Environment (8.0_25-b17) (build 1.8.0_25-b17)
# Java VM: Java HotSpot(TM) 64-Bit Server VM (25.25-b02 mixed mode linux-amd64 compressed oops)
# Problematic frame:
# V  [libjvm.so+0x8738f4]  Method::checked_resolve_jmethod_id(_jmethodID*)+0x34
#
# Failed to write core dump. Core dumps have been disabled. To enable core dumping, try "ulimit -c unlimited" before starting Java again
#
# If you would like to submit a bug report, please visit:
#   http://bugreport.sun.com/bugreport/crash.jsp
#

---------------  T H R E A D  ---------------

Current thread (0x00007f5fd80bc800):  JavaThread "JDWP Transport Listener: dt_socket" daemon [_thread_in_vm, id=6775, stack(0x00007f5fa848f000,0x00007f5fa8590000)]

siginfo: si_signo: 11 (SIGSEGV), si_code: 1 (SEGV_MAPERR), si_addr: 0x00000030b732d469

Registers:
RAX=0x00000030b732d459, RBX=0x0000000732748458, RCX=0x00007f5fdfbb6320, RDX=0x00007f5fdf1937e0
RSP=0x00007f5fa858e990, RBP=0x00007f5fa858e9a0, RSI=0x00007f5fd80bc800, RDI=0x0000000732748458
R8 =0x0000000000000000, R9 =0x00007f5f8c0060c0, R10=0x0000000000000070, R11=0x00007f5fdf3467b0
R12=0x0000000000000017, R13=0x00007f5f8c004748, R14=0x00007f5fd80bc800, R15=0x00007f5fa858eaa7
RIP=0x00007f5fdeaac8f4, EFLAGS=0x0000000000010206, CSGSFS=0x0000000000000033, ERR=0x0000000000000004
  TRAPNO=0x000000000000000e

Top of Stack: (sp=0x00007f5fa858e990)
0x00007f5fa858e990:   0000000000000074 00007f5fd8004d30
0x00007f5fa858e9a0:   00007f5fa858ea10 00007f5fde941e5e
0x00007f5fa858e9b0:   00007f5f8c003e40 00007f5fa858e9c0
0x00007f5fa858e9c0:   00007f5fd80bc800 0000000000000000
0x00007f5fa858e9d0:   00007f5f00000000 0000000000000000
0x00007f5fa858e9e0:   00007f5fa858ea00 00007f5fdd8efd60
0x00007f5fa858e9f0:   00007f5f8c004748 00007f5fa858eaa7
0x00007f5fa858ea00:   0000000000000053 00007f5fa858eaa7
0x00007f5fa858ea10:   00007f5fa858ea40 00007f5fdd6db872
0x00007f5fa858ea20:   00007f5fa858ea40 00007f5f8c004748
0x00007f5fa858ea30:   00007f5fa858eb10 0000000000000298
0x00007f5fa858ea40:   00007f5fa858ead0 00007f5fdd6bca60
0x00007f5fa858ea50:   00007f5fa858ea88 00007f5fa858ea80
0x00007f5fa858ea60:   00007f5fa858ea78 00007f5fa858ea9c
0x00007f5fa858ea70:   000000018c002db0 0000000000000000
0x00007f5fa858ea80:   0000000000000000 0000000000000000
0x00007f5fa858ea90:   00007f5f8c006140 00000001a858eb10
0x00007f5fa858eaa0:   0000000000000054 0000000000000002
0x00007f5fa858eab0:   000000000000000f 0000000000000002
0x00007f5fa858eac0:   00000000000f0200 000000000000000f
0x00007f5fa858ead0:   00007f5fa858ed20 00007f5fdd6c7976
0x00007f5fa858eae0:   0000d48100000013 00007f5fde0f0200
0x00007f5fa858eaf0:   00007f5f84000c80 0000000000000000
0x00007f5fa858eb00:   00007f5fa858eb10 00007f5fa858eca0
0x00007f5fa858eb10:   00007f5f8c0087a4 00007f5f0000027c
0x00007f5fa858eb20:   00007f5f8c006120 000000000000012c
0x00007f5fa858eb30:   00007f5fa858eb60 00007f5f8c006910
0x00007f5fa858eb40:   00007f0000000000 0000d4810000000c
0x00007f5fa858eb50:   00007f5f0000ec80 00007f5fa858eb60
0x00007f5fa858eb60:   5f7f000054000000 1f0000006060008c
0x00007f5fa858eb70:   67246164626d616c 6573556c6c417465
0x00007f5fa858eb80:   6e696b6f6f427372 0030246174614467 

Instructions: (pc=0x00007f5fdeaac8f4)
0x00007f5fdeaac8d4:   83 c4 08 5b c9 c3 66 0f 1f 44 00 00 48 8b 1f 48
0x00007f5fdeaac8e4:   85 db 74 e6 48 83 fb 37 74 e0 48 8b 03 48 89 df
0x00007f5fdeaac8f4:   ff 50 10 84 c0 0f 1f 80 00 00 00 00 75 ce 66 0f
0x00007f5fdeaac904:   1f 44 00 00 eb c4 66 0f 1f 44 00 00 55 48 89 e5 

Register to memory mapping:

RAX=0x00000030b732d459 is an unknown value
RBX=0x0000000732748458 is an oop
java.lang.Class 
 - klass: 'java/lang/Class'
RCX=0x00007f5fdfbb6320: <offset 0x219320> in /lib/x86_64-linux-gnu/libpthread.so.0 at 0x00007f5fdf99d000
RDX=0x00007f5fdf1937e0: <offset 0xf5a7e0> in /usr/lib/jvm/java-8-oracle/jre/lib/amd64/server/libjvm.so at 0x00007f5fde239000
RSP=0x00007f5fa858e990 is pointing into the stack for thread: 0x00007f5fd80bc800
RBP=0x00007f5fa858e9a0 is pointing into the stack for thread: 0x00007f5fd80bc800
RSI=0x00007f5fd80bc800 is a thread
RDI=0x0000000732748458 is an oop
java.lang.Class 
 - klass: 'java/lang/Class'
R8 =0x0000000000000000 is an unknown value
R9 =0x00007f5f8c0060c0 is an unknown value
R10=0x0000000000000070 is an unknown value
R11=0x00007f5fdf3467b0: <offset 0x1887b0> in /lib/x86_64-linux-gnu/libc.so.6 at 0x00007f5fdf1be000
R12=0x0000000000000017 is an unknown value
R13=0x00007f5f8c004748 is an unknown value
R14=0x00007f5fd80bc800 is a thread
R15=0x00007f5fa858eaa7 is pointing into the stack for thread: 0x00007f5fd80bc800


Stack: [0x00007f5fa848f000,0x00007f5fa8590000],  sp=0x00007f5fa858e990,  free space=1022k
Native frames: (J=compiled Java code, j=interpreted, Vv=VM code, C=native code)
V  [libjvm.so+0x8738f4]  Method::checked_resolve_jmethod_id(_jmethodID*)+0x34
V  [libjvm.so+0x708e5e]  jvmti_IsMethodSynthetic+0x29e
C  [libjdwp.so+0x25872]  isMethodSynthetic+0x42
C  [libjdwp.so+0x6a60]  methods1+0x1b0
C  [libjdwp.so+0x11976]  debugLoop_run+0x2b6
C  [libjdwp.so+0x247af]  attachThread+0x2f
V  [libjvm.so+0x774bc2]  JvmtiAgentThread::call_start_function()+0xc2
V  [libjvm.so+0xa29e8f]  JavaThread::thread_main_inner()+0xdf
V  [libjvm.so+0xa29fbc]  JavaThread::run()+0x11c
V  [libjvm.so+0x8e7d48]  java_start(Thread*)+0x108
C  [libpthread.so.0+0x8182]  start_thread+0xc2


---------------  P R O C E S S  ---------------

Java Threads: ( => current thread )
  0x00007f5f3823f000 JavaThread "Thread-18" [_thread_blocked, id=6912, stack(0x00007f5f813ec000,0x00007f5f814ed000)]
  0x00007f5fd8e8c000 JavaThread "qtp1395105902-30" [_thread_blocked, id=6811, stack(0x00007f5f817ee000,0x00007f5f818ef000)]
  0x00007f5fd8e8a000 JavaThread "qtp1395105902-29" [_thread_blocked, id=6810, stack(0x00007f5f818ef000,0x00007f5f819f0000)]
  0x00007f5fd8e88800 JavaThread "qtp1395105902-28" [_thread_blocked, id=6809, stack(0x00007f5f819f0000,0x00007f5f81af1000)]
  0x00007f5fd8e87000 JavaThread "qtp1395105902-27" [_thread_blocked, id=6808, stack(0x00007f5f81af1000,0x00007f5f81bf2000)]
  0x00007f5fd8e85000 JavaThread "qtp1395105902-26" [_thread_blocked, id=6807, stack(0x00007f5f81bf2000,0x00007f5f81cf3000)]
  0x00007f5fd8e83000 JavaThread "qtp1395105902-25-acceptor-0@7720c5c8-ServerConnector@79e7255c{HTTP/1.1}{0.0.0.0:8080}" [_thread_in_native, id=6806, stack(0x00007f5f81cf3000,0x00007f5f81df4000)]
  0x00007f5fd8e82000 JavaThread "qtp1395105902-24-selector-ServerConnectorManager@7aca2d38/1" [_thread_in_native, id=6805, stack(0x00007f5f81df4000,0x00007f5f81ef5000)]
  0x00007f5fd8e7c800 JavaThread "qtp1395105902-23-selector-ServerConnectorManager@7aca2d38/0" [_thread_in_native, id=6804, stack(0x00007f5f81ef5000,0x00007f5f81ff6000)]
  0x00007f5fd8e3a800 JavaThread "WebsocketSelector21" [_thread_in_native, id=6802, stack(0x00007f5f823c7000,0x00007f5f824c8000)]
  0x00007f5fd8e3a000 JavaThread "Thread-6" [_thread_in_native, id=6801, stack(0x00007f5f824c8000,0x00007f5f825c9000)]
  0x00007f5fd8c78800 JavaThread "pool-1-thread-1" [_thread_blocked, id=6800, stack(0x00007f5f81ff6000,0x00007f5f820f7000)]
  0x00007f5fd8c33000 JavaThread "WebSocketWorker-18" [_thread_blocked, id=6799, stack(0x00007f5f825c9000,0x00007f5f826ca000)]
  0x00007f5fd8c31000 JavaThread "WebSocketWorker-17" [_thread_blocked, id=6798, stack(0x00007f5f826ca000,0x00007f5f827cb000)]
  0x00007f5fd8c14000 JavaThread "WebSocketWorker-16" [_thread_blocked, id=6797, stack(0x00007f5f827cb000,0x00007f5f828cc000)]
  0x00007f5fd8c13000 JavaThread "WebSocketWorker-15" [_thread_blocked, id=6796, stack(0x00007f5f828cc000,0x00007f5f829cd000)]
  0x00007f5fd8af7000 JavaThread "MongoCleaner1720797452" daemon [_thread_blocked, id=6791, stack(0x00007f5f82dcd000,0x00007f5f82ece000)]
  0x00007f5fd8af4800 JavaThread "cluster-1-localhost:27018" daemon [_thread_blocked, id=6790, stack(0x00007f5f82ece000,0x00007f5f82fcf000)]
  0x00007f5fd80cc000 JavaThread "Service Thread" daemon [_thread_blocked, id=6784, stack(0x00007f5f83dfe000,0x00007f5f83eff000)]
  0x00007f5fd80c6800 JavaThread "C1 CompilerThread2" daemon [_thread_blocked, id=6783, stack(0x00007f5f83eff000,0x00007f5f84000000)]
  0x00007f5fd80c5000 JavaThread "C2 CompilerThread1" daemon [_thread_blocked, id=6782, stack(0x00007f5fa808b000,0x00007f5fa818c000)]
  0x00007f5fd80c2000 JavaThread "C2 CompilerThread0" daemon [_thread_blocked, id=6781, stack(0x00007f5fa818c000,0x00007f5fa828d000)]
  0x00007f5f8c001000 JavaThread "JDWP Command Reader" daemon [_thread_in_native, id=6778, stack(0x00007f5fa828d000,0x00007f5fa838e000)]
  0x00007f5fd80c0000 JavaThread "JDWP Event Helper Thread" daemon [_thread_blocked, id=6776, stack(0x00007f5fa838e000,0x00007f5fa848f000)]
=>0x00007f5fd80bc800 JavaThread "JDWP Transport Listener: dt_socket" daemon [_thread_in_vm, id=6775, stack(0x00007f5fa848f000,0x00007f5fa8590000)]
  0x00007f5fd80ac800 JavaThread "Signal Dispatcher" daemon [_thread_blocked, id=6774, stack(0x00007f5fc4213000,0x00007f5fc4314000)]
  0x00007f5fd8080000 JavaThread "Finalizer" daemon [_thread_blocked, id=6773, stack(0x00007f5fc4314000,0x00007f5fc4415000)]
  0x00007f5fd807e000 JavaThread "Reference Handler" daemon [_thread_blocked, id=6772, stack(0x00007f5fc4415000,0x00007f5fc4516000)]
  0x00007f5fd800d800 JavaThread "main" [_thread_blocked, id=6764, stack(0x00007f5fdfcba000,0x00007f5fdfdbb000)]

Other Threads:
  0x00007f5fd8077000 VMThread [stack: 0x00007f5fc4516000,0x00007f5fc4617000] [id=6771]
  0x00007f5fd80ce800 WatcherThread [stack: 0x00007f5f83cfd000,0x00007f5f83dfe000] [id=6785]

VM state:not at safepoint (normal execution)

VM Mutex/Monitor currently owned by a thread: None

Heap:
 PSYoungGen      total 433664K, used 190321K [0x0000000719100000, 0x0000000737f80000, 0x00000007c0000000)
  eden space 407552K, 41% used [0x0000000719100000,0x00000007237aba18,0x0000000731f00000)
  from space 26112K, 75% used [0x0000000731f00000,0x0000000733230a30,0x0000000733880000)
  to   space 25600K, 0% used [0x0000000736680000,0x0000000736680000,0x0000000737f80000)
 ParOldGen       total 212992K, used 23719K [0x00000005cb200000, 0x00000005d8200000, 0x0000000719100000)
  object space 212992K, 11% used [0x00000005cb200000,0x00000005cc929ea0,0x00000005d8200000)
 Metaspace       used 25072K, capacity 25662K, committed 25728K, reserved 1073152K
  class space    used 2791K, capacity 2913K, committed 2944K, reserved 1048576K

Card table byte_map: [0x00007f5fc7c98000,0x00007f5fc8c40000] byte_map_base: 0x00007f5fc4e3f000

Marking Bits: (ParMarkBitMap*) 0x00007f5fdf1932c0
 Begin Bits: [0x00007f5fa8590000, 0x00007f5fb02c8000)
 End Bits:   [0x00007f5fb02c8000, 0x00007f5fb8000000)

Polling page: 0x00007f5fdfdda000

CodeCache: size=245760Kb used=15067Kb max_used=17610Kb free=230692Kb
 bounds [0x00007f5fc9000000, 0x00007f5fca150000, 0x00007f5fd8000000]
 total_blobs=4551 nmethods=4161 adapters=311
 compilation: enabled

Compilation events (10 events):
Event: 656,884 Thread 0x00007f5fd80c6800 5178       3       java.util.concurrent.locks.ReentrantLock$Sync::nonfairTryAcquire (67 bytes)
Event: 656,885 Thread 0x00007f5fd80c6800 nmethod 5178 0x00007f5fc9517ad0 code [0x00007f5fc9517c80, 0x00007f5fc95183c8]
Event: 656,885 Thread 0x00007f5fd80c6800 5182       3       com.mongodb.OutMessage::doneWithMessage (48 bytes)
Event: 656,885 Thread 0x00007f5fd80c6800 nmethod 5182 0x00007f5fc92e32d0 code [0x00007f5fc92e3480, 0x00007f5fc92e38e8]
Event: 681,888 Thread 0x00007f5fd80c6800 5183       3       java.lang.Integer::equals (29 bytes)
Event: 681,888 Thread 0x00007f5fd80c6800 nmethod 5183 0x00007f5fc9ba5690 code [0x00007f5fc9ba5800, 0x00007f5fc9ba5c70]
Event: 726,893 Thread 0x00007f5fd80c5000 5184       4       java.util.AbstractList::listIterator (6 bytes)
Event: 726,896 Thread 0x00007f5fd80c5000 nmethod 5184 0x00007f5fc9dcee10 code [0x00007f5fc9dcef80, 0x00007f5fc9dcf158]
Event: 756,899 Thread 0x00007f5fd80c2000 5185       4       java.util.HashSet::size (8 bytes)
Event: 756,900 Thread 0x00007f5fd80c2000 nmethod 5185 0x00007f5fc9609090 code [0x00007f5fc96091e0, 0x00007f5fc9609278]

GC Heap History (10 events):
Event: 39,271 GC heap before
{Heap before GC invocations=10 (full 1):
 PSYoungGen      total 326144K, used 319218K [0x0000000719100000, 0x000000072ed80000, 0x00000007c0000000)
  eden space 299520K, 100% used [0x0000000719100000,0x000000072b580000,0x000000072b580000)
  from space 26624K, 73% used [0x000000072d380000,0x000000072e6bca40,0x000000072ed80000)
  to   space 28672K, 0% used [0x000000072b580000,0x000000072b580000,0x000000072d180000)
 ParOldGen       total 212992K, used 23687K [0x00000005cb200000, 0x00000005d8200000, 0x0000000719100000)
  object space 212992K, 11% used [0x00000005cb200000,0x00000005cc921ea0,0x00000005d8200000)
 Metaspace       used 24825K, capacity 25434K, committed 25472K, reserved 1071104K
  class space    used 2786K, capacity 2907K, committed 2944K, reserved 1048576K
Event: 39,289 GC heap after
Heap after GC invocations=10 (full 1):
 PSYoungGen      total 328192K, used 19634K [0x0000000719100000, 0x0000000732300000, 0x00000007c0000000)
  eden space 299520K, 0% used [0x0000000719100000,0x0000000719100000,0x000000072b580000)
  from space 28672K, 68% used [0x000000072b580000,0x000000072c8aca20,0x000000072d180000)
  to   space 27648K, 0% used [0x0000000730800000,0x0000000730800000,0x0000000732300000)
 ParOldGen       total 212992K, used 23695K [0x00000005cb200000, 0x00000005d8200000, 0x0000000719100000)
  object space 212992K, 11% used [0x00000005cb200000,0x00000005cc923ea0,0x00000005d8200000)
 Metaspace       used 24825K, capacity 25434K, committed 25472K, reserved 1071104K
  class space    used 2786K, capacity 2907K, committed 2944K, reserved 1048576K
}
Event: 41,678 GC heap before
{Heap before GC invocations=11 (full 1):
 PSYoungGen      total 328192K, used 319154K [0x0000000719100000, 0x0000000732300000, 0x00000007c0000000)
  eden space 299520K, 100% used [0x0000000719100000,0x000000072b580000,0x000000072b580000)
  from space 28672K, 68% used [0x000000072b580000,0x000000072c8aca20,0x000000072d180000)
  to   space 27648K, 0% used [0x0000000730800000,0x0000000730800000,0x0000000732300000)
 ParOldGen       total 212992K, used 23695K [0x00000005cb200000, 0x00000005d8200000, 0x0000000719100000)
  object space 212992K, 11% used [0x00000005cb200000,0x00000005cc923ea0,0x00000005d8200000)
 Metaspace       used 24852K, capacity 25448K, committed 25728K, reserved 1073152K
  class space    used 2787K, capacity 2910K, committed 2944K, reserved 1048576K
Event: 41,697 GC heap after
Heap after GC invocations=11 (full 1):
 PSYoungGen      total 377856K, used 19666K [0x0000000719100000, 0x0000000731f80000, 0x00000007c0000000)
  eden space 353792K, 0% used [0x0000000719100000,0x0000000719100000,0x000000072ea80000)
  from space 24064K, 81% used [0x0000000730800000,0x0000000731b34a40,0x0000000731f80000)
  to   space 27136K, 0% used [0x000000072ea80000,0x000000072ea80000,0x0000000730500000)
 ParOldGen       total 212992K, used 23695K [0x00000005cb200000, 0x00000005d8200000, 0x0000000719100000)
  object space 212992K, 11% used [0x00000005cb200000,0x00000005cc923ea0,0x00000005d8200000)
 Metaspace       used 24852K, capacity 25448K, committed 25728K, reserved 1073152K
  class space    used 2787K, capacity 2910K, committed 2944K, reserved 1048576K
}
Event: 44,463 GC heap before
{Heap before GC invocations=12 (full 1):
 PSYoungGen      total 377856K, used 373458K [0x0000000719100000, 0x0000000731f80000, 0x00000007c0000000)
  eden space 353792K, 100% used [0x0000000719100000,0x000000072ea80000,0x000000072ea80000)
  from space 24064K, 81% used [0x0000000730800000,0x0000000731b34a40,0x0000000731f80000)
  to   space 27136K, 0% used [0x000000072ea80000,0x000000072ea80000,0x0000000730500000)
 ParOldGen       total 212992K, used 23695K [0x00000005cb200000, 0x00000005d8200000, 0x0000000719100000)
  object space 212992K, 11% used [0x00000005cb200000,0x00000005cc923ea0,0x00000005d8200000)
 Metaspace       used 24900K, capacity 25522K, committed 25728K, reserved 1073152K
  class space    used 2788K, capacity 2911K, committed 2944K, reserved 1048576K
Event: 44,480 GC heap after
Heap after GC invocations=12 (full 1):
 PSYoungGen      total 380928K, used 19634K [0x0000000719100000, 0x0000000735880000, 0x00000007c0000000)
  eden space 353792K, 0% used [0x0000000719100000,0x0000000719100000,0x000000072ea80000)
  from space 27136K, 72% used [0x000000072ea80000,0x000000072fdaca20,0x0000000730500000)
  to   space 26624K, 0% used [0x0000000733e80000,0x0000000733e80000,0x0000000735880000)
 ParOldGen       total 212992K, used 23703K [0x00000005cb200000, 0x00000005d8200000, 0x0000000719100000)
  object space 212992K, 11% used [0x00000005cb200000,0x00000005cc925ea0,0x00000005d8200000)
 Metaspace       used 24900K, capacity 25522K, committed 25728K, reserved 1073152K
  class space    used 2788K, capacity 2911K, committed 2944K, reserved 1048576K
}
Event: 53,264 GC heap before
{Heap before GC invocations=13 (full 1):
 PSYoungGen      total 380928K, used 373426K [0x0000000719100000, 0x0000000735880000, 0x00000007c0000000)
  eden space 353792K, 100% used [0x0000000719100000,0x000000072ea80000,0x000000072ea80000)
  from space 27136K, 72% used [0x000000072ea80000,0x000000072fdaca20,0x0000000730500000)
  to   space 26624K, 0% used [0x0000000733e80000,0x0000000733e80000,0x0000000735880000)
 ParOldGen       total 212992K, used 23703K [0x00000005cb200000, 0x00000005d8200000, 0x0000000719100000)
  object space 212992K, 11% used [0x00000005cb200000,0x00000005cc925ea0,0x00000005d8200000)
 Metaspace       used 24938K, capacity 25534K, committed 25728K, reserved 1073152K
  class space    used 2789K, capacity 2913K, committed 2944K, reserved 1048576K
Event: 53,283 GC heap after
Heap after GC invocations=13 (full 1):
 PSYoungGen      total 424960K, used 19602K [0x0000000719100000, 0x0000000735200000, 0x00000007c0000000)
  eden space 404992K, 0% used [0x0000000719100000,0x0000000719100000,0x0000000731c80000)
  from space 19968K, 98% used [0x0000000733e80000,0x00000007351a4a40,0x0000000735200000)
  to   space 26112K, 0% used [0x0000000731f00000,0x0000000731f00000,0x0000000733880000)
 ParOldGen       total 212992K, used 23711K [0x00000005cb200000, 0x00000005d8200000, 0x0000000719100000)
  object space 212992K, 11% used [0x00000005cb200000,0x00000005cc927ea0,0x00000005d8200000)
 Metaspace       used 24938K, capacity 25534K, committed 25728K, reserved 1073152K
  class space    used 2789K, capacity 2913K, committed 2944K, reserved 1048576K
}
Event: 60,005 GC heap before
{Heap before GC invocations=14 (full 1):
 PSYoungGen      total 424960K, used 424594K [0x0000000719100000, 0x0000000735200000, 0x00000007c0000000)
  eden space 404992K, 100% used [0x0000000719100000,0x0000000731c80000,0x0000000731c80000)
  from space 19968K, 98% used [0x0000000733e80000,0x00000007351a4a40,0x0000000735200000)
  to   space 26112K, 0% used [0x0000000731f00000,0x0000000731f00000,0x0000000733880000)
 ParOldGen       total 212992K, used 23711K [0x00000005cb200000, 0x00000005d8200000, 0x0000000719100000)
  object space 212992K, 11% used [0x00000005cb200000,0x00000005cc927ea0,0x00000005d8200000)
 Metaspace       used 24940K, capacity 25534K, committed 25728K, reserved 1073152K
  class space    used 2789K, capacity 2913K, committed 2944K, reserved 1048576K
Event: 60,021 GC heap after
Heap after GC invocations=14 (full 1):
 PSYoungGen      total 433664K, used 19650K [0x0000000719100000, 0x0000000737f80000, 0x00000007c0000000)
  eden space 407552K, 0% used [0x0000000719100000,0x0000000719100000,0x0000000731f00000)
  from space 26112K, 75% used [0x0000000731f00000,0x0000000733230a30,0x0000000733880000)
  to   space 25600K, 0% used [0x0000000736680000,0x0000000736680000,0x0000000737f80000)
 ParOldGen       total 212992K, used 23719K [0x00000005cb200000, 0x00000005d8200000, 0x0000000719100000)
  object space 212992K, 11% used [0x00000005cb200000,0x00000005cc929ea0,0x00000005d8200000)
 Metaspace       used 24940K, capacity 25534K, committed 25728K, reserved 1073152K
  class space    used 2789K, capacity 2913K, committed 2944K, reserved 1048576K
}

Deoptimization events (10 events):
Event: 34,969 Thread 0x00007f5f4c002800 Uncommon trap: reason=class_check action=maybe_recompile pc=0x00007f5fc9f01780 method=com.google.gson.internal.bind.MapTypeAdapterFactory$Adapter.read(Lcom/google/gson/stream/JsonReader;)Ljava/util/Map; @ 175
Event: 34,969 Thread 0x00007f5f4c002800 Uncommon trap: reason=unreached action=reinterpret pc=0x00007f5fc9e5d9ac method=com.google.gson.internal.bind.ReflectiveTypeAdapterFactory$1.read(Lcom/google/gson/stream/JsonReader;Ljava/lang/Object;)V @ 10
Event: 35,113 Thread 0x00007f5f4c002800 Uncommon trap: reason=class_check action=maybe_recompile pc=0x00007f5fc9f01780 method=com.google.gson.internal.bind.MapTypeAdapterFactory$Adapter.read(Lcom/google/gson/stream/JsonReader;)Ljava/util/Map; @ 175
Event: 35,125 Thread 0x00007f5f4c002800 Uncommon trap: reason=class_check action=maybe_recompile pc=0x00007f5fc9f49214 method=com.google.gson.internal.bind.MapTypeAdapterFactory$Adapter.write(Lcom/google/gson/stream/JsonWriter;Ljava/lang/Object;)V @ 3
Event: 35,125 Thread 0x00007f5f4c002800 Uncommon trap: reason=class_check action=maybe_recompile pc=0x00007f5fc9f5e890 method=com.google.gson.internal.bind.MapTypeAdapterFactory$Adapter.write(Lcom/google/gson/stream/JsonWriter;Ljava/util/Map;)V @ 26
Event: 35,125 Thread 0x00007f5f4c002800 Uncommon trap: reason=class_check action=maybe_recompile pc=0x00007f5fc9f01780 method=com.google.gson.internal.bind.MapTypeAdapterFactory$Adapter.read(Lcom/google/gson/stream/JsonReader;)Ljava/util/Map; @ 175
Event: 35,269 Thread 0x00007f5f4c002800 Uncommon trap: reason=class_check action=maybe_recompile pc=0x00007f5fc9f49214 method=com.google.gson.internal.bind.MapTypeAdapterFactory$Adapter.write(Lcom/google/gson/stream/JsonWriter;Ljava/lang/Object;)V @ 3
Event: 35,269 Thread 0x00007f5f4c002800 Uncommon trap: reason=class_check action=maybe_recompile pc=0x00007f5fc9f5e890 method=com.google.gson.internal.bind.MapTypeAdapterFactory$Adapter.write(Lcom/google/gson/stream/JsonWriter;Ljava/util/Map;)V @ 26
Event: 35,406 Thread 0x00007f5f4c002800 Uncommon trap: reason=class_check action=maybe_recompile pc=0x00007f5fc9f49214 method=com.google.gson.internal.bind.MapTypeAdapterFactory$Adapter.write(Lcom/google/gson/stream/JsonWriter;Ljava/lang/Object;)V @ 3
Event: 35,406 Thread 0x00007f5f4c002800 Uncommon trap: reason=class_check action=maybe_recompile pc=0x00007f5fc9f5e890 method=com.google.gson.internal.bind.MapTypeAdapterFactory$Adapter.write(Lcom/google/gson/stream/JsonWriter;Ljava/util/Map;)V @ 26

Internal exceptions (10 events):
Event: 34,444 Thread 0x00007f5f4c002800 Exception <a 'java/security/PrivilegedActionException'> (0x00000007209c1660) thrown at [/HUDSON/workspace/8-2-build-linux-amd64/jdk8u25/1514/hotspot/src/share/vm/prims/jvm.cpp, line 1312]
Event: 34,445 Thread 0x00007f5f4c002800 Exception <a 'java/security/PrivilegedActionException'> (0x00000007209c7870) thrown at [/HUDSON/workspace/8-2-build-linux-amd64/jdk8u25/1514/hotspot/src/share/vm/prims/jvm.cpp, line 1312]
Event: 34,446 Thread 0x00007f5f4c002800 Exception <a 'java/security/PrivilegedActionException'> (0x00000007209cb1e0) thrown at [/HUDSON/workspace/8-2-build-linux-amd64/jdk8u25/1514/hotspot/src/share/vm/prims/jvm.cpp, line 1312]
Event: 34,446 Thread 0x00007f5f4c002800 Exception <a 'java/security/PrivilegedActionException'> (0x00000007209ce490) thrown at [/HUDSON/workspace/8-2-build-linux-amd64/jdk8u25/1514/hotspot/src/share/vm/prims/jvm.cpp, line 1312]
Event: 34,604 Thread 0x00007f5f4c002800 Exception <a 'java/security/PrivilegedActionException'> (0x0000000722c96368) thrown at [/HUDSON/workspace/8-2-build-linux-amd64/jdk8u25/1514/hotspot/src/share/vm/prims/jvm.cpp, line 1312]
Event: 34,842 Thread 0x00007f5f4c002800 Implicit null exception at 0x00007f5fc993580f to 0x00007f5fc9935abd
Event: 34,962 Thread 0x00007f5f4c002800 Exception <a 'java/security/PrivilegedActionException'> (0x000000071d7d2f48) thrown at [/HUDSON/workspace/8-2-build-linux-amd64/jdk8u25/1514/hotspot/src/share/vm/prims/jvm.cpp, line 1312]
Event: 34,966 Thread 0x00007f5f4c002800 Exception <a 'java/security/PrivilegedActionException'> (0x000000071d822d68) thrown at [/HUDSON/workspace/8-2-build-linux-amd64/jdk8u25/1514/hotspot/src/share/vm/prims/jvm.cpp, line 1312]
Event: 34,967 Thread 0x00007f5f4c002800 Exception <a 'java/security/PrivilegedActionException'> (0x000000071d82e5b8) thrown at [/HUDSON/workspace/8-2-build-linux-amd64/jdk8u25/1514/hotspot/src/share/vm/prims/jvm.cpp, line 1312]
Event: 34,967 Thread 0x00007f5f4c002800 Exception <a 'java/security/PrivilegedActionException'> (0x000000071d832340) thrown at [/HUDSON/workspace/8-2-build-linux-amd64/jdk8u25/1514/hotspot/src/share/vm/prims/jvm.cpp, line 1312]

Events (10 events):
Event: 336,825 Thread 0x00007f5fd80c6800 flushing nmethod 0x00007f5fc9f57ed0
Event: 336,825 Thread 0x00007f5fd80c6800 flushing nmethod 0x00007f5fc9f5dd50
Event: 336,825 Thread 0x00007f5fd80c6800 flushing nmethod 0x00007f5fc9f8d810
Event: 336,826 Thread 0x00007f5fd80c6800 flushing nmethod 0x00007f5fca004290
Event: 336,826 Thread 0x00007f5fd80c6800 flushing nmethod 0x00007f5fca017910
Event: 336,826 Thread 0x00007f5fd80c6800 flushing nmethod 0x00007f5fca018d50
Event: 336,826 Thread 0x00007f5fd80c6800 flushing nmethod 0x00007f5fca076910
Event: 336,826 Thread 0x00007f5fd80c6800 flushing nmethod 0x00007f5fca092510
Event: 797,732 Executing VM operation: RedefineClasses
Event: 797,856 Executing VM operation: RedefineClasses done


Dynamic libraries:
00400000-00401000 r-xp 00000000 fc:01 3419155                            /usr/lib/jvm/java-8-oracle/jre/bin/java
00600000-00601000 rw-p 00000000 fc:01 3419155                            /usr/lib/jvm/java-8-oracle/jre/bin/java
0151f000-01540000 rw-p 00000000 00:00 0                                  [heap]
5cb200000-5d8200000 rw-p 00000000 00:00 0 
5d8200000-719100000 ---p 00000000 00:00 0 
719100000-737f80000 rw-p 00000000 00:00 0 
737f80000-7c0000000 ---p 00000000 00:00 0 
7c0000000-7c02e0000 rw-p 00000000 00:00 0 
7c02e0000-800000000 ---p 00000000 00:00 0 
7f5f30000000-7f5f30021000 rw-p 00000000 00:00 0 
7f5f30021000-7f5f34000000 ---p 00000000 00:00 0 
7f5f38000000-7f5f38694000 rw-p 00000000 00:00 0 
7f5f38694000-7f5f3c000000 ---p 00000000 00:00 0 
7f5f3c000000-7f5f3c021000 rw-p 00000000 00:00 0 
7f5f3c021000-7f5f40000000 ---p 00000000 00:00 0 
7f5f40000000-7f5f406c9000 rw-p 00000000 00:00 0 
7f5f406c9000-7f5f44000000 ---p 00000000 00:00 0 
7f5f44000000-7f5f4427d000 rw-p 00000000 00:00 0 
7f5f4427d000-7f5f48000000 ---p 00000000 00:00 0 
7f5f48000000-7f5f48021000 rw-p 00000000 00:00 0 
7f5f48021000-7f5f4c000000 ---p 00000000 00:00 0 
7f5f4c000000-7f5f4c021000 rw-p 00000000 00:00 0 
7f5f4c021000-7f5f50000000 ---p 00000000 00:00 0 
7f5f54000000-7f5f54021000 rw-p 00000000 00:00 0 
7f5f54021000-7f5f58000000 ---p 00000000 00:00 0 
7f5f58000000-7f5f58021000 rw-p 00000000 00:00 0 
7f5f58021000-7f5f5c000000 ---p 00000000 00:00 0 
7f5f5c000000-7f5f5c021000 rw-p 00000000 00:00 0 
7f5f5c021000-7f5f60000000 ---p 00000000 00:00 0 
7f5f60000000-7f5f60021000 rw-p 00000000 00:00 0 
7f5f60021000-7f5f64000000 ---p 00000000 00:00 0 
7f5f64000000-7f5f64021000 rw-p 00000000 00:00 0 
7f5f64021000-7f5f68000000 ---p 00000000 00:00 0 
7f5f68000000-7f5f68021000 rw-p 00000000 00:00 0 
7f5f68021000-7f5f6c000000 ---p 00000000 00:00 0 
7f5f6c000000-7f5f6c021000 rw-p 00000000 00:00 0 
7f5f6c021000-7f5f70000000 ---p 00000000 00:00 0 
7f5f70000000-7f5f70033000 rw-p 00000000 00:00 0 
7f5f70033000-7f5f74000000 ---p 00000000 00:00 0 
7f5f74000000-7f5f74d52000 rw-p 00000000 00:00 0 
7f5f74d52000-7f5f78000000 ---p 00000000 00:00 0 
7f5f78000000-7f5f78021000 rw-p 00000000 00:00 0 
7f5f78021000-7f5f7c000000 ---p 00000000 00:00 0 
7f5f7c000000-7f5f7ded7000 rw-p 00000000 00:00 0 
7f5f7ded7000-7f5f80000000 ---p 00000000 00:00 0 
7f5f810eb000-7f5f8112b000 rw-p 00000000 00:00 0 
7f5f8112b000-7f5f812ee000 ---p 00000000 00:00 0 
7f5f812ee000-7f5f813ec000 rw-p 00000000 00:00 0 
7f5f813ec000-7f5f813ef000 ---p 00000000 00:00 0 
7f5f813ef000-7f5f816ed000 rw-p 00000000 00:00 0                          [stack:6912]
7f5f816ed000-7f5f816f0000 ---p 00000000 00:00 0 
7f5f816f0000-7f5f817ee000 rw-p 00000000 00:00 0 
7f5f817ee000-7f5f817f1000 ---p 00000000 00:00 0 
7f5f817f1000-7f5f818ef000 rw-p 00000000 00:00 0                          [stack:6811]
7f5f818ef000-7f5f818f2000 ---p 00000000 00:00 0 
7f5f818f2000-7f5f819f0000 rw-p 00000000 00:00 0                          [stack:6810]
7f5f819f0000-7f5f819f3000 ---p 00000000 00:00 0 
7f5f819f3000-7f5f81af1000 rw-p 00000000 00:00 0                          [stack:6809]
7f5f81af1000-7f5f81af4000 ---p 00000000 00:00 0 
7f5f81af4000-7f5f81bf2000 rw-p 00000000 00:00 0                          [stack:6808]
7f5f81bf2000-7f5f81bf5000 ---p 00000000 00:00 0 
7f5f81bf5000-7f5f81cf3000 rw-p 00000000 00:00 0                          [stack:6807]
7f5f81cf3000-7f5f81cf6000 ---p 00000000 00:00 0 
7f5f81cf6000-7f5f81df4000 rw-p 00000000 00:00 0                          [stack:6806]
7f5f81df4000-7f5f81df7000 ---p 00000000 00:00 0 
7f5f81df7000-7f5f81ef5000 rw-p 00000000 00:00 0                          [stack:6805]
7f5f81ef5000-7f5f81ef8000 ---p 00000000 00:00 0 
7f5f81ef8000-7f5f81ff6000 rw-p 00000000 00:00 0                          [stack:6804]
7f5f81ff6000-7f5f81ff9000 ---p 00000000 00:00 0 
7f5f81ff9000-7f5f822f7000 rw-p 00000000 00:00 0                          [stack:6800]
7f5f823c5000-7f5f823c7000 rw-p 00000000 00:00 0 
7f5f823c7000-7f5f823ca000 ---p 00000000 00:00 0 
7f5f823ca000-7f5f824c8000 rw-p 00000000 00:00 0                          [stack:6802]
7f5f824c8000-7f5f824cb000 ---p 00000000 00:00 0 
7f5f824cb000-7f5f825c9000 rw-p 00000000 00:00 0                          [stack:6801]
7f5f825c9000-7f5f825cc000 ---p 00000000 00:00 0 
7f5f825cc000-7f5f826ca000 rw-p 00000000 00:00 0                          [stack:6799]
7f5f826ca000-7f5f826cd000 ---p 00000000 00:00 0 
7f5f826cd000-7f5f827cb000 rw-p 00000000 00:00 0                          [stack:6798]
7f5f827cb000-7f5f827ce000 ---p 00000000 00:00 0 
7f5f827ce000-7f5f828cc000 rw-p 00000000 00:00 0                          [stack:6797]
7f5f828cc000-7f5f828cf000 ---p 00000000 00:00 0 
7f5f828cf000-7f5f82bcd000 rw-p 00000000 00:00 0                          [stack:6796]
7f5f82bcd000-7f5f82dcd000 rw-p 00000000 00:00 0 
7f5f82dcd000-7f5f82dd0000 ---p 00000000 00:00 0 
7f5f82dd0000-7f5f82ece000 rw-p 00000000 00:00 0                          [stack:6791]
7f5f82ece000-7f5f82ed1000 ---p 00000000 00:00 0 
7f5f82ed1000-7f5f82fcf000 rw-p 00000000 00:00 0                          [stack:6790]
7f5f82fcf000-7f5f82fe0000 r-xp 00000000 fc:01 3289274                    /usr/lib/jvm/java-8-oracle/jre/lib/amd64/libnio.so
7f5f82fe0000-7f5f831df000 ---p 00011000 fc:01 3289274                    /usr/lib/jvm/java-8-oracle/jre/lib/amd64/libnio.so
7f5f831df000-7f5f831e0000 rw-p 00010000 fc:01 3289274                    /usr/lib/jvm/java-8-oracle/jre/lib/amd64/libnio.so
7f5f831e0000-7f5f831e8000 r-xp 00000000 fc:01 3289244                    /usr/lib/jvm/java-8-oracle/jre/lib/amd64/libmanagement.so
7f5f831e8000-7f5f833e8000 ---p 00008000 fc:01 3289244                    /usr/lib/jvm/java-8-oracle/jre/lib/amd64/libmanagement.so
7f5f833e8000-7f5f833e9000 rw-p 00008000 fc:01 3289244                    /usr/lib/jvm/java-8-oracle/jre/lib/amd64/libmanagement.so
7f5f833e9000-7f5f833ff000 r-xp 00000000 fc:01 3289243                    /usr/lib/jvm/java-8-oracle/jre/lib/amd64/libnet.so
7f5f833ff000-7f5f835ff000 ---p 00016000 fc:01 3289243                    /usr/lib/jvm/java-8-oracle/jre/lib/amd64/libnet.so
7f5f835ff000-7f5f83600000 rw-p 00016000 fc:01 3289243                    /usr/lib/jvm/java-8-oracle/jre/lib/amd64/libnet.so
7f5f83600000-7f5f83800000 rw-p 00000000 00:00 0 
7f5f83800000-7f5f83a00000 rw-p 00000000 00:00 0 
7f5f83a00000-7f5f83a13000 r--s 00344000 fc:01 3289321                    /usr/lib/jvm/java-8-oracle/jre/lib/resources.jar
7f5f83a13000-7f5f83c13000 rw-p 00000000 00:00 0 
7f5f83c13000-7f5f83c1d000 r--s 00116000 fc:01 3419137                    /usr/lib/jvm/java-8-oracle/jre/lib/ext/localedata.jar
7f5f83c1d000-7f5f83c39000 r--s 00393000 fc:01 3419136                    /usr/lib/jvm/java-8-oracle/jre/lib/ext/cldrdata.jar
7f5f83c39000-7f5f83c3c000 r--s 0001d000 fc:01 2359408                    /home/boggi/projects/core20/com.getshop.core/lib/batik-util.jar
7f5f83c3c000-7f5f83c41000 r--s 00010000 fc:01 2359400                    /home/boggi/projects/core20/com.getshop.core/lib/xml-apis-ext.jar
7f5f83c41000-7f5f83c44000 r--s 00011000 fc:01 2359411                    /home/boggi/projects/core20/com.getshop.core/lib/commons-discovery-0.5.jar
7f5f83c44000-7f5f83c48000 r--s 0002a000 fc:01 2359415                    /home/boggi/projects/core20/com.getshop.core/lib/wsdl4j-1.6.3.jar
7f5f83c48000-7f5f83c4b000 r--s 0001c000 fc:01 2359423                    /home/boggi/projects/core20/com.getshop.core/lib/nekohtml.jar
7f5f83c4b000-7f5f83c53000 r--s 00045000 fc:01 2359394                    /home/boggi/projects/core20/com.getshop.core/lib/batik-css.jar
7f5f83c53000-7f5f83c5c000 r--s 0002d000 fc:01 2359417                    /home/boggi/projects/core20/com.getshop.core/lib/xml-apis.jar
7f5f83c5c000-7f5f83c5e000 r--s 00000000 fc:01 2359424                    /home/boggi/projects/core20/com.getshop.core/lib/aopalliance-1.0.jar
7f5f83c5e000-7f5f83c62000 r--s 00039000 fc:01 2359396                    /home/boggi/projects/core20/com.getshop.core/lib/spring-expression-4.1.0.RELEASE.jar
7f5f83c62000-7f5f83c6b000 r--s 0004f000 fc:01 2359399                    /home/boggi/projects/core20/com.getshop.core/lib/spring-aop-4.1.0.RELEASE.jar
7f5f83c6b000-7f5f83c6d000 r--s 0000e000 fc:01 2359409                    /home/boggi/projects/core20/com.getshop.core/lib/commons-logging-1.2.jar
7f5f83c6d000-7f5f83c71000 r--s 00093000 fc:01 3289337                    /usr/lib/jvm/java-8-oracle/jre/lib/jsse.jar
7f5f83c71000-7f5f83c74000 r--s 00018000 fc:01 2361525                    /home/boggi/projects/core20/com.getshop.core/lib/jetty-io-9.2.10.v20150310.jar
7f5f83c74000-7f5f83c77000 r--s 00015000 fc:01 2361528                    /home/boggi/projects/core20/com.getshop.core/lib/servlet-api-3.1.jar
7f5f83c77000-7f5f83c79000 r--s 00018000 fc:01 2361524                    /home/boggi/projects/core20/com.getshop.core/lib/jetty-http-9.2.10.v20150310.jar
7f5f83c79000-7f5f83c7f000 r--s 00051000 fc:01 2361527                    /home/boggi/projects/core20/com.getshop.core/lib/jetty-util-9.2.10.v20150310.jar
7f5f83c7f000-7f5f83c85000 r--s 00061000 fc:01 2361526                    /home/boggi/projects/core20/com.getshop.core/lib/jetty-server-9.2.10.v20150310.jar
7f5f83c85000-7f5f83ce2000 r--s 009a1000 fc:01 2360317                    /home/boggi/projects/core20/com.getshop.core/lib/pdfbox-app-1.8.2.jar
7f5f83ce2000-7f5f83ce4000 r--s 00014000 fc:01 2359426                    /home/boggi/projects/core20/com.getshop.core/lib/java_websocket.jar
7f5f83ce4000-7f5f83cfd000 r--s 00135000 fc:01 2359401                    /home/boggi/projects/core20/com.getshop.core/lib/xercesImpl.jar
7f5f83cfd000-7f5f83cfe000 ---p 00000000 00:00 0 
7f5f83cfe000-7f5f83dfe000 rw-p 00000000 00:00 0                          [stack:6785]
7f5f83dfe000-7f5f83e01000 ---p 00000000 00:00 0 
7f5f83e01000-7f5f83eff000 rw-p 00000000 00:00 0                          [stack:6784]
7f5f83eff000-7f5f83f02000 ---p 00000000 00:00 0 
7f5f83f02000-7f5f84000000 rw-p 00000000 00:00 0                          [stack:6783]
7f5f84000000-7f5f84021000 rw-p 00000000 00:00 0 
7f5f84021000-7f5f88000000 ---p 00000000 00:00 0 
7f5f88000000-7f5f8a097000 rw-p 00000000 00:00 0 
7f5f8a097000-7f5f8c000000 ---p 00000000 00:00 0 
7f5f8c000000-7f5f8c2b0000 rw-p 00000000 00:00 0 
7f5f8c2b0000-7f5f90000000 ---p 00000000 00:00 0 
7f5f90000000-7f5f90053000 rw-p 00000000 00:00 0 
7f5f90053000-7f5f94000000 ---p 00000000 00:00 0 
7f5f94000000-7f5f94021000 rw-p 00000000 00:00 0 
7f5f94021000-7f5f98000000 ---p 00000000 00:00 0 
7f5f98000000-7f5f98021000 rw-p 00000000 00:00 0 
7f5f98021000-7f5f9c000000 ---p 00000000 00:00 0 
7f5f9c000000-7f5f9c1f4000 rw-p 00000000 00:00 0 
7f5f9c1f4000-7f5fa0000000 ---p 00000000 00:00 0 
7f5fa0000000-7f5fa0021000 rw-p 00000000 00:00 0 
7f5fa0021000-7f5fa4000000 ---p 00000000 00:00 0 
7f5fa4000000-7f5fa4021000 rw-p 00000000 00:00 0 
7f5fa4021000-7f5fa8000000 ---p 00000000 00:00 0 
7f5fa8000000-7f5fa8001000 rw-p 00000000 00:00 0 
7f5fa8001000-7f5fa8008000 r--s 0003c000 fc:01 2359915                    /home/boggi/projects/core20/com.getshop.core/lib/braintree-java-2.39.1.jar
7f5fa8008000-7f5fa800d000 r--s 0002c000 fc:01 2359418                    /home/boggi/projects/core20/com.getshop.core/lib/commons-net-2.0.jar
7f5fa800d000-7f5fa800f000 r--s 00001000 fc:01 2359397                    /home/boggi/projects/core20/com.getshop.core/lib/google-http-client-gson-1.18.0-rc.jar
7f5fa800f000-7f5fa8014000 r--s 0002e000 fc:01 2360352                    /home/boggi/projects/core20/com.getshop.messages/dist/lib/gson-2.3.jar (deleted)
7f5fa8014000-7f5fa801b000 r--s 00048000 fc:01 2360351                    /home/boggi/projects/core20/com.getshop.messages/dist/lib/morphia-0.108.jar (deleted)
7f5fa801b000-7f5fa8022000 r--s 00038000 fc:01 2360362                    /home/boggi/projects/core20/com.getshop.messages/dist/com.thundashop.messages.jar
7f5fa8022000-7f5fa8029000 r--s 0003c000 fc:01 2359405                    /home/boggi/projects/core20/com.getshop.core/lib/google-http-client-1.18.0-rc.jar
7f5fa8029000-7f5fa803d000 r--s 00173000 fc:01 2359393                    /home/boggi/projects/core20/com.getshop.core/lib/axis.jar
7f5fa803d000-7f5fa8041000 r--s 00022000 fc:01 2359425                    /home/boggi/projects/core20/com.getshop.core/lib/javapns-jdk16-2.2.1.jar
7f5fa8041000-7f5fa8048000 r--s 00078000 fc:01 2359412                    /home/boggi/projects/core20/com.getshop.core/lib/mail-1.5.0-b01.jar
7f5fa8048000-7f5fa804a000 r--s 00008000 fc:01 2359392                    /home/boggi/projects/core20/com.getshop.core/lib/httpmime-4.3.5.jar
7f5fa804a000-7f5fa8056000 r--s 00085000 fc:01 2359398                    /home/boggi/projects/core20/com.getshop.core/lib/httpclient-4.3.5.jar
7f5fa8056000-7f5fa805c000 r--s 0003f000 fc:01 2359414                    /home/boggi/projects/core20/com.getshop.core/lib/httpcore-4.3.2.jar
7f5fa805c000-7f5fa8065000 r--s 0006f000 fc:01 2359422                    /home/boggi/projects/core20/com.getshop.core/lib/log4j-1.2.17.jar
7f5fa8065000-7f5fa8068000 r--s 00014000 fc:01 2359410                    /home/boggi/projects/core20/com.getshop.core/lib/antisamy-1.5.3.jar
7f5fa8068000-7f5fa8073000 r--s 00086000 fc:01 2359395                    /home/boggi/projects/core20/com.getshop.core/lib/mongo-java-driver-2.12.3.jar
7f5fa8073000-7f5fa808b000 r--s 000e2000 fc:01 2359416                    /home/boggi/projects/core20/com.getshop.core/lib/spring-context-4.1.0.RELEASE.jar
7f5fa808b000-7f5fa808e000 ---p 00000000 00:00 0 
7f5fa808e000-7f5fa818c000 rw-p 00000000 00:00 0                          [stack:6782]
7f5fa818c000-7f5fa818f000 ---p 00000000 00:00 0 
7f5fa818f000-7f5fa828d000 rw-p 00000000 00:00 0                          [stack:6781]
7f5fa828d000-7f5fa8290000 ---p 00000000 00:00 0 
7f5fa8290000-7f5fa838e000 rw-p 00000000 00:00 0                          [stack:6778]
7f5fa838e000-7f5fa8391000 ---p 00000000 00:00 0 
7f5fa8391000-7f5fa848f000 rw-p 00000000 00:00 0                          [stack:6776]
7f5fa848f000-7f5fa8492000 ---p 00000000 00:00 0 
7f5fa8492000-7f5fb8000000 rw-p 00000000 00:00 0                          [stack:6775]
7f5fb8000000-7f5fb8021000 rw-p 00000000 00:00 0 
7f5fb8021000-7f5fbc000000 ---p 00000000 00:00 0 
7f5fbc000000-7f5fbc021000 rw-p 00000000 00:00 0 
7f5fbc021000-7f5fc0000000 ---p 00000000 00:00 0 
7f5fc0000000-7f5fc0021000 rw-p 00000000 00:00 0 
7f5fc0021000-7f5fc4000000 ---p 00000000 00:00 0 
7f5fc4000000-7f5fc4002000 r--s 00004000 fc:01 2359404                    /home/boggi/projects/core20/com.getshop.core/lib/gcm-server-1.0.2.jar
7f5fc4002000-7f5fc400f000 r--s 0009f000 fc:01 2359419                    /home/boggi/projects/core20/com.getshop.core/lib/spring-beans-4.1.0.RELEASE.jar
7f5fc400f000-7f5fc4013000 r-xp 00000000 fc:01 3289272                    /usr/lib/jvm/java-8-oracle/jre/lib/amd64/libdt_socket.so
7f5fc4013000-7f5fc4212000 ---p 00004000 fc:01 3289272                    /usr/lib/jvm/java-8-oracle/jre/lib/amd64/libdt_socket.so
7f5fc4212000-7f5fc4213000 rw-p 00003000 fc:01 3289272                    /usr/lib/jvm/java-8-oracle/jre/lib/amd64/libdt_socket.so
7f5fc4213000-7f5fc4216000 ---p 00000000 00:00 0 
7f5fc4216000-7f5fc4314000 rw-p 00000000 00:00 0                          [stack:6774]
7f5fc4314000-7f5fc4317000 ---p 00000000 00:00 0 
7f5fc4317000-7f5fc4415000 rw-p 00000000 00:00 0                          [stack:6773]
7f5fc4415000-7f5fc4418000 ---p 00000000 00:00 0 
7f5fc4418000-7f5fc4516000 rw-p 00000000 00:00 0                          [stack:6772]
7f5fc4516000-7f5fc4517000 ---p 00000000 00:00 0 
7f5fc4517000-7f5fc55d8000 rw-p 00000000 00:00 0                          [stack:6771]
7f5fc55d8000-7f5fc57ae000 r--s 03caa000 fc:01 3289207                    /usr/lib/jvm/java-8-oracle/jre/lib/rt.jar
7f5fc57ae000-7f5fc7026000 rw-p 00000000 00:00 0 
7f5fc7026000-7f5fc7027000 ---p 00000000 00:00 0 
7f5fc7027000-7f5fc7127000 rw-p 00000000 00:00 0                          [stack:6770]
7f5fc7127000-7f5fc7128000 ---p 00000000 00:00 0 
7f5fc7128000-7f5fc7290000 rw-p 00000000 00:00 0                          [stack:6768]
7f5fc7290000-7f5fc7c98000 ---p 00000000 00:00 0 
7f5fc7c98000-7f5fc7d00000 rw-p 00000000 00:00 0 
7f5fc7d00000-7f5fc8707000 ---p 00000000 00:00 0 
7f5fc8707000-7f5fc87ff000 rw-p 00000000 00:00 0 
7f5fc87ff000-7f5fc8c3f000 ---p 00000000 00:00 0 
7f5fc8c3f000-7f5fc8c86000 rw-p 00000000 00:00 0 
7f5fc8c86000-7f5fc9000000 ---p 00000000 00:00 0 
7f5fc9000000-7f5fca150000 rwxp 00000000 00:00 0 
7f5fca150000-7f5fd8000000 ---p 00000000 00:00 0 
7f5fd8000000-7f5fd8eb7000 rw-p 00000000 00:00 0 
7f5fd8eb7000-7f5fdc000000 ---p 00000000 00:00 0 
7f5fdc000000-7f5fdc005000 r--s 0002e000 fc:01 2359420                    /home/boggi/projects/core20/com.getshop.core/lib/gson-2.3.jar
7f5fdc005000-7f5fdc047000 rw-p 00000000 00:00 0 
7f5fdc047000-7f5fdc048000 ---p 00000000 00:00 0 
7f5fdc048000-7f5fdc148000 rw-p 00000000 00:00 0                          [stack:6767]
7f5fdc148000-7f5fdc149000 ---p 00000000 00:00 0 
7f5fdc149000-7f5fdc249000 rw-p 00000000 00:00 0                          [stack:6766]
7f5fdc249000-7f5fdc263000 r-xp 00000000 fc:01 3289277                    /usr/lib/jvm/java-8-oracle/jre/lib/amd64/libzip.so
7f5fdc263000-7f5fdc463000 ---p 0001a000 fc:01 3289277                    /usr/lib/jvm/java-8-oracle/jre/lib/amd64/libzip.so
7f5fdc463000-7f5fdc464000 rw-p 0001a000 fc:01 3289277                    /usr/lib/jvm/java-8-oracle/jre/lib/amd64/libzip.so
7f5fdc464000-7f5fdc46f000 r-xp 00000000 fc:01 3151937                    /lib/x86_64-linux-gnu/libnss_files-2.19.so
7f5fdc46f000-7f5fdc66e000 ---p 0000b000 fc:01 3151937                    /lib/x86_64-linux-gnu/libnss_files-2.19.so
7f5fdc66e000-7f5fdc66f000 r--p 0000a000 fc:01 3151937                    /lib/x86_64-linux-gnu/libnss_files-2.19.so
7f5fdc66f000-7f5fdc670000 rw-p 0000b000 fc:01 3151937                    /lib/x86_64-linux-gnu/libnss_files-2.19.so
7f5fdc670000-7f5fdc67b000 r-xp 00000000 fc:01 3151938                    /lib/x86_64-linux-gnu/libnss_nis-2.19.so
7f5fdc67b000-7f5fdc87a000 ---p 0000b000 fc:01 3151938                    /lib/x86_64-linux-gnu/libnss_nis-2.19.so
7f5fdc87a000-7f5fdc87b000 r--p 0000a000 fc:01 3151938                    /lib/x86_64-linux-gnu/libnss_nis-2.19.so
7f5fdc87b000-7f5fdc87c000 rw-p 0000b000 fc:01 3151938                    /lib/x86_64-linux-gnu/libnss_nis-2.19.so
7f5fdc87c000-7f5fdc893000 r-xp 00000000 fc:01 3149688                    /lib/x86_64-linux-gnu/libnsl-2.19.so
7f5fdc893000-7f5fdca92000 ---p 00017000 fc:01 3149688                    /lib/x86_64-linux-gnu/libnsl-2.19.so
7f5fdca92000-7f5fdca93000 r--p 00016000 fc:01 3149688                    /lib/x86_64-linux-gnu/libnsl-2.19.so
7f5fdca93000-7f5fdca94000 rw-p 00017000 fc:01 3149688                    /lib/x86_64-linux-gnu/libnsl-2.19.so
7f5fdca94000-7f5fdca96000 rw-p 00000000 00:00 0 
7f5fdca96000-7f5fdca9f000 r-xp 00000000 fc:01 3145743                    /lib/x86_64-linux-gnu/libnss_compat-2.19.so
7f5fdca9f000-7f5fdcc9e000 ---p 00009000 fc:01 3145743                    /lib/x86_64-linux-gnu/libnss_compat-2.19.so
7f5fdcc9e000-7f5fdcc9f000 r--p 00008000 fc:01 3145743                    /lib/x86_64-linux-gnu/libnss_compat-2.19.so
7f5fdcc9f000-7f5fdcca0000 rw-p 00009000 fc:01 3145743                    /lib/x86_64-linux-gnu/libnss_compat-2.19.so
7f5fdcca0000-7f5fdd4b3000 r--p 00000000 fc:01 3413361                    /usr/lib/locale/locale-archive
7f5fdd4b3000-7f5fdd4b5000 r-xp 00000000 fc:01 3289236                    /usr/lib/jvm/java-8-oracle/jre/lib/amd64/libnpt.so
7f5fdd4b5000-7f5fdd6b5000 ---p 00002000 fc:01 3289236                    /usr/lib/jvm/java-8-oracle/jre/lib/amd64/libnpt.so
7f5fdd6b5000-7f5fdd6b6000 rw-p 00002000 fc:01 3289236                    /usr/lib/jvm/java-8-oracle/jre/lib/amd64/libnpt.so
7f5fdd6b6000-7f5fdd6ef000 r-xp 00000000 fc:01 3289224                    /usr/lib/jvm/java-8-oracle/jre/lib/amd64/libjdwp.so
7f5fdd6ef000-7f5fdd8ee000 ---p 00039000 fc:01 3289224                    /usr/lib/jvm/java-8-oracle/jre/lib/amd64/libjdwp.so
7f5fdd8ee000-7f5fdd8f0000 rw-p 00038000 fc:01 3289224                    /usr/lib/jvm/java-8-oracle/jre/lib/amd64/libjdwp.so
7f5fdd8f0000-7f5fdd91a000 r-xp 00000000 fc:01 3289259                    /usr/lib/jvm/java-8-oracle/jre/lib/amd64/libjava.so
7f5fdd91a000-7f5fddb1a000 ---p 0002a000 fc:01 3289259                    /usr/lib/jvm/java-8-oracle/jre/lib/amd64/libjava.so
7f5fddb1a000-7f5fddb1c000 rw-p 0002a000 fc:01 3289259                    /usr/lib/jvm/java-8-oracle/jre/lib/amd64/libjava.so
7f5fddb1c000-7f5fddb29000 r-xp 00000000 fc:01 3289252                    /usr/lib/jvm/java-8-oracle/jre/lib/amd64/libverify.so
7f5fddb29000-7f5fddd29000 ---p 0000d000 fc:01 3289252                    /usr/lib/jvm/java-8-oracle/jre/lib/amd64/libverify.so
7f5fddd29000-7f5fddd2b000 rw-p 0000d000 fc:01 3289252                    /usr/lib/jvm/java-8-oracle/jre/lib/amd64/libverify.so
7f5fddd2b000-7f5fddd32000 r-xp 00000000 fc:01 3151926                    /lib/x86_64-linux-gnu/librt-2.19.so
7f5fddd32000-7f5fddf31000 ---p 00007000 fc:01 3151926                    /lib/x86_64-linux-gnu/librt-2.19.so
7f5fddf31000-7f5fddf32000 r--p 00006000 fc:01 3151926                    /lib/x86_64-linux-gnu/librt-2.19.so
7f5fddf32000-7f5fddf33000 rw-p 00007000 fc:01 3151926                    /lib/x86_64-linux-gnu/librt-2.19.so
7f5fddf33000-7f5fde038000 r-xp 00000000 fc:01 3151933                    /lib/x86_64-linux-gnu/libm-2.19.so
7f5fde038000-7f5fde237000 ---p 00105000 fc:01 3151933                    /lib/x86_64-linux-gnu/libm-2.19.so
7f5fde237000-7f5fde238000 r--p 00104000 fc:01 3151933                    /lib/x86_64-linux-gnu/libm-2.19.so
7f5fde238000-7f5fde239000 rw-p 00105000 fc:01 3151933                    /lib/x86_64-linux-gnu/libm-2.19.so
7f5fde239000-7f5fdeea6000 r-xp 00000000 fc:01 3289233                    /usr/lib/jvm/java-8-oracle/jre/lib/amd64/server/libjvm.so
7f5fdeea6000-7f5fdf0a5000 ---p 00c6d000 fc:01 3289233                    /usr/lib/jvm/java-8-oracle/jre/lib/amd64/server/libjvm.so
7f5fdf0a5000-7f5fdf17b000 rw-p 00c6c000 fc:01 3289233                    /usr/lib/jvm/java-8-oracle/jre/lib/amd64/server/libjvm.so
7f5fdf17b000-7f5fdf1be000 rw-p 00000000 00:00 0 
7f5fdf1be000-7f5fdf379000 r-xp 00000000 fc:01 3151930                    /lib/x86_64-linux-gnu/libc-2.19.so
7f5fdf379000-7f5fdf579000 ---p 001bb000 fc:01 3151930                    /lib/x86_64-linux-gnu/libc-2.19.so
7f5fdf579000-7f5fdf57d000 r--p 001bb000 fc:01 3151930                    /lib/x86_64-linux-gnu/libc-2.19.so
7f5fdf57d000-7f5fdf57f000 rw-p 001bf000 fc:01 3151930                    /lib/x86_64-linux-gnu/libc-2.19.so
7f5fdf57f000-7f5fdf584000 rw-p 00000000 00:00 0 
7f5fdf584000-7f5fdf587000 r-xp 00000000 fc:01 3151942                    /lib/x86_64-linux-gnu/libdl-2.19.so
7f5fdf587000-7f5fdf786000 ---p 00003000 fc:01 3151942                    /lib/x86_64-linux-gnu/libdl-2.19.so
7f5fdf786000-7f5fdf787000 r--p 00002000 fc:01 3151942                    /lib/x86_64-linux-gnu/libdl-2.19.so
7f5fdf787000-7f5fdf788000 rw-p 00003000 fc:01 3151942                    /lib/x86_64-linux-gnu/libdl-2.19.so
7f5fdf788000-7f5fdf79d000 r-xp 00000000 fc:01 3289268                    /usr/lib/jvm/java-8-oracle/jre/lib/amd64/jli/libjli.so
7f5fdf79d000-7f5fdf99c000 ---p 00015000 fc:01 3289268                    /usr/lib/jvm/java-8-oracle/jre/lib/amd64/jli/libjli.so
7f5fdf99c000-7f5fdf99d000 rw-p 00014000 fc:01 3289268                    /usr/lib/jvm/java-8-oracle/jre/lib/amd64/jli/libjli.so
7f5fdf99d000-7f5fdf9b6000 r-xp 00000000 fc:01 3151943                    /lib/x86_64-linux-gnu/libpthread-2.19.so
7f5fdf9b6000-7f5fdfbb5000 ---p 00019000 fc:01 3151943                    /lib/x86_64-linux-gnu/libpthread-2.19.so
7f5fdfbb5000-7f5fdfbb6000 r--p 00018000 fc:01 3151943                    /lib/x86_64-linux-gnu/libpthread-2.19.so
7f5fdfbb6000-7f5fdfbb7000 rw-p 00019000 fc:01 3151943                    /lib/x86_64-linux-gnu/libpthread-2.19.so
7f5fdfbb7000-7f5fdfbbb000 rw-p 00000000 00:00 0 
7f5fdfbbb000-7f5fdfbde000 r-xp 00000000 fc:01 3151931                    /lib/x86_64-linux-gnu/ld-2.19.so
7f5fdfbde000-7f5fdfbe0000 r--s 00006000 fc:01 2359421                    /home/boggi/projects/core20/com.getshop.core/lib/jaxrpc.jar
7f5fdfbe0000-7f5fdfbf5000 r--s 000e1000 fc:01 2359403                    /home/boggi/projects/core20/com.getshop.core/lib/spring-core-4.1.0.RELEASE.jar
7f5fdfbf5000-7f5fdfcba000 rw-p 00000000 00:00 0 
7f5fdfcba000-7f5fdfcbd000 ---p 00000000 00:00 0 
7f5fdfcbd000-7f5fdfdbf000 rw-p 00000000 00:00 0                          [stack:6764]
7f5fdfdbf000-7f5fdfdc6000 r--s 00048000 fc:01 2359413                    /home/boggi/projects/core20/com.getshop.core/lib/morphia-0.108.jar
7f5fdfdc6000-7f5fdfdca000 r--s 00025000 fc:01 2359406                    /home/boggi/projects/core20/com.getshop.core/lib/google-api-client-1.18.0-rc.jar
7f5fdfdca000-7f5fdfdd1000 r--s 0002f000 fc:01 2359407                    /home/boggi/projects/core20/com.getshop.core/lib/google-api-services-youtube-v3-rev117-1.19.0.jar
7f5fdfdd1000-7f5fdfdd9000 rw-s 00000000 fc:01 2097314                    /tmp/hsperfdata_boggi/6761
7f5fdfdd9000-7f5fdfdda000 rw-p 00000000 00:00 0 
7f5fdfdda000-7f5fdfddb000 r--p 00000000 00:00 0 
7f5fdfddb000-7f5fdfddd000 rw-p 00000000 00:00 0 
7f5fdfddd000-7f5fdfdde000 r--p 00022000 fc:01 3151931                    /lib/x86_64-linux-gnu/ld-2.19.so
7f5fdfdde000-7f5fdfddf000 rw-p 00023000 fc:01 3151931                    /lib/x86_64-linux-gnu/ld-2.19.so
7f5fdfddf000-7f5fdfde0000 rw-p 00000000 00:00 0 
7ffff09b9000-7ffff09db000 rw-p 00000000 00:00 0                          [stack]
7ffff09fe000-7ffff0a00000 r-xp 00000000 00:00 0                          [vdso]
ffffffffff600000-ffffffffff601000 r-xp 00000000 00:00 0                  [vsyscall]

VM Arguments:
jvm_args: -Xdebug -Xrunjdwp:transport=dt_socket,address=localhost:53131 -Dfile.encoding=UTF-8 
java_command: com.thundashop.core.start.Runner
java_class_path (initial): /home/boggi/projects/core20/com.getshop.core/lib/spring-context-4.1.0.RELEASE.jar:/home/boggi/projects/core20/com.getshop.core/lib/spring-core-4.1.0.RELEASE.jar:/home/boggi/projects/core20/com.getshop.core/lib/google-api-services-youtube-v3-rev117-1.19.0.jar:/home/boggi/projects/core20/com.getshop.core/lib/google-api-client-1.18.0-rc.jar:/home/boggi/projects/core20/com.getshop.core/lib/spring-beans-4.1.0.RELEASE.jar:/home/boggi/projects/core20/com.getshop.core/lib/morphia-0.108.jar:/home/boggi/projects/core20/com.getshop.core/lib/gson-2.3.jar:/home/boggi/projects/core20/com.getshop.core/lib/jaxrpc.jar:/home/boggi/projects/core20/com.getshop.core/lib/mongo-java-driver-2.12.3.jar:/home/boggi/projects/core20/com.getshop.core/lib/gcm-server-1.0.2.jar:/home/boggi/projects/core20/com.getshop.core/lib/antisamy-1.5.3.jar:/home/boggi/projects/core20/com.getshop.core/lib/log4j-1.2.17.jar:/home/boggi/projects/core20/com.getshop.core/lib/httpcore-4.3.2.jar:/home/boggi/projects/core20/com.getshop.core/lib/httpclient-4.3.5.jar:/home/boggi/projects/core20/com.getshop.core/lib/httpmime-4.3.5.jar:/home/boggi/projects/core20/com.getshop.core/lib/mail-1.5.0-b01.jar:/home/boggi/projects/core20/com.getshop.core/lib/javapns-jdk16-2.2.1.jar:/home/boggi/projects/core20/com.getshop.core/lib/axis.jar:/home/boggi/projects/core20/com.getshop.core/lib/google-http-client-1.18.0-rc.jar:/home/boggi/projects/core20/com.getshop.messages/dist/com.thundashop.messages.jar:/home/boggi/projects/core20/com.getshop.core/lib/google-http-client-gson-1.18.0-rc.jar:/home/boggi/projects/core20/com.getshop.core/lib/xercesImpl.jar:/home/boggi/projects/core20/com.getshop.core/lib/commons-net-2.0.jar:/home/boggi/projects/core20/com.getshop.core/lib/braintree-java-2.39.1.jar:/home/boggi/projects/core20/com.getshop.core/lib/java_websocket.jar:/home/boggi/projects/core20/com.getshop.core/lib/pdfbox-app-1.8.2.jar:/home/boggi/projects/core20/com.getshop.core/lib/jetty-server-9.2.10.v20150310
Launcher Type: SUN_STANDARD

Environment Variables:
PATH=/usr/local/sbin:/usr/local/bin:/usr/sbin:/usr/bin:/sbin:/bin:/usr/games:/usr/local/games
LD_LIBRARY_PATH=/usr/lib/jvm/java-8-oracle/jre/lib/amd64:/usr/lib/jvm/java-8-oracle/jre/lib/i386:
SHELL=/bin/bash
DISPLAY=:0

Signal Handlers:
SIGSEGV: [libjvm.so+0xa79a80], sa_mask[0]=11111111011111111101111111111110, sa_flags=SA_RESTART|SA_SIGINFO
SIGBUS: [libjvm.so+0xa79a80], sa_mask[0]=11111111011111111101111111111110, sa_flags=SA_RESTART|SA_SIGINFO
SIGFPE: [libjvm.so+0x8e24e0], sa_mask[0]=11111111011111111101111111111110, sa_flags=SA_RESTART|SA_SIGINFO
SIGPIPE: [libjvm.so+0x8e24e0], sa_mask[0]=11111111011111111101111111111110, sa_flags=SA_RESTART|SA_SIGINFO
SIGXFSZ: [libjvm.so+0x8e24e0], sa_mask[0]=11111111011111111101111111111110, sa_flags=SA_RESTART|SA_SIGINFO
SIGILL: [libjvm.so+0x8e24e0], sa_mask[0]=11111111011111111101111111111110, sa_flags=SA_RESTART|SA_SIGINFO
SIGUSR1: SIG_DFL, sa_mask[0]=00000000000000000000000000000000, sa_flags=none
SIGUSR2: [libjvm.so+0x8e3d10], sa_mask[0]=00100000000000000000000000000000, sa_flags=SA_RESTART|SA_SIGINFO
SIGHUP: [libjvm.so+0x8e50d0], sa_mask[0]=11111111011111111101111111111110, sa_flags=SA_RESTART|SA_SIGINFO
SIGINT: SIG_IGN, sa_mask[0]=00000000000000000000000000000000, sa_flags=none
SIGTERM: [libjvm.so+0x8e50d0], sa_mask[0]=11111111011111111101111111111110, sa_flags=SA_RESTART|SA_SIGINFO
SIGQUIT: [libjvm.so+0x8e50d0], sa_mask[0]=11111111011111111101111111111110, sa_flags=SA_RESTART|SA_SIGINFO


---------------  S Y S T E M  ---------------

OS:DISTRIB_ID=Ubuntu
DISTRIB_RELEASE=14.04
DISTRIB_CODENAME=trusty
DISTRIB_DESCRIPTION="Ubuntu 14.04.1 LTS"

uname:Linux 3.13.0-35-generic #62-Ubuntu SMP Fri Aug 15 01:58:42 UTC 2014 x86_64
libc:glibc 2.19 NPTL 2.19 
rlimit: STACK 8192k, CORE 0k, NPROC 254622, NOFILE 4096, AS infinity
load average:3,88 2,10 1,05

/proc/meminfo:
MemTotal:       32823516 kB
MemFree:         2804500 kB
Buffers:          354716 kB
Cached:         20870760 kB
SwapCached:        26776 kB
Active:         18427856 kB
Inactive:       10301740 kB
Active(anon):    6412248 kB
Inactive(anon):  1206688 kB
Active(file):   12015608 kB
Inactive(file):  9095052 kB
Unevictable:         288 kB
Mlocked:             288 kB
SwapTotal:      16650236 kB
SwapFree:       16312348 kB
Dirty:              2768 kB
Writeback:             0 kB
AnonPages:       7479184 kB
Mapped:           389432 kB
Shmem:            114596 kB
Slab:             822164 kB
SReclaimable:     738888 kB
SUnreclaim:        83276 kB
KernelStack:        7848 kB
PageTables:        91068 kB
NFS_Unstable:          0 kB
Bounce:                0 kB
WritebackTmp:          0 kB
CommitLimit:    33061992 kB
Committed_AS:   16689388 kB
VmallocTotal:   34359738367 kB
VmallocUsed:      423940 kB
VmallocChunk:   34359217396 kB
HardwareCorrupted:     0 kB
AnonHugePages:   4102144 kB
HugePages_Total:       0
HugePages_Free:        0
HugePages_Rsvd:        0
HugePages_Surp:        0
Hugepagesize:       2048 kB
DirectMap4k:       83624 kB
DirectMap2M:    33345536 kB


CPU:total 4 (4 cores per cpu, 1 threads per core) family 6 model 42 stepping 7, cmov, cx8, fxsr, mmx, sse, sse2, sse3, ssse3, sse4.1, sse4.2, popcnt, avx, aes, clmul, tsc, tscinvbit

/proc/cpuinfo:
processor	: 0
vendor_id	: GenuineIntel
cpu family	: 6
model		: 42
model name	: Intel(R) Core(TM) i5-2320 CPU @ 3.00GHz
stepping	: 7
microcode	: 0x23
cpu MHz		: 3301.000
cache size	: 6144 KB
physical id	: 0
siblings	: 4
core id		: 0
cpu cores	: 4
apicid		: 0
initial apicid	: 0
fpu		: yes
fpu_exception	: yes
cpuid level	: 13
wp		: yes
flags		: fpu vme de pse tsc msr pae mce cx8 apic sep mtrr pge mca cmov pat pse36 clflush dts acpi mmx fxsr sse sse2 ss ht tm pbe syscall nx rdtscp lm constant_tsc arch_perfmon pebs bts rep_good nopl xtopology nonstop_tsc aperfmperf eagerfpu pni pclmulqdq dtes64 monitor ds_cpl vmx est tm2 ssse3 cx16 xtpr pdcm pcid sse4_1 sse4_2 popcnt tsc_deadline_timer aes xsave avx lahf_lm ida arat epb xsaveopt pln pts dtherm tpr_shadow vnmi flexpriority ept vpid
bogomips	: 5986.12
clflush size	: 64
cache_alignment	: 64
address sizes	: 36 bits physical, 48 bits virtual
power management:

processor	: 1
vendor_id	: GenuineIntel
cpu family	: 6
model		: 42
model name	: Intel(R) Core(TM) i5-2320 CPU @ 3.00GHz
stepping	: 7
microcode	: 0x23
cpu MHz		: 3301.000
cache size	: 6144 KB
physical id	: 0
siblings	: 4
core id		: 1
cpu cores	: 4
apicid		: 2
initial apicid	: 2
fpu		: yes
fpu_exception	: yes
cpuid level	: 13
wp		: yes
flags		: fpu vme de pse tsc msr pae mce cx8 apic sep mtrr pge mca cmov pat pse36 clflush dts acpi mmx fxsr sse sse2 ss ht tm pbe syscall nx rdtscp lm constant_tsc arch_perfmon pebs bts rep_good nopl xtopology nonstop_tsc aperfmperf eagerfpu pni pclmulqdq dtes64 monitor ds_cpl vmx est tm2 ssse3 cx16 xtpr pdcm pcid sse4_1 sse4_2 popcnt tsc_deadline_timer aes xsave avx lahf_lm ida arat epb xsaveopt pln pts dtherm tpr_shadow vnmi flexpriority ept vpid
bogomips	: 5986.12
clflush size	: 64
cache_alignment	: 64
address sizes	: 36 bits physical, 48 bits virtual
power management:

processor	: 2
vendor_id	: GenuineIntel
cpu family	: 6
model		: 42
model name	: Intel(R) Core(TM) i5-2320 CPU @ 3.00GHz
stepping	: 7
microcode	: 0x23
cpu MHz		: 3301.000
cache size	: 6144 KB
physical id	: 0
siblings	: 4
core id		: 2
cpu cores	: 4
apicid		: 4
initial apicid	: 4
fpu		: yes
fpu_exception	: yes
cpuid level	: 13
wp		: yes
flags		: fpu vme de pse tsc msr pae mce cx8 apic sep mtrr pge mca cmov pat pse36 clflush dts acpi mmx fxsr sse sse2 ss ht tm pbe syscall nx rdtscp lm constant_tsc arch_perfmon pebs bts rep_good nopl xtopology nonstop_tsc aperfmperf eagerfpu pni pclmulqdq dtes64 monitor ds_cpl vmx est tm2 ssse3 cx16 xtpr pdcm pcid sse4_1 sse4_2 popcnt tsc_deadline_timer aes xsave avx lahf_lm ida arat epb xsaveopt pln pts dtherm tpr_shadow vnmi flexpriority ept vpid
bogomips	: 5986.12
clflush size	: 64
cache_alignment	: 64
address sizes	: 36 bits physical, 48 bits virtual
power management:

processor	: 3
vendor_id	: GenuineIntel
cpu family	: 6
model		: 42
model name	: Intel(R) Core(TM) i5-2320 CPU @ 3.00GHz
stepping	: 7
microcode	: 0x23
cpu MHz		: 3301.000
cache size	: 6144 KB
physical id	: 0
siblings	: 4
core id		: 3
cpu cores	: 4
apicid		: 6
initial apicid	: 6
fpu		: yes
fpu_exception	: yes
cpuid level	: 13
wp		: yes
flags		: fpu vme de pse tsc msr pae mce cx8 apic sep mtrr pge mca cmov pat pse36 clflush dts acpi mmx fxsr sse sse2 ss ht tm pbe syscall nx rdtscp lm constant_tsc arch_perfmon pebs bts rep_good nopl xtopology nonstop_tsc aperfmperf eagerfpu pni pclmulqdq dtes64 monitor ds_cpl vmx est tm2 ssse3 cx16 xtpr pdcm pcid sse4_1 sse4_2 popcnt tsc_deadline_timer aes xsave avx lahf_lm ida arat epb xsaveopt pln pts dtherm tpr_shadow vnmi flexpriority ept vpid
bogomips	: 5986.12
clflush size	: 64
cache_alignment	: 64
address sizes	: 36 bits physical, 48 bits virtual
power management:



Memory: 4k page, physical 32823516k(2804500k free), swap 16650236k(16312348k free)

vm_info: Java HotSpot(TM) 64-Bit Server VM (25.25-b02) for linux-amd64 JRE (1.8.0_25-b17), built on Sep 17 2014 17:32:11 by "java_re" with gcc 4.3.0 20080428 (Red Hat 4.3.0-8)

time: Wed Apr 29 19:24:35 2015
elapsed time: 797 seconds (0d 0h 13m 17s)

