#
# A fatal error has been detected by the Java Runtime Environment:
#
#  SIGSEGV (0xb) at pc=0x00007f39776e6190, pid=2004, tid=139884301448960
#
# JRE version: Java(TM) SE Runtime Environment (8.0_20-b26) (build 1.8.0_20-b26)
# Java VM: Java HotSpot(TM) 64-Bit Server VM (25.20-b23 mixed mode linux-amd64 compressed oops)
# Problematic frame:
# V  [libjvm.so+0x873190]  Method::checked_resolve_jmethod_id(_jmethodID*)+0x20
#
# Failed to write core dump. Core dumps have been disabled. To enable core dumping, try "ulimit -c unlimited" before starting Java again
#
# If you would like to submit a bug report, please visit:
#   http://bugreport.sun.com/bugreport/crash.jsp
#

---------------  T H R E A D  ---------------

Current thread (0x00007f39700bd000):  JavaThread "JDWP Transport Listener: dt_socket" daemon [_thread_in_vm, id=2019, stack(0x00007f395a08f000,0x00007f395a190000)]

siginfo: si_signo: 11 (SIGSEGV), si_code: 128 (SI_KERNEL), si_addr: 0x0000000000000000

Registers:
RAX=0x0000000000000001, RBX=0x00007f3970004a60, RCX=0x00007f39787ed320, RDX=0x00007f3977dcafe0
RSP=0x00007f395a18e810, RBP=0x00007f395a18e820, RSI=0x00007f39700bd000, RDI=0x003b303630363900
R8 =0x0000000000000000, R9 =0x00007f3928013330, R10=0x00000000000000a0, R11=0x00007f3977f7d7b0
R12=0x0000000000000017, R13=0x003b303630363900, R14=0x00007f39700bd000, R15=0x00007f395a18e927
RIP=0x00007f39776e6190, EFLAGS=0x0000000000010206, CSGSFS=0x0000000000000033, ERR=0x0000000000000000
  TRAPNO=0x000000000000000d

Top of Stack: (sp=0x00007f395a18e810)
0x00007f395a18e810:   0000000000000074 00007f3970004a60
0x00007f395a18e820:   00007f395a18e890 00007f397757b78e
0x00007f395a18e830:   00007f3928016910 00007f395a18e840
0x00007f395a18e840:   00007f39700bd000 0000000000000000
0x00007f395a18e850:   00007f3900000000 0000000000000000
0x00007f395a18e860:   00007f395a18e880 00007f3976529d60
0x00007f395a18e870:   003b303630363900 00007f395a18e927
0x00007f395a18e880:   000000000000000e 00007f395a18e927
0x00007f395a18e890:   00007f395a18e8c0 00007f3976315872
0x00007f395a18e8a0:   00007f395a18e8c0 003b303630363900
0x00007f395a18e8b0:   00007f395a18e990 0000000000000070
0x00007f395a18e8c0:   00007f395a18e950 00007f39762f6a60
0x00007f395a18e8d0:   00007f395a18e908 00007f395a18e900
0x00007f395a18e8e0:   00007f395a18e8f8 00007f395a18e91c
0x00007f395a18e8f0:   000000012801b870 0000000000000000
0x00007f395a18e900:   0000000000000000 0000000000000000
0x00007f395a18e910:   00007f3928013ba0 000000025a18e990
0x00007f395a18e920:   000000000000000f 0000000000000002
0x00007f395a18e930:   000000000000000f 0000000000000002
0x00007f395a18e940:   00000000000f0200 000000000000000f
0x00007f395a18e950:   00007f395a18eba0 00007f3976301976
0x00007f395a18e960:   00092a8f00000013 00007f39770f0200
0x00007f395a18e970:   00007f3920000fb0 00007f3976529d60
0x00007f395a18e980:   00007f395a18e990 00007f395a18eb20
0x00007f395a18e990:   00007f392800d227 00007f3900000129
0x00007f395a18e9a0:   00007f392801b4f0 000000000000012c
0x00007f395a18e9b0:   00007f395a18e9e0 00007f392800ce80
0x00007f395a18e9c0:   00007f0000000000 00092a8f0000000c
0x00007f395a18e9d0:   00007f390000f180 00007f395a18e9e0
0x00007f395a18e9e0:   397f00000f000000 05000000603a0028
0x00007f395a18e9f0:   0000007261656c63 0000000056292803
0x00007f395a18ea00:   397f000000000000 06000000383a0028 

Instructions: (pc=0x00007f39776e6190)
0x00007f39776e6170:   55 48 89 e5 53 48 83 ec 08 48 85 ff 75 12 31 db
0x00007f39776e6180:   48 89 d8 48 83 c4 08 5b c9 c3 66 0f 1f 44 00 00
0x00007f39776e6190:   48 8b 1f 48 85 db 74 e6 48 83 fb 37 74 e0 48 8b
0x00007f39776e61a0:   03 48 89 df ff 50 10 84 c0 0f 1f 80 00 00 00 00 

Register to memory mapping:

RAX=0x0000000000000001 is an unknown value
RBX=0x00007f3970004a60 is an unknown value
RCX=0x00007f39787ed320: <offset 0x219320> in /lib/x86_64-linux-gnu/libpthread.so.0 at 0x00007f39785d4000
RDX=0x00007f3977dcafe0: <offset 0xf57fe0> in /home/boggi/Downloads/jdk1.8.0_20/jre/lib/amd64/server/libjvm.so at 0x00007f3976e73000
RSP=0x00007f395a18e810 is pointing into the stack for thread: 0x00007f39700bd000
RBP=0x00007f395a18e820 is pointing into the stack for thread: 0x00007f39700bd000
RSI=0x00007f39700bd000 is a thread
RDI=0x003b303630363900 is an unknown value
R8 =0x0000000000000000 is an unknown value
R9 =0x00007f3928013330 is an unknown value
R10=0x00000000000000a0 is an unknown value
R11=0x00007f3977f7d7b0: <offset 0x1887b0> in /lib/x86_64-linux-gnu/libc.so.6 at 0x00007f3977df5000
R12=0x0000000000000017 is an unknown value
R13=0x003b303630363900 is an unknown value
R14=0x00007f39700bd000 is a thread
R15=0x00007f395a18e927 is pointing into the stack for thread: 0x00007f39700bd000


Stack: [0x00007f395a08f000,0x00007f395a190000],  sp=0x00007f395a18e810,  free space=1022k
Native frames: (J=compiled Java code, j=interpreted, Vv=VM code, C=native code)
V  [libjvm.so+0x873190]  Method::checked_resolve_jmethod_id(_jmethodID*)+0x20
V  [libjvm.so+0x70878e]  jvmti_IsMethodSynthetic+0x29e
C  [libjdwp.so+0x25872]  isMethodSynthetic+0x42
C  [libjdwp.so+0x6a60]  methods1+0x1b0
C  [libjdwp.so+0x11976]  debugLoop_run+0x2b6
C  [libjdwp.so+0x247af]  attachThread+0x2f
V  [libjvm.so+0x7744f2]  JvmtiAgentThread::call_start_function()+0xc2
V  [libjvm.so+0xa2990f]  JavaThread::thread_main_inner()+0xdf
V  [libjvm.so+0xa29a3c]  JavaThread::run()+0x11c
V  [libjvm.so+0x8e75f8]  java_start(Thread*)+0x108
C  [libpthread.so.0+0x8182]  start_thread+0xc2


---------------  P R O C E S S  ---------------

Java Threads: ( => current thread )
  0x00007f38e804e000 JavaThread "Thread-17" [_thread_blocked, id=2082, stack(0x00007f3937bfc000,0x00007f3937cfd000)]
  0x00007f38e0011800 JavaThread "Thread-10" [_thread_blocked, id=2047, stack(0x00007f3937cfd000,0x00007f3937dfe000)]
  0x00007f38e8052000 JavaThread "Thread-8" [_thread_blocked, id=2041, stack(0x00007f3937eff000,0x00007f3938000000)]
  0x00007f397000e800 JavaThread "DestroyJavaVM" [_thread_blocked, id=2007, stack(0x00007f39788f1000,0x00007f39789f2000)]
  0x00007f3970ee5800 JavaThread "Thread-6" [_thread_in_native, id=2039, stack(0x00007f395804b000,0x00007f395814c000)]
  0x00007f3970ec6000 JavaThread "pool-1-thread-1" [_thread_blocked, id=2038, stack(0x00007f395814c000,0x00007f395824d000)]
  0x00007f3970e99000 JavaThread "WebSocketWorker-18" [_thread_blocked, id=2037, stack(0x00007f3958252000,0x00007f3958353000)]
  0x00007f3970e97800 JavaThread "WebSocketWorker-17" [_thread_blocked, id=2036, stack(0x00007f3958353000,0x00007f3958454000)]
  0x00007f3970e8a000 JavaThread "WebSocketWorker-16" [_thread_blocked, id=2035, stack(0x00007f3958454000,0x00007f3958555000)]
  0x00007f3970d8c800 JavaThread "WebSocketWorker-15" [_thread_blocked, id=2034, stack(0x00007f3958555000,0x00007f3958656000)]
  0x00007f39709d5000 JavaThread "MongoCleaner1790387225" daemon [_thread_blocked, id=2031, stack(0x00007f3958a56000,0x00007f3958b57000)]
  0x00007f39709d2000 JavaThread "cluster-1-localhost:27017" daemon [_thread_blocked, id=2030, stack(0x00007f3958b57000,0x00007f3958c58000)]
  0x00007f39700cd000 JavaThread "Service Thread" daemon [_thread_blocked, id=2028, stack(0x00007f3959a89000,0x00007f3959b8a000)]
  0x00007f39700c7800 JavaThread "C1 CompilerThread2" daemon [_thread_blocked, id=2027, stack(0x00007f3959b8a000,0x00007f3959c8b000)]
  0x00007f39700c6000 JavaThread "C2 CompilerThread1" daemon [_thread_blocked, id=2026, stack(0x00007f3959c8b000,0x00007f3959d8c000)]
  0x00007f39700c3000 JavaThread "C2 CompilerThread0" daemon [_thread_blocked, id=2025, stack(0x00007f3959d8c000,0x00007f3959e8d000)]
  0x00007f3928001000 JavaThread "JDWP Command Reader" daemon [_thread_in_native, id=2021, stack(0x00007f3959e8d000,0x00007f3959f8e000)]
  0x00007f39700c0800 JavaThread "JDWP Event Helper Thread" daemon [_thread_blocked, id=2020, stack(0x00007f3959f8e000,0x00007f395a08f000)]
=>0x00007f39700bd000 JavaThread "JDWP Transport Listener: dt_socket" daemon [_thread_in_vm, id=2019, stack(0x00007f395a08f000,0x00007f395a190000)]
  0x00007f39700af800 JavaThread "Signal Dispatcher" daemon [_thread_blocked, id=2016, stack(0x00007f395a394000,0x00007f395a495000)]
  0x00007f3970081000 JavaThread "Finalizer" daemon [_thread_blocked, id=2015, stack(0x00007f395a495000,0x00007f395a596000)]
  0x00007f397007e800 JavaThread "Reference Handler" daemon [_thread_blocked, id=2014, stack(0x00007f395a596000,0x00007f395a697000)]

Other Threads:
  0x00007f3970077800 VMThread [stack: 0x00007f395a697000,0x00007f395a798000] [id=2013]
  0x00007f39700cf800 WatcherThread [stack: 0x00007f3959988000,0x00007f3959a89000] [id=2029]

VM state:not at safepoint (normal execution)

VM Mutex/Monitor currently owned by a thread: None

Heap:
 PSYoungGen      total 40448K, used 8855K [0x000000076d100000, 0x000000078b500000, 0x00000007c0000000)
  eden space 39936K, 21% used [0x000000076d100000,0x000000076d971f10,0x000000076f800000)
  from space 512K, 40% used [0x000000078b480000,0x000000078b4b4010,0x000000078b500000)
  to   space 512K, 0% used [0x000000078b400000,0x000000078b400000,0x000000078b480000)
 ParOldGen       total 176640K, used 49746K [0x00000006c7200000, 0x00000006d1e80000, 0x000000076d100000)
  object space 176640K, 28% used [0x00000006c7200000,0x00000006ca294b70,0x00000006d1e80000)
 Metaspace       used 23501K, capacity 23930K, committed 23984K, reserved 1071104K
  class space    used 2609K, capacity 2709K, committed 2736K, reserved 1048576K

Card table byte_map: [0x00007f39742fb000,0x00007f3974ac3000] byte_map_base: 0x00007f3970cc2000

Marking Bits: (ParMarkBitMap*) 0x00007f3977dcaac0
 Begin Bits: [0x00007f3944390000, 0x00007f39481c8000)
 End Bits:   [0x00007f39481c8000, 0x00007f394c000000)

Polling page: 0x00007f3978a11000

CodeCache: size=245760Kb used=15392Kb max_used=15431Kb free=230367Kb
 bounds [0x00007f3961000000, 0x00007f3961f80000, 0x00007f3970000000]
 total_blobs=4457 nmethods=4076 adapters=303
 compilation: enabled

Compilation events (10 events):
Event: 78823,230 Thread 0x00007f39700c7800 5451       3       java.util.LinkedList::addAll (10 bytes)
Event: 78823,230 Thread 0x00007f39700c6000 5452       4       java.util.HashMap::removeNode (291 bytes)
Event: 78823,230 Thread 0x00007f39700c7800 nmethod 5451 0x00007f3961be8b50 code [0x00007f3961be8cc0, 0x00007f3961be8e88]
Event: 78823,234 Thread 0x00007f39700c6000 nmethod 5452 0x00007f3961140e10 code [0x00007f3961140f80, 0x00007f39611413d8]
Event: 78884,016 Thread 0x00007f39700c7800 5453       3       com.mongodb.DBCollection::_checkObject (56 bytes)
Event: 78884,016 Thread 0x00007f39700c7800 nmethod 5453 0x00007f3961b01650 code [0x00007f3961b01820, 0x00007f3961b01d18]
Event: 79349,302 Thread 0x00007f39700c7800 5454       3       com.thundashop.core.pagemanager.data.PageLayout::findCell (76 bytes)
Event: 79349,303 Thread 0x00007f39700c7800 nmethod 5454 0x00007f3961f0ebd0 code [0x00007f3961f0ee00, 0x00007f3961f0fa78]
Event: 79578,238 Thread 0x00007f39700c7800 5455       3       com.mongodb.ConcurrentLinkedDeque$Node::predecessor (60 bytes)
Event: 79578,239 Thread 0x00007f39700c7800 nmethod 5455 0x00007f3961dfdf50 code [0x00007f3961dfe140, 0x00007f3961dfec18]

GC Heap History (10 events):
Event: 79483,896 GC heap before
{Heap before GC invocations=146 (full 2):
 PSYoungGen      total 43008K, used 42688K [0x000000076d100000, 0x000000078b500000, 0x00000007c0000000)
  eden space 42496K, 100% used [0x000000076d100000,0x000000076fa80000,0x000000076fa80000)
  from space 512K, 37% used [0x000000078b400000,0x000000078b430000,0x000000078b480000)
  to   space 512K, 0% used [0x000000078b480000,0x000000078b480000,0x000000078b500000)
 ParOldGen       total 176640K, used 49674K [0x00000006c7200000, 0x00000006d1e80000, 0x000000076d100000)
  object space 176640K, 28% used [0x00000006c7200000,0x00000006ca282b70,0x00000006d1e80000)
 Metaspace       used 23485K, capacity 23834K, committed 23984K, reserved 1071104K
  class space    used 2609K, capacity 2677K, committed 2736K, reserved 1048576K
Event: 79483,898 GC heap after
Heap after GC invocations=146 (full 2):
 PSYoungGen      total 42496K, used 160K [0x000000076d100000, 0x000000078b500000, 0x00000007c0000000)
  eden space 41984K, 0% used [0x000000076d100000,0x000000076d100000,0x000000076fa00000)
  from space 512K, 31% used [0x000000078b480000,0x000000078b4a8000,0x000000078b500000)
  to   space 512K, 0% used [0x000000078b400000,0x000000078b400000,0x000000078b480000)
 ParOldGen       total 176640K, used 49682K [0x00000006c7200000, 0x00000006d1e80000, 0x000000076d100000)
  object space 176640K, 28% used [0x00000006c7200000,0x00000006ca284b70,0x00000006d1e80000)
 Metaspace       used 23485K, capacity 23834K, committed 23984K, reserved 1071104K
  class space    used 2609K, capacity 2677K, committed 2736K, reserved 1048576K
}
Event: 79521,456 GC heap before
{Heap before GC invocations=147 (full 2):
 PSYoungGen      total 42496K, used 42144K [0x000000076d100000, 0x000000078b500000, 0x00000007c0000000)
  eden space 41984K, 100% used [0x000000076d100000,0x000000076fa00000,0x000000076fa00000)
  from space 512K, 31% used [0x000000078b480000,0x000000078b4a8000,0x000000078b500000)
  to   space 512K, 0% used [0x000000078b400000,0x000000078b400000,0x000000078b480000)
 ParOldGen       total 176640K, used 49682K [0x00000006c7200000, 0x00000006d1e80000, 0x000000076d100000)
  object space 176640K, 28% used [0x00000006c7200000,0x00000006ca284b70,0x00000006d1e80000)
 Metaspace       used 23485K, capacity 23834K, committed 23984K, reserved 1071104K
  class space    used 2609K, capacity 2677K, committed 2736K, reserved 1048576K
Event: 79521,458 GC heap after
Heap after GC invocations=147 (full 2):
 PSYoungGen      total 41984K, used 192K [0x000000076d100000, 0x000000078b500000, 0x00000007c0000000)
  eden space 41472K, 0% used [0x000000076d100000,0x000000076d100000,0x000000076f980000)
  from space 512K, 37% used [0x000000078b400000,0x000000078b430000,0x000000078b480000)
  to   space 512K, 0% used [0x000000078b480000,0x000000078b480000,0x000000078b500000)
 ParOldGen       total 176640K, used 49690K [0x00000006c7200000, 0x00000006d1e80000, 0x000000076d100000)
  object space 176640K, 28% used [0x00000006c7200000,0x00000006ca286b70,0x00000006d1e80000)
 Metaspace       used 23485K, capacity 23834K, committed 23984K, reserved 1071104K
  class space    used 2609K, capacity 2677K, committed 2736K, reserved 1048576K
}
Event: 79549,520 GC heap before
{Heap before GC invocations=148 (full 2):
 PSYoungGen      total 41984K, used 41664K [0x000000076d100000, 0x000000078b500000, 0x00000007c0000000)
  eden space 41472K, 100% used [0x000000076d100000,0x000000076f980000,0x000000076f980000)
  from space 512K, 37% used [0x000000078b400000,0x000000078b430000,0x000000078b480000)
  to   space 512K, 0% used [0x000000078b480000,0x000000078b480000,0x000000078b500000)
 ParOldGen       total 176640K, used 49690K [0x00000006c7200000, 0x00000006d1e80000, 0x000000076d100000)
  object space 176640K, 28% used [0x00000006c7200000,0x00000006ca286b70,0x00000006d1e80000)
 Metaspace       used 23485K, capacity 23834K, committed 23984K, reserved 1071104K
  class space    used 2609K, capacity 2677K, committed 2736K, reserved 1048576K
Event: 79549,522 GC heap after
Heap after GC invocations=148 (full 2):
 PSYoungGen      total 41472K, used 176K [0x000000076d100000, 0x000000078b500000, 0x00000007c0000000)
  eden space 40960K, 0% used [0x000000076d100000,0x000000076d100000,0x000000076f900000)
  from space 512K, 34% used [0x000000078b480000,0x000000078b4ac010,0x000000078b500000)
  to   space 512K, 0% used [0x000000078b400000,0x000000078b400000,0x000000078b480000)
 ParOldGen       total 176640K, used 49714K [0x00000006c7200000, 0x00000006d1e80000, 0x000000076d100000)
  object space 176640K, 28% used [0x00000006c7200000,0x00000006ca28cb70,0x00000006d1e80000)
 Metaspace       used 23485K, capacity 23834K, committed 23984K, reserved 1071104K
  class space    used 2609K, capacity 2677K, committed 2736K, reserved 1048576K
}
Event: 79578,218 GC heap before
{Heap before GC invocations=149 (full 2):
 PSYoungGen      total 41472K, used 41136K [0x000000076d100000, 0x000000078b500000, 0x00000007c0000000)
  eden space 40960K, 100% used [0x000000076d100000,0x000000076f900000,0x000000076f900000)
  from space 512K, 34% used [0x000000078b480000,0x000000078b4ac010,0x000000078b500000)
  to   space 512K, 0% used [0x000000078b400000,0x000000078b400000,0x000000078b480000)
 ParOldGen       total 176640K, used 49714K [0x00000006c7200000, 0x00000006d1e80000, 0x000000076d100000)
  object space 176640K, 28% used [0x00000006c7200000,0x00000006ca28cb70,0x00000006d1e80000)
 Metaspace       used 23485K, capacity 23834K, committed 23984K, reserved 1071104K
  class space    used 2609K, capacity 2677K, committed 2736K, reserved 1048576K
Event: 79578,220 GC heap after
Heap after GC invocations=149 (full 2):
 PSYoungGen      total 40960K, used 128K [0x000000076d100000, 0x000000078b500000, 0x00000007c0000000)
  eden space 40448K, 0% used [0x000000076d100000,0x000000076d100000,0x000000076f880000)
  from space 512K, 25% used [0x000000078b400000,0x000000078b420000,0x000000078b480000)
  to   space 512K, 0% used [0x000000078b480000,0x000000078b480000,0x000000078b500000)
 ParOldGen       total 176640K, used 49730K [0x00000006c7200000, 0x00000006d1e80000, 0x000000076d100000)
  object space 176640K, 28% used [0x00000006c7200000,0x00000006ca290b70,0x00000006d1e80000)
 Metaspace       used 23485K, capacity 23834K, committed 23984K, reserved 1071104K
  class space    used 2609K, capacity 2677K, committed 2736K, reserved 1048576K
}
Event: 79698,228 GC heap before
{Heap before GC invocations=150 (full 2):
 PSYoungGen      total 40960K, used 40576K [0x000000076d100000, 0x000000078b500000, 0x00000007c0000000)
  eden space 40448K, 100% used [0x000000076d100000,0x000000076f880000,0x000000076f880000)
  from space 512K, 25% used [0x000000078b400000,0x000000078b420000,0x000000078b480000)
  to   space 512K, 0% used [0x000000078b480000,0x000000078b480000,0x000000078b500000)
 ParOldGen       total 176640K, used 49730K [0x00000006c7200000, 0x00000006d1e80000, 0x000000076d100000)
  object space 176640K, 28% used [0x00000006c7200000,0x00000006ca290b70,0x00000006d1e80000)
 Metaspace       used 23486K, capacity 23834K, committed 23984K, reserved 1071104K
  class space    used 2609K, capacity 2677K, committed 2736K, reserved 1048576K
Event: 79698,229 GC heap after
Heap after GC invocations=150 (full 2):
 PSYoungGen      total 40448K, used 208K [0x000000076d100000, 0x000000078b500000, 0x00000007c0000000)
  eden space 39936K, 0% used [0x000000076d100000,0x000000076d100000,0x000000076f800000)
  from space 512K, 40% used [0x000000078b480000,0x000000078b4b4010,0x000000078b500000)
  to   space 512K, 0% used [0x000000078b400000,0x000000078b400000,0x000000078b480000)
 ParOldGen       total 176640K, used 49746K [0x00000006c7200000, 0x00000006d1e80000, 0x000000076d100000)
  object space 176640K, 28% used [0x00000006c7200000,0x00000006ca294b70,0x00000006d1e80000)
 Metaspace       used 23486K, capacity 23834K, committed 23984K, reserved 1071104K
  class space    used 2609K, capacity 2677K, committed 2736K, reserved 1048576K
}

Deoptimization events (10 events):
Event: 78606,033 Thread 0x00007f38f400a000 Uncommon trap: reason=bimorphic action=maybe_recompile pc=0x00007f39612b2648 method=java.util.stream.ReferencePipeline$2$1.begin(J)V @ 7
Event: 78606,033 Thread 0x00007f38f400a000 Uncommon trap: reason=bimorphic action=maybe_recompile pc=0x00007f3961636c44 method=java.util.stream.ReferencePipeline$2$1.accept(Ljava/lang/Object;)V @ 21
Event: 78606,033 Thread 0x00007f38f400a000 Uncommon trap: reason=bimorphic action=maybe_recompile pc=0x00007f3961d2436c method=java.util.stream.Sink$ChainedReference.end()V @ 4
Event: 78606,034 Thread 0x00007f38f400a000 Uncommon trap: reason=class_check action=maybe_recompile pc=0x00007f3961697674 method=java.util.Collection.stream()Ljava/util/stream/Stream; @ 1
Event: 78606,034 Thread 0x00007f38f400a000 Uncommon trap: reason=class_check action=maybe_recompile pc=0x00007f3961db69e0 method=java.util.stream.AbstractPipeline.copyInto(Ljava/util/stream/Sink;Ljava/util/Spliterator;)V @ 20
Event: 78894,120 Thread 0x00007f38f400a000 Uncommon trap: reason=bimorphic action=maybe_recompile pc=0x00007f39612b2648 method=java.util.stream.ReferencePipeline$2$1.begin(J)V @ 7
Event: 78894,120 Thread 0x00007f38f400a000 Uncommon trap: reason=bimorphic action=maybe_recompile pc=0x00007f3961636c44 method=java.util.stream.ReferencePipeline$2$1.accept(Ljava/lang/Object;)V @ 21
Event: 78894,120 Thread 0x00007f38f400a000 Uncommon trap: reason=bimorphic action=maybe_recompile pc=0x00007f3961d2436c method=java.util.stream.Sink$ChainedReference.end()V @ 4
Event: 78894,121 Thread 0x00007f38f400a000 Uncommon trap: reason=class_check action=maybe_recompile pc=0x00007f3961697674 method=java.util.Collection.stream()Ljava/util/stream/Stream; @ 1
Event: 78894,121 Thread 0x00007f38f400a000 Uncommon trap: reason=class_check action=maybe_recompile pc=0x00007f3961db69e0 method=java.util.stream.AbstractPipeline.copyInto(Ljava/util/stream/Sink;Ljava/util/Spliterator;)V @ 20

Internal exceptions (10 events):
Event: 30,686 Thread 0x00007f38f4001000 Exception <a 'java/security/PrivilegedActionException'> (0x0000000772910410) thrown at [/HUDSON/workspace/8-2-build-linux-amd64/jdk8u20/1074/hotspot/src/share/vm/prims/jvm.cpp, line 1275]
Event: 30,772 Thread 0x00007f38f4001000 Exception <a 'java/security/PrivilegedActionException'> (0x00000007731ee8e8) thrown at [/HUDSON/workspace/8-2-build-linux-amd64/jdk8u20/1074/hotspot/src/share/vm/prims/jvm.cpp, line 1275]
Event: 137,791 Thread 0x00007f38f400a000 Exception <a 'java/security/PrivilegedActionException'> (0x0000000771f6c5d8) thrown at [/HUDSON/workspace/8-2-build-linux-amd64/jdk8u20/1074/hotspot/src/share/vm/prims/jvm.cpp, line 1275]
Event: 137,792 Thread 0x00007f38f400a000 Exception <a 'java/security/PrivilegedActionException'> (0x0000000771f6f800) thrown at [/HUDSON/workspace/8-2-build-linux-amd64/jdk8u20/1074/hotspot/src/share/vm/prims/jvm.cpp, line 1275]
Event: 137,792 Thread 0x00007f38f400a000 Exception <a 'java/security/PrivilegedActionException'> (0x0000000771f79e68) thrown at [/HUDSON/workspace/8-2-build-linux-amd64/jdk8u20/1074/hotspot/src/share/vm/prims/jvm.cpp, line 1275]
Event: 137,792 Thread 0x00007f38f400a000 Exception <a 'java/security/PrivilegedActionException'> (0x0000000771f7c970) thrown at [/HUDSON/workspace/8-2-build-linux-amd64/jdk8u20/1074/hotspot/src/share/vm/prims/jvm.cpp, line 1275]
Event: 137,793 Thread 0x00007f38f400a000 Exception <a 'java/security/PrivilegedActionException'> (0x0000000771f7fc90) thrown at [/HUDSON/workspace/8-2-build-linux-amd64/jdk8u20/1074/hotspot/src/share/vm/prims/jvm.cpp, line 1275]
Event: 137,794 Thread 0x00007f38f400a000 Exception <a 'java/security/PrivilegedActionException'> (0x0000000771f86ec0) thrown at [/HUDSON/workspace/8-2-build-linux-amd64/jdk8u20/1074/hotspot/src/share/vm/prims/jvm.cpp, line 1275]
Event: 137,795 Thread 0x00007f38f400a000 Exception <a 'java/security/PrivilegedActionException'> (0x0000000771f8a830) thrown at [/HUDSON/workspace/8-2-build-linux-amd64/jdk8u20/1074/hotspot/src/share/vm/prims/jvm.cpp, line 1275]
Event: 137,795 Thread 0x00007f38f400a000 Exception <a 'java/security/PrivilegedActionException'> (0x0000000771f8dae0) thrown at [/HUDSON/workspace/8-2-build-linux-amd64/jdk8u20/1074/hotspot/src/share/vm/prims/jvm.cpp, line 1275]

Events (10 events):
Event: 79723,233 Thread 0x00007f38f400a000 DEOPT UNPACKING pc=0x00007f3961047373 sp=0x00007f3937efd0b8 mode 1
Event: 79723,233 Thread 0x00007f38f400a000 DEOPT PACKING pc=0x00007f3961c43230 sp=0x00007f3937efd270
Event: 79723,233 Thread 0x00007f38f400a000 DEOPT UNPACKING pc=0x00007f3961047373 sp=0x00007f3937efcf48 mode 1
Event: 79723,234 Thread 0x00007f38f400a000 DEOPT PACKING pc=0x00007f3961c43230 sp=0x00007f3937efd260
Event: 79723,234 Thread 0x00007f38f400a000 DEOPT UNPACKING pc=0x00007f3961047373 sp=0x00007f3937efcf38 mode 1
Event: 79723,235 Executing VM operation: RevokeBias
Event: 79723,235 Executing VM operation: RevokeBias done
Event: 79723,235 Thread 0x00007f38f400a000 Thread exited: 0x00007f38f400a000
Event: 79725,282 Executing VM operation: RedefineClasses
Event: 79725,309 Executing VM operation: RedefineClasses done


Dynamic libraries:
00400000-00401000 r-xp 00000000 fc:01 1966436                            /home/boggi/Downloads/jdk1.8.0_20/bin/java
00600000-00601000 rw-p 00000000 fc:01 1966436                            /home/boggi/Downloads/jdk1.8.0_20/bin/java
01323000-01344000 rw-p 00000000 00:00 0                                  [heap]
6c7200000-6d1e80000 rw-p 00000000 00:00 0 
6d1e80000-76d100000 ---p 00000000 00:00 0 
76d100000-78b500000 rw-p 00000000 00:00 0 
78b500000-7c0000000 ---p 00000000 00:00 0 
7c0000000-7c02ac000 rw-p 00000000 00:00 0 
7c02ac000-800000000 ---p 00000000 00:00 0 
7f38d8000000-7f38d8021000 rw-p 00000000 00:00 0 
7f38d8021000-7f38dc000000 ---p 00000000 00:00 0 
7f38e0000000-7f38e01a6000 rw-p 00000000 00:00 0 
7f38e01a6000-7f38e4000000 ---p 00000000 00:00 0 
7f38e4000000-7f38e4021000 rw-p 00000000 00:00 0 
7f38e4021000-7f38e8000000 ---p 00000000 00:00 0 
7f38e8000000-7f38e812c000 rw-p 00000000 00:00 0 
7f38e812c000-7f38ec000000 ---p 00000000 00:00 0 
7f38ec000000-7f38ec27d000 rw-p 00000000 00:00 0 
7f38ec27d000-7f38f0000000 ---p 00000000 00:00 0 
7f38f0000000-7f38f0021000 rw-p 00000000 00:00 0 
7f38f0021000-7f38f4000000 ---p 00000000 00:00 0 
7f38f4000000-7f38f4021000 rw-p 00000000 00:00 0 
7f38f4021000-7f38f8000000 ---p 00000000 00:00 0 
7f38f8000000-7f38f8021000 rw-p 00000000 00:00 0 
7f38f8021000-7f38fc000000 ---p 00000000 00:00 0 
7f38fc000000-7f38fc021000 rw-p 00000000 00:00 0 
7f38fc021000-7f3900000000 ---p 00000000 00:00 0 
7f3900000000-7f3900021000 rw-p 00000000 00:00 0 
7f3900021000-7f3904000000 ---p 00000000 00:00 0 
7f3904000000-7f3904021000 rw-p 00000000 00:00 0 
7f3904021000-7f3908000000 ---p 00000000 00:00 0 
7f3908000000-7f390803e000 rw-p 00000000 00:00 0 
7f390803e000-7f390c000000 ---p 00000000 00:00 0 
7f390c000000-7f390c021000 rw-p 00000000 00:00 0 
7f390c021000-7f3910000000 ---p 00000000 00:00 0 
7f3910000000-7f3910021000 rw-p 00000000 00:00 0 
7f3910021000-7f3914000000 ---p 00000000 00:00 0 
7f3914000000-7f3914021000 rw-p 00000000 00:00 0 
7f3914021000-7f3918000000 ---p 00000000 00:00 0 
7f3918000000-7f3919691000 rw-p 00000000 00:00 0 
7f3919691000-7f391c000000 ---p 00000000 00:00 0 
7f391c000000-7f391cb55000 rw-p 00000000 00:00 0 
7f391cb55000-7f3920000000 ---p 00000000 00:00 0 
7f3920000000-7f3920021000 rw-p 00000000 00:00 0 
7f3920021000-7f3924000000 ---p 00000000 00:00 0 
7f3924000000-7f3925f50000 rw-p 00000000 00:00 0 
7f3925f50000-7f3928000000 ---p 00000000 00:00 0 
7f3928000000-7f39282a9000 rw-p 00000000 00:00 0 
7f39282a9000-7f392c000000 ---p 00000000 00:00 0 
7f392c000000-7f392c059000 rw-p 00000000 00:00 0 
7f392c059000-7f3930000000 ---p 00000000 00:00 0 
7f3930000000-7f3930021000 rw-p 00000000 00:00 0 
7f3930021000-7f3934000000 ---p 00000000 00:00 0 
7f39379fc000-7f3937abc000 rw-p 00000000 00:00 0 
7f3937abc000-7f3937bfc000 ---p 00000000 00:00 0 
7f3937bfc000-7f3937bff000 ---p 00000000 00:00 0 
7f3937bff000-7f3937cfd000 rw-p 00000000 00:00 0                          [stack:2082]
7f3937cfd000-7f3937d00000 ---p 00000000 00:00 0 
7f3937d00000-7f3937dfe000 rw-p 00000000 00:00 0                          [stack:2047]
7f3937dfe000-7f3937e01000 ---p 00000000 00:00 0 
7f3937e01000-7f3937eff000 rw-p 00000000 00:00 0 
7f3937eff000-7f3937f02000 ---p 00000000 00:00 0 
7f3937f02000-7f3938000000 rw-p 00000000 00:00 0                          [stack:2041]
7f3938000000-7f3938021000 rw-p 00000000 00:00 0 
7f3938021000-7f393c000000 ---p 00000000 00:00 0 
7f393c000000-7f393c021000 rw-p 00000000 00:00 0 
7f393c021000-7f3940000000 ---p 00000000 00:00 0 
7f3940000000-7f39401f4000 rw-p 00000000 00:00 0 
7f39401f4000-7f3944000000 ---p 00000000 00:00 0 
7f394408f000-7f394428f000 rw-p 00000000 00:00 0 
7f394428f000-7f3944292000 ---p 00000000 00:00 0 
7f3944292000-7f394c000000 rw-p 00000000 00:00 0 
7f394c000000-7f394c021000 rw-p 00000000 00:00 0 
7f394c021000-7f3950000000 ---p 00000000 00:00 0 
7f3950000000-7f3950021000 rw-p 00000000 00:00 0 
7f3950021000-7f3954000000 ---p 00000000 00:00 0 
7f3954000000-7f3954021000 rw-p 00000000 00:00 0 
7f3954021000-7f3958000000 ---p 00000000 00:00 0 
7f3958049000-7f395804b000 rw-p 00000000 00:00 0 
7f395804b000-7f395804e000 ---p 00000000 00:00 0 
7f395804e000-7f395814c000 rw-p 00000000 00:00 0                          [stack:2039]
7f395814c000-7f395814f000 ---p 00000000 00:00 0 
7f395814f000-7f395824d000 rw-p 00000000 00:00 0                          [stack:2038]
7f395824d000-7f3958252000 r--s 00092000 fc:01 1967943                    /home/boggi/Downloads/jdk1.8.0_20/jre/lib/jsse.jar
7f3958252000-7f3958255000 ---p 00000000 00:00 0 
7f3958255000-7f3958353000 rw-p 00000000 00:00 0                          [stack:2037]
7f3958353000-7f3958356000 ---p 00000000 00:00 0 
7f3958356000-7f3958454000 rw-p 00000000 00:00 0                          [stack:2036]
7f3958454000-7f3958457000 ---p 00000000 00:00 0 
7f3958457000-7f3958555000 rw-p 00000000 00:00 0                          [stack:2035]
7f3958555000-7f3958558000 ---p 00000000 00:00 0 
7f3958558000-7f3958856000 rw-p 00000000 00:00 0                          [stack:2034]
7f3958856000-7f3958a56000 rw-p 00000000 00:00 0 
7f3958a56000-7f3958a59000 ---p 00000000 00:00 0 
7f3958a59000-7f3958b57000 rw-p 00000000 00:00 0                          [stack:2031]
7f3958b57000-7f3958b5a000 ---p 00000000 00:00 0 
7f3958b5a000-7f3958c58000 rw-p 00000000 00:00 0                          [stack:2030]
7f3958c58000-7f3958c69000 r-xp 00000000 fc:01 1968095                    /home/boggi/Downloads/jdk1.8.0_20/jre/lib/amd64/libnio.so
7f3958c69000-7f3958e68000 ---p 00011000 fc:01 1968095                    /home/boggi/Downloads/jdk1.8.0_20/jre/lib/amd64/libnio.so
7f3958e68000-7f3958e69000 rw-p 00010000 fc:01 1968095                    /home/boggi/Downloads/jdk1.8.0_20/jre/lib/amd64/libnio.so
7f3958e69000-7f3959069000 rw-p 00000000 00:00 0 
7f3959069000-7f3959071000 r-xp 00000000 fc:01 1968100                    /home/boggi/Downloads/jdk1.8.0_20/jre/lib/amd64/libmanagement.so
7f3959071000-7f3959271000 ---p 00008000 fc:01 1968100                    /home/boggi/Downloads/jdk1.8.0_20/jre/lib/amd64/libmanagement.so
7f3959271000-7f3959272000 rw-p 00008000 fc:01 1968100                    /home/boggi/Downloads/jdk1.8.0_20/jre/lib/amd64/libmanagement.so
7f3959272000-7f3959288000 r-xp 00000000 fc:01 1968092                    /home/boggi/Downloads/jdk1.8.0_20/jre/lib/amd64/libnet.so
7f3959288000-7f3959488000 ---p 00016000 fc:01 1968092                    /home/boggi/Downloads/jdk1.8.0_20/jre/lib/amd64/libnet.so
7f3959488000-7f3959489000 rw-p 00016000 fc:01 1968092                    /home/boggi/Downloads/jdk1.8.0_20/jre/lib/amd64/libnet.so
7f3959489000-7f3959689000 rw-p 00000000 00:00 0 
7f3959689000-7f3959889000 rw-p 00000000 00:00 0 
7f3959889000-7f3959893000 r--s 00116000 fc:01 1967953                    /home/boggi/Downloads/jdk1.8.0_20/jre/lib/ext/localedata.jar
7f3959893000-7f39598af000 r--s 00393000 fc:01 1967947                    /home/boggi/Downloads/jdk1.8.0_20/jre/lib/ext/cldrdata.jar
7f39598af000-7f39598b2000 r--s 0001d000 fc:01 2359408                    /home/boggi/projects/core20/com.getshop.core/lib/batik-util.jar
7f39598b2000-7f39598b7000 r--s 00010000 fc:01 2359400                    /home/boggi/projects/core20/com.getshop.core/lib/xml-apis-ext.jar
7f39598b7000-7f39598ba000 r--s 00011000 fc:01 2359411                    /home/boggi/projects/core20/com.getshop.core/lib/commons-discovery-0.5.jar
7f39598ba000-7f39598be000 r--s 0002a000 fc:01 2359415                    /home/boggi/projects/core20/com.getshop.core/lib/wsdl4j-1.6.3.jar
7f39598be000-7f39598c1000 r--s 0001c000 fc:01 2359423                    /home/boggi/projects/core20/com.getshop.core/lib/nekohtml.jar
7f39598c1000-7f39598c9000 r--s 00045000 fc:01 2359394                    /home/boggi/projects/core20/com.getshop.core/lib/batik-css.jar
7f39598c9000-7f39598d2000 r--s 0002d000 fc:01 2359417                    /home/boggi/projects/core20/com.getshop.core/lib/xml-apis.jar
7f39598d2000-7f39598d4000 r--s 00000000 fc:01 2359424                    /home/boggi/projects/core20/com.getshop.core/lib/aopalliance-1.0.jar
7f39598d4000-7f39598d8000 r--s 00039000 fc:01 2359396                    /home/boggi/projects/core20/com.getshop.core/lib/spring-expression-4.1.0.RELEASE.jar
7f39598d8000-7f39598e1000 r--s 0004f000 fc:01 2359399                    /home/boggi/projects/core20/com.getshop.core/lib/spring-aop-4.1.0.RELEASE.jar
7f39598e1000-7f39598e3000 r--s 0000e000 fc:01 2359409                    /home/boggi/projects/core20/com.getshop.core/lib/commons-logging-1.2.jar
7f39598e3000-7f39598e8000 r--s 0002c000 fc:01 2359418                    /home/boggi/projects/core20/com.getshop.core/lib/commons-net-2.0.jar
7f39598e8000-7f3959901000 r--s 00135000 fc:01 2359401                    /home/boggi/projects/core20/com.getshop.core/lib/xercesImpl.jar
7f3959901000-7f3959903000 r--s 00001000 fc:01 2359397                    /home/boggi/projects/core20/com.getshop.core/lib/google-http-client-gson-1.18.0-rc.jar
7f3959903000-7f3959908000 r--s 0002e000 fc:01 2360564                    /home/boggi/projects/core20/com.getshop.messages/dist/lib/gson-2.3.jar
7f3959908000-7f395990f000 r--s 00048000 fc:01 2360411                    /home/boggi/projects/core20/com.getshop.messages/dist/lib/morphia-0.108.jar
7f395990f000-7f3959915000 r--s 0002b000 fc:01 2360127                    /home/boggi/projects/core20/com.getshop.messages/dist/com.thundashop.messages.jar
7f3959915000-7f395991c000 r--s 0003c000 fc:01 2359405                    /home/boggi/projects/core20/com.getshop.core/lib/google-http-client-1.18.0-rc.jar
7f395991c000-7f3959930000 r--s 00173000 fc:01 2359393                    /home/boggi/projects/core20/com.getshop.core/lib/axis.jar
7f3959930000-7f3959934000 r--s 00022000 fc:01 2359425                    /home/boggi/projects/core20/com.getshop.core/lib/javapns-jdk16-2.2.1.jar
7f3959934000-7f395993b000 r--s 00078000 fc:01 2359412                    /home/boggi/projects/core20/com.getshop.core/lib/mail-1.5.0-b01.jar
7f395993b000-7f3959947000 r--s 00085000 fc:01 2359398                    /home/boggi/projects/core20/com.getshop.core/lib/httpclient-4.3.5.jar
7f3959947000-7f3959950000 r--s 0006f000 fc:01 2359422                    /home/boggi/projects/core20/com.getshop.core/lib/log4j-1.2.17.jar
7f3959950000-7f395995b000 r--s 00086000 fc:01 2359395                    /home/boggi/projects/core20/com.getshop.core/lib/mongo-java-driver-2.12.3.jar
7f395995b000-7f3959970000 r--s 000e1000 fc:01 2359403                    /home/boggi/projects/core20/com.getshop.core/lib/spring-core-4.1.0.RELEASE.jar
7f3959970000-7f3959988000 r--s 000e2000 fc:01 2359416                    /home/boggi/projects/core20/com.getshop.core/lib/spring-context-4.1.0.RELEASE.jar
7f3959988000-7f3959989000 ---p 00000000 00:00 0 
7f3959989000-7f3959a89000 rw-p 00000000 00:00 0                          [stack:2029]
7f3959a89000-7f3959a8c000 ---p 00000000 00:00 0 
7f3959a8c000-7f3959b8a000 rw-p 00000000 00:00 0                          [stack:2028]
7f3959b8a000-7f3959b8d000 ---p 00000000 00:00 0 
7f3959b8d000-7f3959c8b000 rw-p 00000000 00:00 0                          [stack:2027]
7f3959c8b000-7f3959c8e000 ---p 00000000 00:00 0 
7f3959c8e000-7f3959d8c000 rw-p 00000000 00:00 0                          [stack:2026]
7f3959d8c000-7f3959d8f000 ---p 00000000 00:00 0 
7f3959d8f000-7f3959e8d000 rw-p 00000000 00:00 0                          [stack:2025]
7f3959e8d000-7f3959e90000 ---p 00000000 00:00 0 
7f3959e90000-7f3959f8e000 rw-p 00000000 00:00 0                          [stack:2021]
7f3959f8e000-7f3959f91000 ---p 00000000 00:00 0 
7f3959f91000-7f395a08f000 rw-p 00000000 00:00 0                          [stack:2020]
7f395a08f000-7f395a092000 ---p 00000000 00:00 0 
7f395a092000-7f395a190000 rw-p 00000000 00:00 0                          [stack:2019]
7f395a190000-7f395a194000 r-xp 00000000 fc:01 1968061                    /home/boggi/Downloads/jdk1.8.0_20/jre/lib/amd64/libdt_socket.so
7f395a194000-7f395a393000 ---p 00004000 fc:01 1968061                    /home/boggi/Downloads/jdk1.8.0_20/jre/lib/amd64/libdt_socket.so
7f395a393000-7f395a394000 rw-p 00003000 fc:01 1968061                    /home/boggi/Downloads/jdk1.8.0_20/jre/lib/amd64/libdt_socket.so
7f395a394000-7f395a397000 ---p 00000000 00:00 0 
7f395a397000-7f395a495000 rw-p 00000000 00:00 0                          [stack:2016]
7f395a495000-7f395a498000 ---p 00000000 00:00 0 
7f395a498000-7f395a596000 rw-p 00000000 00:00 0                          [stack:2015]
7f395a596000-7f395a599000 ---p 00000000 00:00 0 
7f395a599000-7f395a697000 rw-p 00000000 00:00 0                          [stack:2014]
7f395a697000-7f395a698000 ---p 00000000 00:00 0 
7f395a698000-7f395b62a000 rw-p 00000000 00:00 0                          [stack:2013]
7f395b62a000-7f395b800000 r--s 03ca8000 fc:01 1967894                    /home/boggi/Downloads/jdk1.8.0_20/jre/lib/rt.jar
7f395b800000-7f395c000000 rw-p 00000000 00:00 0 
7f395c000000-7f395c021000 rw-p 00000000 00:00 0 
7f395c021000-7f3960000000 ---p 00000000 00:00 0 
7f3960000000-7f3960006000 r--s 0003f000 fc:01 2359414                    /home/boggi/projects/core20/com.getshop.core/lib/httpcore-4.3.2.jar
7f3960006000-7f39608ce000 rw-p 00000000 00:00 0 
7f39608ce000-7f39608cf000 ---p 00000000 00:00 0 
7f39608cf000-7f39609cf000 rw-p 00000000 00:00 0                          [stack:2011]
7f39609cf000-7f39609d0000 ---p 00000000 00:00 0 
7f39609d0000-7f3960b27000 rw-p 00000000 00:00 0                          [stack:2010]
7f3960b27000-7f3961000000 ---p 00000000 00:00 0 
7f3961000000-7f3961f80000 rwxp 00000000 00:00 0 
7f3961f80000-7f3970000000 ---p 00000000 00:00 0 
7f3970000000-7f3970f18000 rw-p 00000000 00:00 0 
7f3970f18000-7f3974000000 ---p 00000000 00:00 0 
7f3974000000-7f3974001000 rw-p 00000000 00:00 0 
7f3974001000-7f3974003000 r--s 00014000 fc:01 2359426                    /home/boggi/projects/core20/com.getshop.core/lib/java_websocket.jar
7f3974003000-7f3974006000 r--s 00014000 fc:01 2359410                    /home/boggi/projects/core20/com.getshop.core/lib/antisamy-1.5.3.jar
7f3974006000-7f3974013000 r--s 0009f000 fc:01 2359419                    /home/boggi/projects/core20/com.getshop.core/lib/spring-beans-4.1.0.RELEASE.jar
7f3974013000-7f39740f9000 rw-p 00000000 00:00 0 
7f39740f9000-7f39740fa000 ---p 00000000 00:00 0 
7f39740fa000-7f39741fa000 rw-p 00000000 00:00 0                          [stack:2009]
7f39741fa000-7f39741fb000 ---p 00000000 00:00 0 
7f39741fb000-7f3974352000 rw-p 00000000 00:00 0                          [stack:2008]
7f3974352000-7f397482a000 ---p 00000000 00:00 0 
7f397482a000-7f397491d000 rw-p 00000000 00:00 0 
7f397491d000-7f3974ac2000 ---p 00000000 00:00 0 
7f3974ac2000-7f3974b01000 rw-p 00000000 00:00 0 
7f3974b01000-7f3974e83000 ---p 00000000 00:00 0 
7f3974e83000-7f3974e9d000 r-xp 00000000 fc:01 1968088                    /home/boggi/Downloads/jdk1.8.0_20/jre/lib/amd64/libzip.so
7f3974e9d000-7f397509d000 ---p 0001a000 fc:01 1968088                    /home/boggi/Downloads/jdk1.8.0_20/jre/lib/amd64/libzip.so
7f397509d000-7f397509e000 rw-p 0001a000 fc:01 1968088                    /home/boggi/Downloads/jdk1.8.0_20/jre/lib/amd64/libzip.so
7f397509e000-7f39750a9000 r-xp 00000000 fc:01 3151937                    /lib/x86_64-linux-gnu/libnss_files-2.19.so
7f39750a9000-7f39752a8000 ---p 0000b000 fc:01 3151937                    /lib/x86_64-linux-gnu/libnss_files-2.19.so
7f39752a8000-7f39752a9000 r--p 0000a000 fc:01 3151937                    /lib/x86_64-linux-gnu/libnss_files-2.19.so
7f39752a9000-7f39752aa000 rw-p 0000b000 fc:01 3151937                    /lib/x86_64-linux-gnu/libnss_files-2.19.so
7f39752aa000-7f39752b5000 r-xp 00000000 fc:01 3151938                    /lib/x86_64-linux-gnu/libnss_nis-2.19.so
7f39752b5000-7f39754b4000 ---p 0000b000 fc:01 3151938                    /lib/x86_64-linux-gnu/libnss_nis-2.19.so
7f39754b4000-7f39754b5000 r--p 0000a000 fc:01 3151938                    /lib/x86_64-linux-gnu/libnss_nis-2.19.so
7f39754b5000-7f39754b6000 rw-p 0000b000 fc:01 3151938                    /lib/x86_64-linux-gnu/libnss_nis-2.19.so
7f39754b6000-7f39754cd000 r-xp 00000000 fc:01 3149688                    /lib/x86_64-linux-gnu/libnsl-2.19.so
7f39754cd000-7f39756cc000 ---p 00017000 fc:01 3149688                    /lib/x86_64-linux-gnu/libnsl-2.19.so
7f39756cc000-7f39756cd000 r--p 00016000 fc:01 3149688                    /lib/x86_64-linux-gnu/libnsl-2.19.so
7f39756cd000-7f39756ce000 rw-p 00017000 fc:01 3149688                    /lib/x86_64-linux-gnu/libnsl-2.19.so
7f39756ce000-7f39756d0000 rw-p 00000000 00:00 0 
7f39756d0000-7f39756d9000 r-xp 00000000 fc:01 3145743                    /lib/x86_64-linux-gnu/libnss_compat-2.19.so
7f39756d9000-7f39758d8000 ---p 00009000 fc:01 3145743                    /lib/x86_64-linux-gnu/libnss_compat-2.19.so
7f39758d8000-7f39758d9000 r--p 00008000 fc:01 3145743                    /lib/x86_64-linux-gnu/libnss_compat-2.19.so
7f39758d9000-7f39758da000 rw-p 00009000 fc:01 3145743                    /lib/x86_64-linux-gnu/libnss_compat-2.19.so
7f39758da000-7f39760ed000 r--p 00000000 fc:01 3413361                    /usr/lib/locale/locale-archive
7f39760ed000-7f39760ef000 r-xp 00000000 fc:01 1968062                    /home/boggi/Downloads/jdk1.8.0_20/jre/lib/amd64/libnpt.so
7f39760ef000-7f39762ef000 ---p 00002000 fc:01 1968062                    /home/boggi/Downloads/jdk1.8.0_20/jre/lib/amd64/libnpt.so
7f39762ef000-7f39762f0000 rw-p 00002000 fc:01 1968062                    /home/boggi/Downloads/jdk1.8.0_20/jre/lib/amd64/libnpt.so
7f39762f0000-7f3976329000 r-xp 00000000 fc:01 1968079                    /home/boggi/Downloads/jdk1.8.0_20/jre/lib/amd64/libjdwp.so
7f3976329000-7f3976528000 ---p 00039000 fc:01 1968079                    /home/boggi/Downloads/jdk1.8.0_20/jre/lib/amd64/libjdwp.so
7f3976528000-7f397652a000 rw-p 00038000 fc:01 1968079                    /home/boggi/Downloads/jdk1.8.0_20/jre/lib/amd64/libjdwp.so
7f397652a000-7f3976554000 r-xp 00000000 fc:01 1968083                    /home/boggi/Downloads/jdk1.8.0_20/jre/lib/amd64/libjava.so
7f3976554000-7f3976754000 ---p 0002a000 fc:01 1968083                    /home/boggi/Downloads/jdk1.8.0_20/jre/lib/amd64/libjava.so
7f3976754000-7f3976756000 rw-p 0002a000 fc:01 1968083                    /home/boggi/Downloads/jdk1.8.0_20/jre/lib/amd64/libjava.so
7f3976756000-7f3976763000 r-xp 00000000 fc:01 1968087                    /home/boggi/Downloads/jdk1.8.0_20/jre/lib/amd64/libverify.so
7f3976763000-7f3976963000 ---p 0000d000 fc:01 1968087                    /home/boggi/Downloads/jdk1.8.0_20/jre/lib/amd64/libverify.so
7f3976963000-7f3976965000 rw-p 0000d000 fc:01 1968087                    /home/boggi/Downloads/jdk1.8.0_20/jre/lib/amd64/libverify.so
7f3976965000-7f397696c000 r-xp 00000000 fc:01 3151926                    /lib/x86_64-linux-gnu/librt-2.19.so
7f397696c000-7f3976b6b000 ---p 00007000 fc:01 3151926                    /lib/x86_64-linux-gnu/librt-2.19.so
7f3976b6b000-7f3976b6c000 r--p 00006000 fc:01 3151926                    /lib/x86_64-linux-gnu/librt-2.19.so
7f3976b6c000-7f3976b6d000 rw-p 00007000 fc:01 3151926                    /lib/x86_64-linux-gnu/librt-2.19.so
7f3976b6d000-7f3976c72000 r-xp 00000000 fc:01 3151933                    /lib/x86_64-linux-gnu/libm-2.19.so
7f3976c72000-7f3976e71000 ---p 00105000 fc:01 3151933                    /lib/x86_64-linux-gnu/libm-2.19.so
7f3976e71000-7f3976e72000 r--p 00104000 fc:01 3151933                    /lib/x86_64-linux-gnu/libm-2.19.so
7f3976e72000-7f3976e73000 rw-p 00105000 fc:01 3151933                    /lib/x86_64-linux-gnu/libm-2.19.so
7f3976e73000-7f3977add000 r-xp 00000000 fc:01 1968069                    /home/boggi/Downloads/jdk1.8.0_20/jre/lib/amd64/server/libjvm.so
7f3977add000-7f3977cdc000 ---p 00c6a000 fc:01 1968069                    /home/boggi/Downloads/jdk1.8.0_20/jre/lib/amd64/server/libjvm.so
7f3977cdc000-7f3977db3000 rw-p 00c69000 fc:01 1968069                    /home/boggi/Downloads/jdk1.8.0_20/jre/lib/amd64/server/libjvm.so
7f3977db3000-7f3977df5000 rw-p 00000000 00:00 0 
7f3977df5000-7f3977fb0000 r-xp 00000000 fc:01 3151930                    /lib/x86_64-linux-gnu/libc-2.19.so
7f3977fb0000-7f39781b0000 ---p 001bb000 fc:01 3151930                    /lib/x86_64-linux-gnu/libc-2.19.so
7f39781b0000-7f39781b4000 r--p 001bb000 fc:01 3151930                    /lib/x86_64-linux-gnu/libc-2.19.so
7f39781b4000-7f39781b6000 rw-p 001bf000 fc:01 3151930                    /lib/x86_64-linux-gnu/libc-2.19.so
7f39781b6000-7f39781bb000 rw-p 00000000 00:00 0 
7f39781bb000-7f39781be000 r-xp 00000000 fc:01 3151942                    /lib/x86_64-linux-gnu/libdl-2.19.so
7f39781be000-7f39783bd000 ---p 00003000 fc:01 3151942                    /lib/x86_64-linux-gnu/libdl-2.19.so
7f39783bd000-7f39783be000 r--p 00002000 fc:01 3151942                    /lib/x86_64-linux-gnu/libdl-2.19.so
7f39783be000-7f39783bf000 rw-p 00003000 fc:01 3151942                    /lib/x86_64-linux-gnu/libdl-2.19.so
7f39783bf000-7f39783d4000 r-xp 00000000 fc:01 1967710                    /home/boggi/Downloads/jdk1.8.0_20/lib/amd64/jli/libjli.so
7f39783d4000-7f39785d3000 ---p 00015000 fc:01 1967710                    /home/boggi/Downloads/jdk1.8.0_20/lib/amd64/jli/libjli.so
7f39785d3000-7f39785d4000 rw-p 00014000 fc:01 1967710                    /home/boggi/Downloads/jdk1.8.0_20/lib/amd64/jli/libjli.so
7f39785d4000-7f39785ed000 r-xp 00000000 fc:01 3151943                    /lib/x86_64-linux-gnu/libpthread-2.19.so
7f39785ed000-7f39787ec000 ---p 00019000 fc:01 3151943                    /lib/x86_64-linux-gnu/libpthread-2.19.so
7f39787ec000-7f39787ed000 r--p 00018000 fc:01 3151943                    /lib/x86_64-linux-gnu/libpthread-2.19.so
7f39787ed000-7f39787ee000 rw-p 00019000 fc:01 3151943                    /lib/x86_64-linux-gnu/libpthread-2.19.so
7f39787ee000-7f39787f2000 rw-p 00000000 00:00 0 
7f39787f2000-7f3978815000 r-xp 00000000 fc:01 3151931                    /lib/x86_64-linux-gnu/ld-2.19.so
7f3978815000-7f3978817000 r--s 00008000 fc:01 2359392                    /home/boggi/projects/core20/com.getshop.core/lib/httpmime-4.3.5.jar
7f3978817000-7f3978819000 r--s 00004000 fc:01 2359404                    /home/boggi/projects/core20/com.getshop.core/lib/gcm-server-1.0.2.jar
7f3978819000-7f397881b000 r--s 00006000 fc:01 2359421                    /home/boggi/projects/core20/com.getshop.core/lib/jaxrpc.jar
7f397881b000-7f3978820000 r--s 0002e000 fc:01 2359420                    /home/boggi/projects/core20/com.getshop.core/lib/gson-2.3.jar
7f3978820000-7f39788f1000 rw-p 00000000 00:00 0 
7f39788f1000-7f39788f4000 ---p 00000000 00:00 0 
7f39788f4000-7f39789f6000 rw-p 00000000 00:00 0                          [stack:2007]
7f39789f6000-7f39789fd000 r--s 00048000 fc:01 2359413                    /home/boggi/projects/core20/com.getshop.core/lib/morphia-0.108.jar
7f39789fd000-7f3978a01000 r--s 00025000 fc:01 2359406                    /home/boggi/projects/core20/com.getshop.core/lib/google-api-client-1.18.0-rc.jar
7f3978a01000-7f3978a08000 r--s 0002f000 fc:01 2359407                    /home/boggi/projects/core20/com.getshop.core/lib/google-api-services-youtube-v3-rev117-1.19.0.jar
7f3978a08000-7f3978a10000 rw-s 00000000 fc:01 2228278                    /tmp/hsperfdata_boggi/2004
7f3978a10000-7f3978a11000 rw-p 00000000 00:00 0 
7f3978a11000-7f3978a12000 r--p 00000000 00:00 0 
7f3978a12000-7f3978a14000 rw-p 00000000 00:00 0 
7f3978a14000-7f3978a15000 r--p 00022000 fc:01 3151931                    /lib/x86_64-linux-gnu/ld-2.19.so
7f3978a15000-7f3978a16000 rw-p 00023000 fc:01 3151931                    /lib/x86_64-linux-gnu/ld-2.19.so
7f3978a16000-7f3978a17000 rw-p 00000000 00:00 0 
7fff3127f000-7fff312a1000 rw-p 00000000 00:00 0                          [stack]
7fff31303000-7fff31305000 r-xp 00000000 00:00 0                          [vdso]
ffffffffff600000-ffffffffff601000 r-xp 00000000 00:00 0                  [vsyscall]

VM Arguments:
jvm_args: -Xdebug -Xrunjdwp:transport=dt_socket,address=localhost:37383 -Dfile.encoding=UTF-8 
java_command: com.thundashop.core.start.Runner
java_class_path (initial): /home/boggi/projects/core20/com.getshop.core/lib/spring-context-4.1.0.RELEASE.jar:/home/boggi/projects/core20/com.getshop.core/lib/spring-core-4.1.0.RELEASE.jar:/home/boggi/projects/core20/com.getshop.core/lib/google-api-services-youtube-v3-rev117-1.19.0.jar:/home/boggi/projects/core20/com.getshop.core/lib/google-api-client-1.18.0-rc.jar:/home/boggi/projects/core20/com.getshop.core/lib/spring-beans-4.1.0.RELEASE.jar:/home/boggi/projects/core20/com.getshop.core/lib/morphia-0.108.jar:/home/boggi/projects/core20/com.getshop.core/lib/gson-2.3.jar:/home/boggi/projects/core20/com.getshop.core/lib/jaxrpc.jar:/home/boggi/projects/core20/com.getshop.core/lib/mongo-java-driver-2.12.3.jar:/home/boggi/projects/core20/com.getshop.core/lib/gcm-server-1.0.2.jar:/home/boggi/projects/core20/com.getshop.core/lib/antisamy-1.5.3.jar:/home/boggi/projects/core20/com.getshop.core/lib/log4j-1.2.17.jar:/home/boggi/projects/core20/com.getshop.core/lib/httpcore-4.3.2.jar:/home/boggi/projects/core20/com.getshop.core/lib/httpclient-4.3.5.jar:/home/boggi/projects/core20/com.getshop.core/lib/httpmime-4.3.5.jar:/home/boggi/projects/core20/com.getshop.core/lib/mail-1.5.0-b01.jar:/home/boggi/projects/core20/com.getshop.core/lib/javapns-jdk16-2.2.1.jar:/home/boggi/projects/core20/com.getshop.core/lib/axis.jar:/home/boggi/projects/core20/com.getshop.core/lib/java_websocket.jar:/home/boggi/projects/core20/com.getshop.core/lib/google-http-client-1.18.0-rc.jar:/home/boggi/projects/core20/com.getshop.messages/dist/com.thundashop.messages.jar:/home/boggi/projects/core20/com.getshop.core/lib/google-http-client-gson-1.18.0-rc.jar:/home/boggi/projects/core20/com.getshop.core/lib/xercesImpl.jar:/home/boggi/projects/core20/com.getshop.core/lib/commons-net-2.0.jar:/home/boggi/projects/core20/com.getshop.core/build/classes:/home/boggi/projects/core20/com.getshop.core/lib/commons-logging-1.2.jar:/home/boggi/projects/core20/com.getshop.core/lib/spring-aop-4.1.0.RELEASE.jar:/home/boggi/p
Launcher Type: SUN_STANDARD

Environment Variables:
PATH=/usr/local/sbin:/usr/local/bin:/usr/sbin:/usr/bin:/sbin:/bin:/usr/games:/usr/local/games
LD_LIBRARY_PATH=/usr/lib/jvm/java-7-openjdk-amd64/jre/lib/amd64:/usr/lib/jvm/java-7-openjdk-amd64/jre/lib/i386:/usr/lib32
SHELL=/bin/bash
DISPLAY=:0

Signal Handlers:
SIGSEGV: [libjvm.so+0xa77530], sa_mask[0]=11111111011111111101111111111110, sa_flags=SA_RESTART|SA_SIGINFO
SIGBUS: [libjvm.so+0xa77530], sa_mask[0]=11111111011111111101111111111110, sa_flags=SA_RESTART|SA_SIGINFO
SIGFPE: [libjvm.so+0x8e1d90], sa_mask[0]=11111111011111111101111111111110, sa_flags=SA_RESTART|SA_SIGINFO
SIGPIPE: [libjvm.so+0x8e1d90], sa_mask[0]=11111111011111111101111111111110, sa_flags=SA_RESTART|SA_SIGINFO
SIGXFSZ: [libjvm.so+0x8e1d90], sa_mask[0]=11111111011111111101111111111110, sa_flags=SA_RESTART|SA_SIGINFO
SIGILL: [libjvm.so+0x8e1d90], sa_mask[0]=11111111011111111101111111111110, sa_flags=SA_RESTART|SA_SIGINFO
SIGUSR1: SIG_DFL, sa_mask[0]=00000000000000000000000000000000, sa_flags=none
SIGUSR2: [libjvm.so+0x8e35c0], sa_mask[0]=00100000000000000000000000000000, sa_flags=SA_RESTART|SA_SIGINFO
SIGHUP: [libjvm.so+0x8e4980], sa_mask[0]=11111111011111111101111111111110, sa_flags=SA_RESTART|SA_SIGINFO
SIGINT: SIG_IGN, sa_mask[0]=00000000000000000000000000000000, sa_flags=none
SIGTERM: [libjvm.so+0x8e4980], sa_mask[0]=11111111011111111101111111111110, sa_flags=SA_RESTART|SA_SIGINFO
SIGQUIT: [libjvm.so+0x8e4980], sa_mask[0]=11111111011111111101111111111110, sa_flags=SA_RESTART|SA_SIGINFO


---------------  S Y S T E M  ---------------

OS:DISTRIB_ID=Ubuntu
DISTRIB_RELEASE=14.04
DISTRIB_CODENAME=trusty
DISTRIB_DESCRIPTION="Ubuntu 14.04.1 LTS"

uname:Linux 3.13.0-35-generic #62-Ubuntu SMP Fri Aug 15 01:58:42 UTC 2014 x86_64
libc:glibc 2.19 NPTL 2.19 
rlimit: STACK 8192k, CORE 0k, NPROC 125613, NOFILE 4096, AS infinity
load average:0,64 0,82 0,87

/proc/meminfo:
MemTotal:       16308516 kB
MemFree:          305816 kB
Buffers:           47684 kB
Cached:           855056 kB
SwapCached:       306836 kB
Active:          8508912 kB
Inactive:        2022604 kB
Active(anon):    8165020 kB
Inactive(anon):  1637356 kB
Active(file):     343892 kB
Inactive(file):   385248 kB
Unevictable:          68 kB
Mlocked:              68 kB
SwapTotal:      16650236 kB
SwapFree:       13479916 kB
Dirty:               352 kB
Writeback:             0 kB
AnonPages:       9401476 kB
Mapped:          5010692 kB
Shmem:            173484 kB
Slab:             322736 kB
SReclaimable:     198864 kB
SUnreclaim:       123872 kB
KernelStack:        7624 kB
PageTables:       110972 kB
NFS_Unstable:          0 kB
Bounce:                0 kB
WritebackTmp:          0 kB
CommitLimit:    24804492 kB
Committed_AS:   19529912 kB
VmallocTotal:   34359738367 kB
VmallocUsed:      398728 kB
VmallocChunk:   34359333228 kB
HardwareCorrupted:     0 kB
AnonHugePages:   5392384 kB
HugePages_Total:       0
HugePages_Free:        0
HugePages_Rsvd:        0
HugePages_Surp:        0
Hugepagesize:       2048 kB
DirectMap4k:     1320616 kB
DirectMap2M:    15331328 kB


CPU:total 4 (4 cores per cpu, 1 threads per core) family 6 model 42 stepping 7, cmov, cx8, fxsr, mmx, sse, sse2, sse3, ssse3, sse4.1, sse4.2, popcnt, avx, aes, clmul, tsc, tscinvbit

/proc/cpuinfo:
processor	: 0
vendor_id	: GenuineIntel
cpu family	: 6
model		: 42
model name	: Intel(R) Core(TM) i5-2320 CPU @ 3.00GHz
stepping	: 7
microcode	: 0x23
cpu MHz		: 3100.000
cache size	: 6144 KB
physical id	: 0
siblings	: 4
core id		: 0
cpu cores	: 4
apicid		: 0
initial apicid	: 0
fpu		: yes
fpu_exception	: yes
cpuid level	: 13
wp		: yes
flags		: fpu vme de pse tsc msr pae mce cx8 apic sep mtrr pge mca cmov pat pse36 clflush dts acpi mmx fxsr sse sse2 ss ht tm pbe syscall nx rdtscp lm constant_tsc arch_perfmon pebs bts rep_good nopl xtopology nonstop_tsc aperfmperf eagerfpu pni pclmulqdq dtes64 monitor ds_cpl vmx est tm2 ssse3 cx16 xtpr pdcm pcid sse4_1 sse4_2 popcnt tsc_deadline_timer aes xsave avx lahf_lm ida arat epb xsaveopt pln pts dtherm tpr_shadow vnmi flexpriority ept vpid
bogomips	: 5986.18
clflush size	: 64
cache_alignment	: 64
address sizes	: 36 bits physical, 48 bits virtual
power management:

processor	: 1
vendor_id	: GenuineIntel
cpu family	: 6
model		: 42
model name	: Intel(R) Core(TM) i5-2320 CPU @ 3.00GHz
stepping	: 7
microcode	: 0x23
cpu MHz		: 1600.000
cache size	: 6144 KB
physical id	: 0
siblings	: 4
core id		: 1
cpu cores	: 4
apicid		: 2
initial apicid	: 2
fpu		: yes
fpu_exception	: yes
cpuid level	: 13
wp		: yes
flags		: fpu vme de pse tsc msr pae mce cx8 apic sep mtrr pge mca cmov pat pse36 clflush dts acpi mmx fxsr sse sse2 ss ht tm pbe syscall nx rdtscp lm constant_tsc arch_perfmon pebs bts rep_good nopl xtopology nonstop_tsc aperfmperf eagerfpu pni pclmulqdq dtes64 monitor ds_cpl vmx est tm2 ssse3 cx16 xtpr pdcm pcid sse4_1 sse4_2 popcnt tsc_deadline_timer aes xsave avx lahf_lm ida arat epb xsaveopt pln pts dtherm tpr_shadow vnmi flexpriority ept vpid
bogomips	: 5986.18
clflush size	: 64
cache_alignment	: 64
address sizes	: 36 bits physical, 48 bits virtual
power management:

processor	: 2
vendor_id	: GenuineIntel
cpu family	: 6
model		: 42
model name	: Intel(R) Core(TM) i5-2320 CPU @ 3.00GHz
stepping	: 7
microcode	: 0x23
cpu MHz		: 2900.000
cache size	: 6144 KB
physical id	: 0
siblings	: 4
core id		: 2
cpu cores	: 4
apicid		: 4
initial apicid	: 4
fpu		: yes
fpu_exception	: yes
cpuid level	: 13
wp		: yes
flags		: fpu vme de pse tsc msr pae mce cx8 apic sep mtrr pge mca cmov pat pse36 clflush dts acpi mmx fxsr sse sse2 ss ht tm pbe syscall nx rdtscp lm constant_tsc arch_perfmon pebs bts rep_good nopl xtopology nonstop_tsc aperfmperf eagerfpu pni pclmulqdq dtes64 monitor ds_cpl vmx est tm2 ssse3 cx16 xtpr pdcm pcid sse4_1 sse4_2 popcnt tsc_deadline_timer aes xsave avx lahf_lm ida arat epb xsaveopt pln pts dtherm tpr_shadow vnmi flexpriority ept vpid
bogomips	: 5986.18
clflush size	: 64
cache_alignment	: 64
address sizes	: 36 bits physical, 48 bits virtual
power management:

processor	: 3
vendor_id	: GenuineIntel
cpu family	: 6
model		: 42
model name	: Intel(R) Core(TM) i5-2320 CPU @ 3.00GHz
stepping	: 7
microcode	: 0x23
cpu MHz		: 1600.000
cache size	: 6144 KB
physical id	: 0
siblings	: 4
core id		: 3
cpu cores	: 4
apicid		: 6
initial apicid	: 6
fpu		: yes
fpu_exception	: yes
cpuid level	: 13
wp		: yes
flags		: fpu vme de pse tsc msr pae mce cx8 apic sep mtrr pge mca cmov pat pse36 clflush dts acpi mmx fxsr sse sse2 ss ht tm pbe syscall nx rdtscp lm constant_tsc arch_perfmon pebs bts rep_good nopl xtopology nonstop_tsc aperfmperf eagerfpu pni pclmulqdq dtes64 monitor ds_cpl vmx est tm2 ssse3 cx16 xtpr pdcm pcid sse4_1 sse4_2 popcnt tsc_deadline_timer aes xsave avx lahf_lm ida arat epb xsaveopt pln pts dtherm tpr_shadow vnmi flexpriority ept vpid
bogomips	: 5986.18
clflush size	: 64
cache_alignment	: 64
address sizes	: 36 bits physical, 48 bits virtual
power management:



Memory: 4k page, physical 16308516k(305816k free), swap 16650236k(13479916k free)

vm_info: Java HotSpot(TM) 64-Bit Server VM (25.20-b23) for linux-amd64 JRE (1.8.0_20-b26), built on Jul 30 2014 13:13:52 by "java_re" with gcc 4.3.0 20080428 (Red Hat 4.3.0-8)

time: Tue Oct 21 19:17:17 2014
elapsed time: 79725 seconds (0d 22h 8m 45s)

