#
# A fatal error has been detected by the Java Runtime Environment:
#
#  SIGBUS (0x7) at pc=0x00007fc40586d7d2, pid=4594, tid=140479932589824
#
# JRE version: Java(TM) SE Runtime Environment (8.0_40-b25) (build 1.8.0_40-b25)
# Java VM: Java HotSpot(TM) 64-Bit Server VM (25.40-b25 mixed mode linux-amd64 compressed oops)
# Problematic frame:
# C  [libzip.so+0x117d2]  newEntry+0x62
#
# Failed to write core dump. Core dumps have been disabled. To enable core dumping, try "ulimit -c unlimited" before starting Java again
#
# If you would like to submit a bug report, please visit:
#   http://bugreport.java.com/bugreport/crash.jsp
# The crash happened outside the Java Virtual Machine in native code.
# See problematic frame for where to report the bug.
#

---------------  T H R E A D  ---------------

Current thread (0x00007fc40000b800):  JavaThread "main" [_thread_in_native, id=4598, stack(0x00007fc4086ae000,0x00007fc4087af000)]

siginfo: si_signo: 7 (SIGBUS), si_code: 2 (BUS_ADRERR), si_addr: 0x00007fc3d8031059

Registers:
RAX=0x00007fc40093d6e0, RBX=0x00007fc4001cb0a0, RCX=0x00007fc400000020, RDX=0x00007fc40093d6e0
RSP=0x00007fc4087a7e30, RBP=0x00007fc4087a7e80, RSI=0x0000000000100000, RDI=0x0000000000000003
R8 =0x0000000000000003, R9 =0x00007fc400000078, R10=0x00007fc3f1155598, R11=0x00007fc407d4ba01
R12=0x00007fc3d803103c, R13=0x00007fc40093d6e0, R14=0x0000000012fbd302, R15=0x00007fc4001c9d30
RIP=0x00007fc40586d7d2, EFLAGS=0x0000000000010206, CSGSFS=0x01a4000000000033, ERR=0x0000000000000004
  TRAPNO=0x000000000000000e

Top of Stack: (sp=0x00007fc4087a7e30)
0x00007fc4087a7e30:   0000000d010c0108 010200cd00000000
0x00007fc4087a7e40:   00000007c00007a8 00007fc4074c652e
0x00007fc4087a7e50:   00007fc40093d6e0 00007fc4001cb0a0
0x00007fc4087a7e60:   00007fc400938ba0 00007fc4001c9d30
0x00007fc4087a7e70:   0000000012fbd302 0000000000000033
0x00007fc4087a7e80:   00007fc4087a7ee0 00007fc40586df2f
0x00007fc4087a7e90:   00007fc40000b800 0128010100cf01ce
0x00007fc4087a7ea0:   00007fc4087a7f00 00007fc4087a7f34
0x00007fc4087a7eb0:   00007fc4087a7f32 00007fc4087a7f00
0x00007fc4087a7ec0:   0000000000000033 00007fc40000b9f8
0x00007fc4087a7ed0:   00007fc4087a8358 0000000000000001
0x00007fc4087a7ee0:   00007fc4087a8340 00007fc40585fd30
0x00007fc4087a7ef0:   000300200000000b 00007fc4001c9d30
0x00007fc4087a7f00:   676e6f6d2f67726f 70726f6d2f62646f
0x00007fc4087a7f10:   726575712f616968 6164696c61562f79
0x00007fc4087a7f20:   656378456e6f6974 6c632e6e6f697470
0x00007fc4087a7f30:   0000f70000737361 d1010100d3010200
0x00007fc4087a7f40:   000009010200d401 0000030005006200
0x00007fc4087a7f50:   a7010700c72c1700 2b2a597d00bb1100
0x00007fc4087a7f60:   a200b72c2bce00b6 000a0103000000b0
0x00007fc4087a7f70:   0200000100060000 00007fc407c3f749
0x00007fc4087a7f80:   00007fc4087a85a0 00007fc4087a8590
0x00007fc4087a7f90:   00007fc407c12029 00007fc407707f7a
0x00007fc4087a7fa0:   00007fc407707f78 00007fc407c0e4ea
0x00007fc4087a7fb0:   d6010100d5010200 000009010200d701
0x00007fc4087a7fc0:   000007000400f200 4ea100b62b2a4500
0x00007fc4087a7fd0:   d000b92c593100bb 2c043ad100b70001
0x00007fc4087a7fe0:   00007fc4087a8110 009900012a00b905
0x00007fc4087a7ff0:   00012b00b905191e 00007fc4087a80c0
0x00007fc4087a8000:   00021500b9d200b6 00b00419deffa757
0x00007fc4087a8010:   0000000001040000 00c6020000000000
0x00007fc4087a8020:   0000000000000000 00ca023f00000000 

Instructions: (pc=0x00007fc40586d7d2)
0x00007fc40586d7b2:   00 48 c7 40 28 00 00 00 00 41 80 7f 30 00 0f 84
0x00007fc40586d7c2:   8a 02 00 00 4c 8b 63 08 4d 2b 67 28 4d 03 67 18
0x00007fc40586d7d2:   41 0f b6 5c 24 1d 41 0f b6 44 24 1c c1 e3 08 09
0x00007fc40586d7e2:   c3 41 0f b6 44 24 1e 88 45 bd 41 0f b6 54 24 20 

Register to memory mapping:

RAX=0x00007fc40093d6e0 is an unknown value
RBX=0x00007fc4001cb0a0 is an unknown value
RCX=0x00007fc400000020 is an unknown value
RDX=0x00007fc40093d6e0 is an unknown value
RSP=0x00007fc4087a7e30 is pointing into the stack for thread: 0x00007fc40000b800
RBP=0x00007fc4087a7e80 is pointing into the stack for thread: 0x00007fc40000b800
RSI=0x0000000000100000 is an unknown value
RDI=0x0000000000000003 is an unknown value
R8 =0x0000000000000003 is an unknown value
R9 =0x00007fc400000078 is an unknown value
R10=0x00007fc3f1155598 is at entry_point+88 in (nmethod*)0x00007fc3f11553d0
R11=0x00007fc407d4ba01: <offset 0x187a01> in /lib/x86_64-linux-gnu/libc.so.6 at 0x00007fc407bc4000
R12=0x00007fc3d803103c is an unknown value
R13=0x00007fc40093d6e0 is an unknown value
R14=0x0000000012fbd302 is an unknown value
R15=0x00007fc4001c9d30 is an unknown value


Stack: [0x00007fc4086ae000,0x00007fc4087af000],  sp=0x00007fc4087a7e30,  free space=999k
Native frames: (J=compiled Java code, j=interpreted, Vv=VM code, C=native code)
C  [libzip.so+0x117d2]  newEntry+0x62
C  [libzip.so+0x11f2f]  ZIP_GetEntry2+0xff
C  [libzip.so+0x3d30]  Java_java_util_zip_ZipFile_getEntry+0xf0
J 147  java.util.zip.ZipFile.getEntry(J[BZ)J (0 bytes) @ 0x00007fc3f115560e [0x00007fc3f1155540+0xce]
J 477 C2 java.util.jar.JarFile.getEntry(Ljava/lang/String;)Ljava/util/zip/ZipEntry; (22 bytes) @ 0x00007fc3f1240450 [0x00007fc3f1240120+0x330]

Java frames: (J=compiled Java code, j=interpreted, Vv=VM code)
J 147  java.util.zip.ZipFile.getEntry(J[BZ)J (0 bytes) @ 0x00007fc3f1155598 [0x00007fc3f1155540+0x58]
J 477 C2 java.util.jar.JarFile.getEntry(Ljava/lang/String;)Ljava/util/zip/ZipEntry; (22 bytes) @ 0x00007fc3f1240450 [0x00007fc3f1240120+0x330]
J 630 C2 sun.misc.URLClassPath.getResource(Ljava/lang/String;Z)Lsun/misc/Resource; (83 bytes) @ 0x00007fc3f12c1d5c [0x00007fc3f12c19e0+0x37c]
J 279 C1 java.net.URLClassLoader$1.run()Ljava/lang/Class; (63 bytes) @ 0x00007fc3f119b53c [0x00007fc3f119b320+0x21c]
J 278 C1 java.net.URLClassLoader$1.run()Ljava/lang/Object; (5 bytes) @ 0x00007fc3f119af8c [0x00007fc3f119af00+0x8c]
v  ~StubRoutines::call_stub
J 277  java.security.AccessController.doPrivileged(Ljava/security/PrivilegedExceptionAction;Ljava/security/AccessControlContext;)Ljava/lang/Object; (0 bytes) @ 0x00007fc3f119aba3 [0x00007fc3f119ab40+0x63]
J 1318 C2 java.lang.ClassLoader.loadClass(Ljava/lang/String;Z)Ljava/lang/Class; (122 bytes) @ 0x00007fc3f14e98fc [0x00007fc3f14e8be0+0xd1c]
J 256 C1 sun.misc.Launcher$AppClassLoader.loadClass(Ljava/lang/String;Z)Ljava/lang/Class; (85 bytes) @ 0x00007fc3f118d224 [0x00007fc3f118c880+0x9a4]
J 255 C1 java.lang.ClassLoader.loadClass(Ljava/lang/String;)Ljava/lang/Class; (7 bytes) @ 0x00007fc3f118c4c4 [0x00007fc3f118c3c0+0x104]
v  ~StubRoutines::call_stub
j  org.mongodb.morphia.Morphia.<init>()V+1
j  com.thundashop.core.databasemanager.Database.<init>()V+48
v  ~StubRoutines::call_stub
j  sun.reflect.NativeConstructorAccessorImpl.newInstance0(Ljava/lang/reflect/Constructor;[Ljava/lang/Object;)Ljava/lang/Object;+0
j  sun.reflect.NativeConstructorAccessorImpl.newInstance([Ljava/lang/Object;)Ljava/lang/Object;+85
j  sun.reflect.DelegatingConstructorAccessorImpl.newInstance([Ljava/lang/Object;)Ljava/lang/Object;+5
j  java.lang.reflect.Constructor.newInstance([Ljava/lang/Object;)Ljava/lang/Object;+79
j  org.springframework.beans.BeanUtils.instantiateClass(Ljava/lang/reflect/Constructor;[Ljava/lang/Object;)Ljava/lang/Object;+12
j  org.springframework.beans.factory.support.SimpleInstantiationStrategy.instantiate(Lorg/springframework/beans/factory/support/RootBeanDefinition;Ljava/lang/String;Lorg/springframework/beans/factory/BeanFactory;)Ljava/lang/Object;+141
j  org.springframework.beans.factory.support.AbstractAutowireCapableBeanFactory.instantiateBean(Ljava/lang/String;Lorg/springframework/beans/factory/support/RootBeanDefinition;)Lorg/springframework/beans/BeanWrapper;+40
j  org.springframework.beans.factory.support.AbstractAutowireCapableBeanFactory.createBeanInstance(Ljava/lang/String;Lorg/springframework/beans/factory/support/RootBeanDefinition;[Ljava/lang/Object;)Lorg/springframework/beans/BeanWrapper;+209
j  org.springframework.beans.factory.support.AbstractAutowireCapableBeanFactory.doCreateBean(Ljava/lang/String;Lorg/springframework/beans/factory/support/RootBeanDefinition;[Ljava/lang/Object;)Ljava/lang/Object;+34
j  org.springframework.beans.factory.support.AbstractAutowireCapableBeanFactory.createBean(Ljava/lang/String;Lorg/springframework/beans/factory/support/RootBeanDefinition;[Ljava/lang/Object;)Ljava/lang/Object;+124
j  org.springframework.beans.factory.support.AbstractBeanFactory$1.getObject()Ljava/lang/Object;+16
j  org.springframework.beans.factory.support.DefaultSingletonBeanRegistry.getSingleton(Ljava/lang/String;Lorg/springframework/beans/factory/ObjectFactory;)Ljava/lang/Object;+132
j  org.springframework.beans.factory.support.AbstractBeanFactory.doGetBean(Ljava/lang/String;Ljava/lang/Class;[Ljava/lang/Object;Z)Ljava/lang/Object;+375
j  org.springframework.beans.factory.support.AbstractBeanFactory.getBean(Ljava/lang/String;)Ljava/lang/Object;+5
j  org.springframework.beans.factory.support.DefaultListableBeanFactory.findAutowireCandidates(Ljava/lang/String;Ljava/lang/Class;Lorg/springframework/beans/factory/config/DependencyDescriptor;)Ljava/util/Map;+175
j  org.springframework.beans.factory.support.DefaultListableBeanFactory.doResolveDependency(Lorg/springframework/beans/factory/config/DependencyDescriptor;Ljava/lang/String;Ljava/util/Set;Lorg/springframework/beans/TypeConverter;)Ljava/lang/Object;+802
j  org.springframework.beans.factory.support.DefaultListableBeanFactory.resolveDependency(Lorg/springframework/beans/factory/config/DependencyDescriptor;Ljava/lang/String;Ljava/util/Set;Lorg/springframework/beans/TypeConverter;)Ljava/lang/Object;+111
j  org.springframework.beans.factory.annotation.AutowiredAnnotationBeanPostProcessor$AutowiredFieldElement.inject(Ljava/lang/Object;Ljava/lang/String;Lorg/springframework/beans/PropertyValues;)V+95
j  org.springframework.beans.factory.annotation.InjectionMetadata.inject(Ljava/lang/Object;Ljava/lang/String;Lorg/springframework/beans/PropertyValues;)V+120
j  org.springframework.beans.factory.annotation.AutowiredAnnotationBeanPostProcessor.postProcessPropertyValues(Lorg/springframework/beans/PropertyValues;[Ljava/beans/PropertyDescriptor;Ljava/lang/Object;Ljava/lang/String;)Lorg/springframework/beans/PropertyValues;+18
j  org.springframework.beans.factory.support.AbstractAutowireCapableBeanFactory.populateBean(Ljava/lang/String;Lorg/springframework/beans/factory/support/RootBeanDefinition;Lorg/springframework/beans/BeanWrapper;)V+305
j  org.springframework.beans.factory.support.AbstractAutowireCapableBeanFactory.doCreateBean(Ljava/lang/String;Lorg/springframework/beans/factory/support/RootBeanDefinition;[Ljava/lang/Object;)Ljava/lang/Object;+222
j  org.springframework.beans.factory.support.AbstractAutowireCapableBeanFactory.createBean(Ljava/lang/String;Lorg/springframework/beans/factory/support/RootBeanDefinition;[Ljava/lang/Object;)Ljava/lang/Object;+124
j  org.springframework.beans.factory.support.AbstractBeanFactory$1.getObject()Ljava/lang/Object;+16
j  org.springframework.beans.factory.support.DefaultSingletonBeanRegistry.getSingleton(Ljava/lang/String;Lorg/springframework/beans/factory/ObjectFactory;)Ljava/lang/Object;+132
j  org.springframework.beans.factory.support.AbstractBeanFactory.doGetBean(Ljava/lang/String;Ljava/lang/Class;[Ljava/lang/Object;Z)Ljava/lang/Object;+375
j  org.springframework.beans.factory.support.AbstractBeanFactory.getBean(Ljava/lang/String;)Ljava/lang/Object;+5
j  org.springframework.beans.factory.support.DefaultListableBeanFactory.findAutowireCandidates(Ljava/lang/String;Ljava/lang/Class;Lorg/springframework/beans/factory/config/DependencyDescriptor;)Ljava/util/Map;+175
j  org.springframework.beans.factory.support.DefaultListableBeanFactory.doResolveDependency(Lorg/springframework/beans/factory/config/DependencyDescriptor;Ljava/lang/String;Ljava/util/Set;Lorg/springframework/beans/TypeConverter;)Ljava/lang/Object;+802
j  org.springframework.beans.factory.support.DefaultListableBeanFactory.resolveDependency(Lorg/springframework/beans/factory/config/DependencyDescriptor;Ljava/lang/String;Ljava/util/Set;Lorg/springframework/beans/TypeConverter;)Ljava/lang/Object;+111
j  org.springframework.beans.factory.annotation.AutowiredAnnotationBeanPostProcessor$AutowiredFieldElement.inject(Ljava/lang/Object;Ljava/lang/String;Lorg/springframework/beans/PropertyValues;)V+95
j  org.springframework.beans.factory.annotation.InjectionMetadata.inject(Ljava/lang/Object;Ljava/lang/String;Lorg/springframework/beans/PropertyValues;)V+120
j  org.springframework.beans.factory.annotation.AutowiredAnnotationBeanPostProcessor.postProcessPropertyValues(Lorg/springframework/beans/PropertyValues;[Ljava/beans/PropertyDescriptor;Ljava/lang/Object;Ljava/lang/String;)Lorg/springframework/beans/PropertyValues;+18
j  org.springframework.beans.factory.support.AbstractAutowireCapableBeanFactory.populateBean(Ljava/lang/String;Lorg/springframework/beans/factory/support/RootBeanDefinition;Lorg/springframework/beans/BeanWrapper;)V+305
j  org.springframework.beans.factory.support.AbstractAutowireCapableBeanFactory.doCreateBean(Ljava/lang/String;Lorg/springframework/beans/factory/support/RootBeanDefinition;[Ljava/lang/Object;)Ljava/lang/Object;+222
j  org.springframework.beans.factory.support.AbstractAutowireCapableBeanFactory.createBean(Ljava/lang/String;Lorg/springframework/beans/factory/support/RootBeanDefinition;[Ljava/lang/Object;)Ljava/lang/Object;+124
j  org.springframework.beans.factory.support.AbstractBeanFactory$1.getObject()Ljava/lang/Object;+16
j  org.springframework.beans.factory.support.DefaultSingletonBeanRegistry.getSingleton(Ljava/lang/String;Lorg/springframework/beans/factory/ObjectFactory;)Ljava/lang/Object;+132
j  org.springframework.beans.factory.support.AbstractBeanFactory.doGetBean(Ljava/lang/String;Ljava/lang/Class;[Ljava/lang/Object;Z)Ljava/lang/Object;+375
j  org.springframework.beans.factory.support.AbstractBeanFactory.getBean(Ljava/lang/String;)Ljava/lang/Object;+5
j  org.springframework.beans.factory.support.DefaultListableBeanFactory.preInstantiateSingletons()V+248
j  org.springframework.context.support.AbstractApplicationContext.finishBeanFactoryInitialization(Lorg/springframework/beans/factory/config/ConfigurableListableBeanFactory;)V+103
j  org.springframework.context.support.AbstractApplicationContext.refresh()V+54
j  org.springframework.context.support.ClassPathXmlApplicationContext.<init>([Ljava/lang/String;ZLorg/springframework/context/ApplicationContext;)V+15
j  org.springframework.context.support.ClassPathXmlApplicationContext.<init>(Ljava/lang/String;)V+11
j  com.thundashop.core.start.Runner.main([Ljava/lang/String;)V+61
v  ~StubRoutines::call_stub

---------------  P R O C E S S  ---------------

Java Threads: ( => current thread )
  0x00007fc400939800 JavaThread "MongoCleaner71016405" daemon [_thread_new, id=4620, stack(0x0000000000000000,0x0000000000000000)]
  0x00007fc40092b800 JavaThread "cluster-1-localhost:27018" daemon [_thread_blocked, id=4619, stack(0x00007fc397af0000,0x00007fc397bf1000)]
  0x00007fc4000ce000 JavaThread "Service Thread" daemon [_thread_blocked, id=4615, stack(0x00007fc3bc3ff000,0x00007fc3bc500000)]
  0x00007fc4000c9000 JavaThread "C1 CompilerThread3" daemon [_thread_blocked, id=4614, stack(0x00007fc3d80a6000,0x00007fc3d81a7000)]
  0x00007fc4000c7000 JavaThread "C2 CompilerThread2" daemon [_thread_in_native, id=4613, stack(0x00007fc3d81a7000,0x00007fc3d82a8000)]
  0x00007fc4000c5000 JavaThread "C2 CompilerThread1" daemon [_thread_blocked, id=4612, stack(0x00007fc3d82a8000,0x00007fc3d83a9000)]
  0x00007fc4000c2000 JavaThread "C2 CompilerThread0" daemon [_thread_blocked, id=4611, stack(0x00007fc3d83a9000,0x00007fc3d84aa000)]
  0x00007fc4000c0800 JavaThread "Signal Dispatcher" daemon [_thread_blocked, id=4610, stack(0x00007fc3d84aa000,0x00007fc3d85ab000)]
  0x00007fc400088800 JavaThread "Finalizer" daemon [_thread_blocked, id=4609, stack(0x00007fc3d8874000,0x00007fc3d8975000)]
  0x00007fc400086800 JavaThread "Reference Handler" daemon [_thread_blocked, id=4608, stack(0x00007fc3d8975000,0x00007fc3d8a76000)]
=>0x00007fc40000b800 JavaThread "main" [_thread_in_native, id=4598, stack(0x00007fc4086ae000,0x00007fc4087af000)]

Other Threads:
  0x00007fc400081800 VMThread [stack: 0x00007fc3d8a76000,0x00007fc3d8b77000] [id=4607]
  0x00007fc4000d0800 WatcherThread [stack: 0x00007fc3bc2fe000,0x00007fc3bc3ff000] [id=4616]

VM state:not at safepoint (normal execution)

VM Mutex/Monitor currently owned by a thread: None

Heap:
 PSYoungGen      total 150016K, used 87774K [0x0000000718b00000, 0x0000000723200000, 0x00000007c0000000)
  eden space 129024K, 68% used [0x0000000718b00000,0x000000071e0b78a8,0x0000000720900000)
  from space 20992K, 0% used [0x0000000721d80000,0x0000000721d80000,0x0000000723200000)
  to   space 20992K, 0% used [0x0000000720900000,0x0000000720900000,0x0000000721d80000)
 ParOldGen       total 343040K, used 0K [0x00000005ca000000, 0x00000005def00000, 0x0000000718b00000)
  object space 343040K, 0% used [0x00000005ca000000,0x00000005ca000000,0x00000005def00000)
 Metaspace       used 15519K, capacity 15678K, committed 15872K, reserved 1062912K
  class space    used 1917K, capacity 1949K, committed 2048K, reserved 1048576K

Card table byte_map: [0x00007fc4044eb000,0x00007fc40549c000] byte_map_base: 0x00007fc40169b000

Marking Bits: (ParMarkBitMap*) 0x00007fc407b996c0
 Begin Bits: [0x00007fc3bc500000, 0x00007fc3c4280000)
 End Bits:   [0x00007fc3c4280000, 0x00007fc3cc000000)

Polling page: 0x00007fc4087de000

CodeCache: size=245760Kb used=5424Kb max_used=5477Kb free=240336Kb
 bounds [0x00007fc3f1000000, 0x00007fc3f1560000, 0x00007fc400000000]
 total_blobs=1858 nmethods=1512 adapters=259
 compilation: enabled

Compilation events (10 events):
Event: 4.098 Thread 0x00007fc4000c9000 nmethod 1509 0x00007fc3f1532b90 code [0x00007fc3f1532d00, 0x00007fc3f1532f08]
Event: 4.099 Thread 0x00007fc4000c9000 1510       3       java.lang.Boolean::valueOf (14 bytes)
Event: 4.099 Thread 0x00007fc4000c9000 nmethod 1510 0x00007fc3f1532f90 code [0x00007fc3f1533100, 0x00007fc3f1533290]
Event: 4.099 Thread 0x00007fc4000c9000 1511       3       java.util.concurrent.locks.AbstractQueuedSynchronizer::release (33 bytes)
Event: 4.100 Thread 0x00007fc4000c9000 nmethod 1511 0x00007fc3f1533310 code [0x00007fc3f15334a0, 0x00007fc3f15337b8]
Event: 4.111 Thread 0x00007fc4000c5000 nmethod 1506 0x00007fc3f1544010 code [0x00007fc3f15441a0, 0x00007fc3f15448d8]
Event: 4.123 Thread 0x00007fc4000c7000 1512  s!   4       sun.misc.URLClassPath::getLoader (197 bytes)
Event: 4.129 Thread 0x00007fc4000c9000 1513   !   3       java.security.SecureClassLoader::getProtectionDomain (114 bytes)
Event: 4.130 Thread 0x00007fc4000c9000 nmethod 1513 0x00007fc3f1543390 code [0x00007fc3f1543560, 0x00007fc3f1543cf8]
Event: 4.131 Thread 0x00007fc4000c2000 nmethod 885% 0x00007fc3f1545090 code [0x00007fc3f1545a40, 0x00007fc3f1551d68]

GC Heap History (0 events):
No events

Deoptimization events (10 events):
Event: 3.540 Thread 0x00007fc40000b800 Uncommon trap: reason=unstable_if action=reinterpret pc=0x00007fc3f137fa88 method=org.springframework.asm.MethodVisitor.visitFieldInsn(ILjava/lang/String;Ljava/lang/String;Ljava/lang/String;)V @ 4
Event: 3.541 Thread 0x00007fc40000b800 Uncommon trap: reason=unstable_if action=reinterpret pc=0x00007fc3f1325c38 method=org.springframework.asm.MethodVisitor.visitInsn(I)V @ 4
Event: 3.561 Thread 0x00007fc40000b800 Uncommon trap: reason=unstable_if action=reinterpret pc=0x00007fc3f133b828 method=java.util.LinkedList.node(I)Ljava/util/LinkedList$Node; @ 19
Event: 3.635 Thread 0x00007fc40000b800 Uncommon trap: reason=class_check action=maybe_recompile pc=0x00007fc3f136f7c4 method=java.util.HashMap.putVal(ILjava/lang/Object;Ljava/lang/Object;ZZ)Ljava/lang/Object; @ 203
Event: 3.895 Thread 0x00007fc40000b800 Uncommon trap: reason=unstable_if action=reinterpret pc=0x00007fc3f1312d2c method=java.lang.String.valueOf(Ljava/lang/Object;)Ljava/lang/String; @ 1
Event: 4.005 Thread 0x00007fc40000b800 Uncommon trap: reason=class_check action=maybe_recompile pc=0x00007fc3f13c7ce8 method=java.util.HashMap.putVal(ILjava/lang/Object;Ljava/lang/Object;ZZ)Ljava/lang/Object; @ 203
Event: 4.010 Thread 0x00007fc40000b800 Uncommon trap: reason=bimorphic action=maybe_recompile pc=0x00007fc3f1407424 method=java.util.concurrent.ConcurrentHashMap.get(Ljava/lang/Object;)Ljava/lang/Object; @ 149
Event: 4.010 Thread 0x00007fc40000b800 Uncommon trap: reason=bimorphic action=maybe_recompile pc=0x00007fc3f1407424 method=java.util.concurrent.ConcurrentHashMap.get(Ljava/lang/Object;)Ljava/lang/Object; @ 149
Event: 4.028 Thread 0x00007fc40000b800 Uncommon trap: reason=bimorphic action=maybe_recompile pc=0x00007fc3f1407424 method=java.util.concurrent.ConcurrentHashMap.get(Ljava/lang/Object;)Ljava/lang/Object; @ 149
Event: 4.039 Thread 0x00007fc40000b800 Uncommon trap: reason=class_check action=maybe_recompile pc=0x00007fc3f13c7ce8 method=java.util.HashMap.putVal(ILjava/lang/Object;Ljava/lang/Object;ZZ)Ljava/lang/Object; @ 203

Internal exceptions (10 events):
Event: 3.421 Thread 0x00007fc40000b800 Exception <a 'java/lang/ClassNotFoundException': org/springframework/aop/scope/ScopedProxyFactoryBeanBeanInfo> (0x000000071d00efe8) thrown at [/HUDSON/workspace/8-2-build-linux-amd64/jdk8u40/2855/hotspot/src/share/vm/classfile/systemDictionary.cpp, line 2
Event: 3.421 Thread 0x00007fc40000b800 Exception <a 'java/lang/ClassNotFoundException': org/springframework/aop/scope/ScopedProxyFactoryBeanCustomizer> (0x000000071d01ced0) thrown at [/HUDSON/workspace/8-2-build-linux-amd64/jdk8u40/2855/hotspot/src/share/vm/classfile/systemDictionary.cpp, line
Event: 3.744 Thread 0x00007fc40000b800 Exception <a 'java/lang/ClassNotFoundException': com/thundashop/core/common/ManagerBaseBeanInfo> (0x000000071d6efa78) thrown at [/HUDSON/workspace/8-2-build-linux-amd64/jdk8u40/2855/hotspot/src/share/vm/classfile/systemDictionary.cpp, line 210]
Event: 3.745 Thread 0x00007fc40000b800 Exception <a 'java/lang/ClassNotFoundException': com/thundashop/core/common/ManagerBaseCustomizer> (0x000000071d6fb5c8) thrown at [/HUDSON/workspace/8-2-build-linux-amd64/jdk8u40/2855/hotspot/src/share/vm/classfile/systemDictionary.cpp, line 210]
Event: 3.752 Thread 0x00007fc40000b800 Exception <a 'java/lang/ClassNotFoundException': com/thundashop/core/getshop/GetShopBeanInfo> (0x000000071d727ae8) thrown at [/HUDSON/workspace/8-2-build-linux-amd64/jdk8u40/2855/hotspot/src/share/vm/classfile/systemDictionary.cpp, line 210]
Event: 3.753 Thread 0x00007fc40000b800 Exception <a 'java/lang/ClassNotFoundException': com/thundashop/core/getshop/GetShopCustomizer> (0x000000071d732e98) thrown at [/HUDSON/workspace/8-2-build-linux-amd64/jdk8u40/2855/hotspot/src/share/vm/classfile/systemDictionary.cpp, line 210]
Event: 3.782 Thread 0x00007fc40000b800 Exception <a 'java/lang/ClassNotFoundException': com/thundashop/core/common/DatabaseSaverImplBeanInfo> (0x000000071d78b428) thrown at [/HUDSON/workspace/8-2-build-linux-amd64/jdk8u40/2855/hotspot/src/share/vm/classfile/systemDictionary.cpp, line 210]
Event: 3.783 Thread 0x00007fc40000b800 Exception <a 'java/lang/ClassNotFoundException': com/thundashop/core/common/DatabaseSaverImplCustomizer> (0x000000071d798318) thrown at [/HUDSON/workspace/8-2-build-linux-amd64/jdk8u40/2855/hotspot/src/share/vm/classfile/systemDictionary.cpp, line 210]
Event: 3.790 Thread 0x00007fc40000b800 Exception <a 'java/lang/ClassNotFoundException': com/thundashop/core/common/Slf4jLoggerBeanInfo> (0x000000071d7bd110) thrown at [/HUDSON/workspace/8-2-build-linux-amd64/jdk8u40/2855/hotspot/src/share/vm/classfile/systemDictionary.cpp, line 210]
Event: 3.791 Thread 0x00007fc40000b800 Exception <a 'java/lang/ClassNotFoundException': com/thundashop/core/common/Slf4jLoggerCustomizer> (0x000000071d7c92a0) thrown at [/HUDSON/workspace/8-2-build-linux-amd64/jdk8u40/2855/hotspot/src/share/vm/classfile/systemDictionary.cpp, line 210]

Events (10 events):
Event: 4.133 loading class org/mongodb/morphia/mapping/Mapper
Event: 4.133 loading class org/mongodb/morphia/mapping/Mapper done
Event: 4.133 loading class com/mongodb/DBPort$Authenticator
Event: 4.133 loading class com/mongodb/DBPort$Authenticator done
Event: 4.134 loading class com/mongodb/DBPort$GSSAPIAuthenticator
Event: 4.134 loading class com/mongodb/DBPort$GSSAPIAuthenticator done
Event: 4.134 loading class com/mongodb/DBPort$SaslAuthenticator
Event: 4.134 loading class com/mongodb/DBPort$SaslAuthenticator done
Event: 4.135 loading class org/mongodb/morphia/query/ValidationException
Event: 4.135 loading class org/mongodb/morphia/query/ValidationException done


Dynamic libraries:
00400000-00401000 r-xp 00000000 08:01 6947780                            /usr/lib/jvm/java-8-oracle/jre/bin/java
00600000-00601000 rw-p 00000000 08:01 6947780                            /usr/lib/jvm/java-8-oracle/jre/bin/java
023eb000-0240c000 rw-p 00000000 00:00 0                                  [heap]
5ca000000-5def00000 rw-p 00000000 00:00 0 
5def00000-718b00000 ---p 00000000 00:00 0 
718b00000-723200000 rw-p 00000000 00:00 0 
723200000-7c0000000 ---p 00000000 00:00 0 
7c0000000-7c0200000 rw-p 00000000 00:00 0 
7c0200000-800000000 ---p 00000000 00:00 0 
7fc384000000-7fc38c000000 ---p 00000000 00:00 0 
7fc38c000000-7fc38c021000 rw-p 00000000 00:00 0 
7fc38c021000-7fc390000000 ---p 00000000 00:00 0 
7fc390000000-7fc390021000 rw-p 00000000 00:00 0 
7fc390021000-7fc394000000 ---p 00000000 00:00 0 
7fc397339000-7fc39734a000 r-xp 00000000 08:01 6951987                    /usr/lib/jvm/java-8-oracle/jre/lib/amd64/libnio.so
7fc39734a000-7fc397549000 ---p 00011000 08:01 6951987                    /usr/lib/jvm/java-8-oracle/jre/lib/amd64/libnio.so
7fc397549000-7fc39754a000 rw-p 00010000 08:01 6951987                    /usr/lib/jvm/java-8-oracle/jre/lib/amd64/libnio.so
7fc39754a000-7fc3976ca000 rw-p 00000000 00:00 0 
7fc3976ca000-7fc39774a000 ---p 00000000 00:00 0 
7fc39774a000-7fc397760000 r-xp 00000000 08:01 6954715                    /usr/lib/jvm/java-8-oracle/jre/lib/amd64/libnet.so
7fc397760000-7fc397960000 ---p 00016000 08:01 6954715                    /usr/lib/jvm/java-8-oracle/jre/lib/amd64/libnet.so
7fc397960000-7fc397961000 rw-p 00016000 08:01 6954715                    /usr/lib/jvm/java-8-oracle/jre/lib/amd64/libnet.so
7fc3979ef000-7fc3979f2000 ---p 00000000 00:00 0 
7fc3979f2000-7fc397af0000 rw-p 00000000 00:00 0                          [stack:4620]
7fc397af0000-7fc397af3000 ---p 00000000 00:00 0 
7fc397af3000-7fc397df1000 rw-p 00000000 00:00 0                          [stack:4619]
7fc397df7000-7fc397dff000 r-xp 00000000 08:01 6952004                    /usr/lib/jvm/java-8-oracle/jre/lib/amd64/libmanagement.so
7fc397dff000-7fc397fff000 ---p 00008000 08:01 6952004                    /usr/lib/jvm/java-8-oracle/jre/lib/amd64/libmanagement.so
7fc397fff000-7fc398000000 rw-p 00008000 08:01 6952004                    /usr/lib/jvm/java-8-oracle/jre/lib/amd64/libmanagement.so
7fc398000000-7fc39870e000 rw-p 00000000 00:00 0 
7fc39870e000-7fc39c000000 ---p 00000000 00:00 0 
7fc39c000000-7fc39c021000 rw-p 00000000 00:00 0 
7fc39c021000-7fc3a0000000 ---p 00000000 00:00 0 
7fc3a0000000-7fc3a0752000 rw-p 00000000 00:00 0 
7fc3a0752000-7fc3a4000000 ---p 00000000 00:00 0 
7fc3a4000000-7fc3a450f000 rw-p 00000000 00:00 0 
7fc3a450f000-7fc3a8000000 ---p 00000000 00:00 0 
7fc3a8000000-7fc3a8021000 rw-p 00000000 00:00 0 
7fc3a8021000-7fc3ac000000 ---p 00000000 00:00 0 
7fc3ac000000-7fc3ace7c000 rw-p 00000000 00:00 0 
7fc3ace7c000-7fc3b0000000 ---p 00000000 00:00 0 
7fc3b0000000-7fc3b0021000 rw-p 00000000 00:00 0 
7fc3b0021000-7fc3b4000000 ---p 00000000 00:00 0 
7fc3b4000000-7fc3b4021000 rw-p 00000000 00:00 0 
7fc3b4021000-7fc3b8000000 ---p 00000000 00:00 0 
7fc3b8000000-7fc3b8021000 rw-p 00000000 00:00 0 
7fc3b8021000-7fc3bc000000 ---p 00000000 00:00 0 
7fc3bc012000-7fc3bc212000 rw-p 00000000 00:00 0 
7fc3bc212000-7fc3bc22e000 r--s 00393000 08:01 6947888                    /usr/lib/jvm/java-8-oracle/jre/lib/ext/cldrdata.jar
7fc3bc22e000-7fc3bc239000 r--s 00116000 08:01 6947882                    /usr/lib/jvm/java-8-oracle/jre/lib/ext/localedata.jar
7fc3bc239000-7fc3bc23c000 r--s 0001d000 08:01 3693008                    /home/ktonder/source/getshop/3.0.0/com.getshop.core/lib/batik-util.jar
7fc3bc23c000-7fc3bc241000 r--s 00010000 08:01 3693087                    /home/ktonder/source/getshop/3.0.0/com.getshop.core/lib/xml-apis-ext.jar
7fc3bc241000-7fc3bc244000 r--s 00011000 08:01 3693533                    /home/ktonder/source/getshop/3.0.0/com.getshop.core/lib/commons-discovery-0.5.jar
7fc3bc244000-7fc3bc248000 r--s 0002a000 08:01 3693554                    /home/ktonder/source/getshop/3.0.0/com.getshop.core/lib/wsdl4j-1.6.3.jar
7fc3bc248000-7fc3bc24b000 r--s 0001c000 08:01 3693047                    /home/ktonder/source/getshop/3.0.0/com.getshop.core/lib/nekohtml.jar
7fc3bc24b000-7fc3bc253000 r--s 00045000 08:01 3693007                    /home/ktonder/source/getshop/3.0.0/com.getshop.core/lib/batik-css.jar
7fc3bc253000-7fc3bc25c000 r--s 0002d000 08:01 3693088                    /home/ktonder/source/getshop/3.0.0/com.getshop.core/lib/xml-apis.jar
7fc3bc25c000-7fc3bc25e000 r--s 00000000 08:01 3693004                    /home/ktonder/source/getshop/3.0.0/com.getshop.core/lib/aopalliance-1.0.jar
7fc3bc25e000-7fc3bc262000 r--s 00039000 08:01 3693553                    /home/ktonder/source/getshop/3.0.0/com.getshop.core/lib/spring-expression-4.1.0.RELEASE.jar
7fc3bc262000-7fc3bc26b000 r--s 0004f000 08:01 3693549                    /home/ktonder/source/getshop/3.0.0/com.getshop.core/lib/spring-aop-4.1.0.RELEASE.jar
7fc3bc26b000-7fc3bc26d000 r--s 0000e000 08:01 3693534                    /home/ktonder/source/getshop/3.0.0/com.getshop.core/lib/commons-logging-1.2.jar
7fc3bc26d000-7fc3bc272000 r--s 00094000 08:01 6949549                    /usr/lib/jvm/java-8-oracle/jre/lib/jsse.jar
7fc3bc272000-7fc3bc279000 r--s 0003f000 08:01 3693532                    /home/ktonder/source/getshop/3.0.0/com.getshop.core/lib/commons-codec-1.10.jar
7fc3bc279000-7fc3bc282000 r--s 000bf000 08:01 3712030                    /home/ktonder/source/getshop/3.0.0/com.getshop.core/lib/morphia-0.108-getshop.jar
7fc3bc282000-7fc3bc28d000 r--s 00089000 08:01 3712029                    /home/ktonder/source/getshop/3.0.0/com.getshop.core/lib/mongo-java-driver-2.13.2.jar
7fc3bc28d000-7fc3bc290000 r--s 00018000 08:01 3693542                    /home/ktonder/source/getshop/3.0.0/com.getshop.core/lib/jetty-io-9.2.10.v20150310.jar
7fc3bc290000-7fc3bc293000 r--s 00015000 08:01 3693548                    /home/ktonder/source/getshop/3.0.0/com.getshop.core/lib/servlet-api-3.1.jar
7fc3bc293000-7fc3bc295000 r--s 00018000 08:01 3693541                    /home/ktonder/source/getshop/3.0.0/com.getshop.core/lib/jetty-http-9.2.10.v20150310.jar
7fc3bc295000-7fc3bc29b000 r--s 00051000 08:01 3693544                    /home/ktonder/source/getshop/3.0.0/com.getshop.core/lib/jetty-util-9.2.10.v20150310.jar
7fc3bc29b000-7fc3bc2a1000 r--s 00061000 08:01 3693543                    /home/ktonder/source/getshop/3.0.0/com.getshop.core/lib/jetty-server-9.2.10.v20150310.jar
7fc3bc2a1000-7fc3bc2fe000 r--s 009a1000 08:01 3693049                    /home/ktonder/source/getshop/3.0.0/com.getshop.core/lib/pdfbox-app-1.8.2.jar
7fc3bc2fe000-7fc3bc2ff000 ---p 00000000 00:00 0 
7fc3bc2ff000-7fc3bc3ff000 rw-p 00000000 00:00 0                          [stack:4616]
7fc3bc3ff000-7fc3bc402000 ---p 00000000 00:00 0 
7fc3bc402000-7fc3cc000000 rw-p 00000000 00:00 0                          [stack:4615]
7fc3cc000000-7fc3cc021000 rw-p 00000000 00:00 0 
7fc3cc021000-7fc3d0000000 ---p 00000000 00:00 0 
7fc3d0000000-7fc3d0021000 rw-p 00000000 00:00 0 
7fc3d0021000-7fc3d4000000 ---p 00000000 00:00 0 
7fc3d4000000-7fc3d4021000 rw-p 00000000 00:00 0 
7fc3d4021000-7fc3d8000000 ---p 00000000 00:00 0 
7fc3d8001000-7fc3d8003000 r--s 00014000 08:01 3693035                    /home/ktonder/source/getshop/3.0.0/com.getshop.core/lib/java_websocket.jar
7fc3d8003000-7fc3d800a000 r--s 0003c000 08:01 3693531                    /home/ktonder/source/getshop/3.0.0/com.getshop.core/lib/braintree-java-2.39.1.jar
7fc3d800a000-7fc3d800f000 r--s 0002c000 08:01 3693012                    /home/ktonder/source/getshop/3.0.0/com.getshop.core/lib/commons-net-2.0.jar
7fc3d800f000-7fc3d8028000 r--s 00135000 08:01 3693085                    /home/ktonder/source/getshop/3.0.0/com.getshop.core/lib/xercesImpl.jar
7fc3d8028000-7fc3d802a000 r--s 00001000 08:01 3693538                    /home/ktonder/source/getshop/3.0.0/com.getshop.core/lib/google-http-client-gson-1.18.0-rc.jar
7fc3d802a000-7fc3d8033000 r--s 000bf000 08:01 3713618                    /home/ktonder/source/getshop/3.0.0/com.getshop.messages/dist/lib/morphia.jar
7fc3d8033000-7fc3d8038000 r--s 0002e000 08:01 3713617                    /home/ktonder/source/getshop/3.0.0/com.getshop.messages/dist/lib/gson-2.3.jar (deleted)
7fc3d8038000-7fc3d803f000 r--s 00040000 08:01 3713619                    /home/ktonder/source/getshop/3.0.0/com.getshop.messages/dist/com.thundashop.messages.jar
7fc3d803f000-7fc3d8046000 r--s 0003c000 08:01 3693537                    /home/ktonder/source/getshop/3.0.0/com.getshop.core/lib/google-http-client-1.18.0-rc.jar
7fc3d8046000-7fc3d805a000 r--s 00173000 08:01 3693006                    /home/ktonder/source/getshop/3.0.0/com.getshop.core/lib/axis.jar
7fc3d805a000-7fc3d805e000 r--s 00022000 08:01 3693540                    /home/ktonder/source/getshop/3.0.0/com.getshop.core/lib/javapns-jdk16-2.2.1.jar
7fc3d805e000-7fc3d8065000 r--s 00078000 08:01 3693546                    /home/ktonder/source/getshop/3.0.0/com.getshop.core/lib/mail-1.5.0-b01.jar
7fc3d8065000-7fc3d8067000 r--s 00008000 08:01 3693030                    /home/ktonder/source/getshop/3.0.0/com.getshop.core/lib/httpmime-4.3.5.jar
7fc3d8067000-7fc3d8073000 r--s 00085000 08:01 3693028                    /home/ktonder/source/getshop/3.0.0/com.getshop.core/lib/httpclient-4.3.5.jar
7fc3d8073000-7fc3d8079000 r--s 0003f000 08:01 3693029                    /home/ktonder/source/getshop/3.0.0/com.getshop.core/lib/httpcore-4.3.2.jar
7fc3d8079000-7fc3d8082000 r--s 0006f000 08:01 3693545                    /home/ktonder/source/getshop/3.0.0/com.getshop.core/lib/log4j-1.2.17.jar
7fc3d8082000-7fc3d8085000 r--s 00014000 08:01 3693003                    /home/ktonder/source/getshop/3.0.0/com.getshop.core/lib/antisamy-1.5.3.jar
7fc3d8085000-7fc3d8087000 r--s 00004000 08:01 3693014                    /home/ktonder/source/getshop/3.0.0/com.getshop.core/lib/gcm-server-1.0.2.jar
7fc3d8087000-7fc3d8089000 r--s 00006000 08:01 3693036                    /home/ktonder/source/getshop/3.0.0/com.getshop.core/lib/jaxrpc.jar
7fc3d8089000-7fc3d808e000 r--s 0002e000 08:01 3693539                    /home/ktonder/source/getshop/3.0.0/com.getshop.core/lib/gson-2.3.jar
7fc3d808e000-7fc3d80a6000 r--s 000e2000 08:01 3693551                    /home/ktonder/source/getshop/3.0.0/com.getshop.core/lib/spring-context-4.1.0.RELEASE.jar
7fc3d80a6000-7fc3d80a9000 ---p 00000000 00:00 0 
7fc3d80a9000-7fc3d81a7000 rw-p 00000000 00:00 0                          [stack:4614]
7fc3d81a7000-7fc3d81aa000 ---p 00000000 00:00 0 
7fc3d81aa000-7fc3d82a8000 rw-p 00000000 00:00 0                          [stack:4613]
7fc3d82a8000-7fc3d82ab000 ---p 00000000 00:00 0 
7fc3d82ab000-7fc3d83a9000 rw-p 00000000 00:00 0                          [stack:4612]
7fc3d83a9000-7fc3d83ac000 ---p 00000000 00:00 0 
7fc3d83ac000-7fc3d84aa000 rw-p 00000000 00:00 0                          [stack:4611]
7fc3d84aa000-7fc3d84ad000 ---p 00000000 00:00 0 
7fc3d84ad000-7fc3d85ab000 rw-p 00000000 00:00 0                          [stack:4610]
7fc3d85ab000-7fc3d8874000 r--p 00000000 08:01 4720521                    /usr/lib/locale/locale-archive
7fc3d8874000-7fc3d8877000 ---p 00000000 00:00 0 
7fc3d8877000-7fc3d8975000 rw-p 00000000 00:00 0                          [stack:4609]
7fc3d8975000-7fc3d8978000 ---p 00000000 00:00 0 
7fc3d8978000-7fc3d8a76000 rw-p 00000000 00:00 0                          [stack:4608]
7fc3d8a76000-7fc3d8a77000 ---p 00000000 00:00 0 
7fc3d8a77000-7fc3da678000 rw-p 00000000 00:00 0                          [stack:4607]
7fc3da678000-7fc3da850000 r--s 03d09000 08:01 6947835                    /usr/lib/jvm/java-8-oracle/jre/lib/rt.jar
7fc3da850000-7fc3dc000000 rw-p 00000000 00:00 0 
7fc3dc000000-7fc3dc021000 rw-p 00000000 00:00 0 
7fc3dc021000-7fc3e0000000 ---p 00000000 00:00 0 
7fc3e0000000-7fc3e0021000 rw-p 00000000 00:00 0 
7fc3e0021000-7fc3e4000000 ---p 00000000 00:00 0 
7fc3e4000000-7fc3e4021000 rw-p 00000000 00:00 0 
7fc3e4021000-7fc3e8000000 ---p 00000000 00:00 0 
7fc3e8000000-7fc3e8021000 rw-p 00000000 00:00 0 
7fc3e8021000-7fc3ec000000 ---p 00000000 00:00 0 
7fc3ec000000-7fc3ec021000 rw-p 00000000 00:00 0 
7fc3ec021000-7fc3f0000000 ---p 00000000 00:00 0 
7fc3f0001000-7fc3f000e000 r--s 0009f000 08:01 3693550                    /home/ktonder/source/getshop/3.0.0/com.getshop.core/lib/spring-beans-4.1.0.RELEASE.jar
7fc3f000e000-7fc3f0015000 r--s 0002f000 08:01 3693536                    /home/ktonder/source/getshop/3.0.0/com.getshop.core/lib/google-api-services-youtube-v3-rev117-1.19.0.jar
7fc3f0015000-7fc3f0186000 rw-p 00000000 00:00 0 
7fc3f0186000-7fc3f0187000 ---p 00000000 00:00 0 
7fc3f0187000-7fc3f0287000 rw-p 00000000 00:00 0                          [stack:4606]
7fc3f0287000-7fc3f0288000 ---p 00000000 00:00 0 
7fc3f0288000-7fc3f0388000 rw-p 00000000 00:00 0                          [stack:4605]
7fc3f0388000-7fc3f0389000 ---p 00000000 00:00 0 
7fc3f0389000-7fc3f0489000 rw-p 00000000 00:00 0                          [stack:4604]
7fc3f0489000-7fc3f048a000 ---p 00000000 00:00 0 
7fc3f048a000-7fc3f0632000 rw-p 00000000 00:00 0                          [stack:4603]
7fc3f0632000-7fc3f1000000 ---p 00000000 00:00 0 
7fc3f1000000-7fc3f1560000 rwxp 00000000 00:00 0 
7fc3f1560000-7fc400000000 ---p 00000000 00:00 0 
7fc400000000-7fc400945000 rw-p 00000000 00:00 0 
7fc400945000-7fc404000000 ---p 00000000 00:00 0 
7fc404001000-7fc404016000 r--s 000e1000 08:01 3693552                    /home/ktonder/source/getshop/3.0.0/com.getshop.core/lib/spring-core-4.1.0.RELEASE.jar
7fc404016000-7fc4040e7000 rw-p 00000000 00:00 0 
7fc4040e7000-7fc4040e8000 ---p 00000000 00:00 0 
7fc4040e8000-7fc4041e8000 rw-p 00000000 00:00 0                          [stack:4602]
7fc4041e8000-7fc4041e9000 ---p 00000000 00:00 0 
7fc4041e9000-7fc4042e9000 rw-p 00000000 00:00 0                          [stack:4601]
7fc4042e9000-7fc4042ea000 ---p 00000000 00:00 0 
7fc4042ea000-7fc4043ea000 rw-p 00000000 00:00 0                          [stack:4600]
7fc4043ea000-7fc4043eb000 ---p 00000000 00:00 0 
7fc4043eb000-7fc404593000 rw-p 00000000 00:00 0                          [stack:4599]
7fc404593000-7fc404f60000 ---p 00000000 00:00 0 
7fc404f60000-7fc404fb4000 rw-p 00000000 00:00 0 
7fc404fb4000-7fc40549b000 ---p 00000000 00:00 0 
7fc40549b000-7fc4054b2000 rw-p 00000000 00:00 0 
7fc4054b2000-7fc40585c000 ---p 00000000 00:00 0 
7fc40585c000-7fc405876000 r-xp 00000000 08:01 6954743                    /usr/lib/jvm/java-8-oracle/jre/lib/amd64/libzip.so
7fc405876000-7fc405a76000 ---p 0001a000 08:01 6954743                    /usr/lib/jvm/java-8-oracle/jre/lib/amd64/libzip.so
7fc405a76000-7fc405a77000 rw-p 0001a000 08:01 6954743                    /usr/lib/jvm/java-8-oracle/jre/lib/amd64/libzip.so
7fc405a77000-7fc405a82000 r-xp 00000000 08:01 1311085                    /lib/x86_64-linux-gnu/libnss_files-2.19.so
7fc405a82000-7fc405c81000 ---p 0000b000 08:01 1311085                    /lib/x86_64-linux-gnu/libnss_files-2.19.so
7fc405c81000-7fc405c82000 r--p 0000a000 08:01 1311085                    /lib/x86_64-linux-gnu/libnss_files-2.19.so
7fc405c82000-7fc405c83000 rw-p 0000b000 08:01 1311085                    /lib/x86_64-linux-gnu/libnss_files-2.19.so
7fc405c83000-7fc405c8e000 r-xp 00000000 08:01 1311566                    /lib/x86_64-linux-gnu/libnss_nis-2.19.so
7fc405c8e000-7fc405e8d000 ---p 0000b000 08:01 1311566                    /lib/x86_64-linux-gnu/libnss_nis-2.19.so
7fc405e8d000-7fc405e8e000 r--p 0000a000 08:01 1311566                    /lib/x86_64-linux-gnu/libnss_nis-2.19.so
7fc405e8e000-7fc405e8f000 rw-p 0000b000 08:01 1311566                    /lib/x86_64-linux-gnu/libnss_nis-2.19.so
7fc405e8f000-7fc405ea6000 r-xp 00000000 08:01 1311120                    /lib/x86_64-linux-gnu/libnsl-2.19.so
7fc405ea6000-7fc4060a5000 ---p 00017000 08:01 1311120                    /lib/x86_64-linux-gnu/libnsl-2.19.so
7fc4060a5000-7fc4060a6000 r--p 00016000 08:01 1311120                    /lib/x86_64-linux-gnu/libnsl-2.19.so
7fc4060a6000-7fc4060a7000 rw-p 00017000 08:01 1311120                    /lib/x86_64-linux-gnu/libnsl-2.19.so
7fc4060a7000-7fc4060a9000 rw-p 00000000 00:00 0 
7fc4060a9000-7fc4060b2000 r-xp 00000000 08:01 1311116                    /lib/x86_64-linux-gnu/libnss_compat-2.19.so
7fc4060b2000-7fc4062b1000 ---p 00009000 08:01 1311116                    /lib/x86_64-linux-gnu/libnss_compat-2.19.so
7fc4062b1000-7fc4062b2000 r--p 00008000 08:01 1311116                    /lib/x86_64-linux-gnu/libnss_compat-2.19.so
7fc4062b2000-7fc4062b3000 rw-p 00009000 08:01 1311116                    /lib/x86_64-linux-gnu/libnss_compat-2.19.so
7fc4062b3000-7fc4062dd000 r-xp 00000000 08:01 6954729                    /usr/lib/jvm/java-8-oracle/jre/lib/amd64/libjava.so
7fc4062dd000-7fc4064dd000 ---p 0002a000 08:01 6954729                    /usr/lib/jvm/java-8-oracle/jre/lib/amd64/libjava.so
7fc4064dd000-7fc4064df000 rw-p 0002a000 08:01 6954729                    /usr/lib/jvm/java-8-oracle/jre/lib/amd64/libjava.so
7fc4064df000-7fc4064ec000 r-xp 00000000 08:01 6954739                    /usr/lib/jvm/java-8-oracle/jre/lib/amd64/libverify.so
7fc4064ec000-7fc4066ec000 ---p 0000d000 08:01 6954739                    /usr/lib/jvm/java-8-oracle/jre/lib/amd64/libverify.so
7fc4066ec000-7fc4066ee000 rw-p 0000d000 08:01 6954739                    /usr/lib/jvm/java-8-oracle/jre/lib/amd64/libverify.so
7fc4066ee000-7fc4066f5000 r-xp 00000000 08:01 1311542                    /lib/x86_64-linux-gnu/librt-2.19.so
7fc4066f5000-7fc4068f4000 ---p 00007000 08:01 1311542                    /lib/x86_64-linux-gnu/librt-2.19.so
7fc4068f4000-7fc4068f5000 r--p 00006000 08:01 1311542                    /lib/x86_64-linux-gnu/librt-2.19.so
7fc4068f5000-7fc4068f6000 rw-p 00007000 08:01 1311542                    /lib/x86_64-linux-gnu/librt-2.19.so
7fc4068f6000-7fc4069fb000 r-xp 00000000 08:01 1311032                    /lib/x86_64-linux-gnu/libm-2.19.so
7fc4069fb000-7fc406bfa000 ---p 00105000 08:01 1311032                    /lib/x86_64-linux-gnu/libm-2.19.so
7fc406bfa000-7fc406bfb000 r--p 00104000 08:01 1311032                    /lib/x86_64-linux-gnu/libm-2.19.so
7fc406bfb000-7fc406bfc000 rw-p 00105000 08:01 1311032                    /lib/x86_64-linux-gnu/libm-2.19.so
7fc406bfc000-7fc4078aa000 r-xp 00000000 08:01 6954705                    /usr/lib/jvm/java-8-oracle/jre/lib/amd64/server/libjvm.so
7fc4078aa000-7fc407aa9000 ---p 00cae000 08:01 6954705                    /usr/lib/jvm/java-8-oracle/jre/lib/amd64/server/libjvm.so
7fc407aa9000-7fc407b80000 rw-p 00cad000 08:01 6954705                    /usr/lib/jvm/java-8-oracle/jre/lib/amd64/server/libjvm.so
7fc407b80000-7fc407bc4000 rw-p 00000000 00:00 0 
7fc407bc4000-7fc407d7f000 r-xp 00000000 08:01 1311187                    /lib/x86_64-linux-gnu/libc-2.19.so
7fc407d7f000-7fc407f7e000 ---p 001bb000 08:01 1311187                    /lib/x86_64-linux-gnu/libc-2.19.so
7fc407f7e000-7fc407f82000 r--p 001ba000 08:01 1311187                    /lib/x86_64-linux-gnu/libc-2.19.so
7fc407f82000-7fc407f84000 rw-p 001be000 08:01 1311187                    /lib/x86_64-linux-gnu/libc-2.19.so
7fc407f84000-7fc407f89000 rw-p 00000000 00:00 0 
7fc407f89000-7fc407f8c000 r-xp 00000000 08:01 1311094                    /lib/x86_64-linux-gnu/libdl-2.19.so
7fc407f8c000-7fc40818b000 ---p 00003000 08:01 1311094                    /lib/x86_64-linux-gnu/libdl-2.19.so
7fc40818b000-7fc40818c000 r--p 00002000 08:01 1311094                    /lib/x86_64-linux-gnu/libdl-2.19.so
7fc40818c000-7fc40818d000 rw-p 00003000 08:01 1311094                    /lib/x86_64-linux-gnu/libdl-2.19.so
7fc40818d000-7fc4081a2000 r-xp 00000000 08:01 6954741                    /usr/lib/jvm/java-8-oracle/jre/lib/amd64/jli/libjli.so
7fc4081a2000-7fc4083a2000 ---p 00015000 08:01 6954741                    /usr/lib/jvm/java-8-oracle/jre/lib/amd64/jli/libjli.so
7fc4083a2000-7fc4083a3000 rw-p 00015000 08:01 6954741                    /usr/lib/jvm/java-8-oracle/jre/lib/amd64/jli/libjli.so
7fc4083a3000-7fc4083bc000 r-xp 00000000 08:01 1311273                    /lib/x86_64-linux-gnu/libpthread-2.19.so
7fc4083bc000-7fc4085bb000 ---p 00019000 08:01 1311273                    /lib/x86_64-linux-gnu/libpthread-2.19.so
7fc4085bb000-7fc4085bc000 r--p 00018000 08:01 1311273                    /lib/x86_64-linux-gnu/libpthread-2.19.so
7fc4085bc000-7fc4085bd000 rw-p 00019000 08:01 1311273                    /lib/x86_64-linux-gnu/libpthread-2.19.so
7fc4085bd000-7fc4085c1000 rw-p 00000000 00:00 0 
7fc4085c1000-7fc4085e4000 r-xp 00000000 08:01 1311128                    /lib/x86_64-linux-gnu/ld-2.19.so
7fc4085e5000-7fc4085e9000 r--s 00025000 08:01 3693535                    /home/ktonder/source/getshop/3.0.0/com.getshop.core/lib/google-api-client-1.18.0-rc.jar
7fc4085e9000-7fc4086ae000 rw-p 00000000 00:00 0 
7fc4086ae000-7fc4086b1000 ---p 00000000 00:00 0 
7fc4086b1000-7fc4087b4000 rw-p 00000000 00:00 0                          [stack:4598]
7fc4087b4000-7fc4087d5000 rw-p 00000000 00:00 0 
7fc4087d5000-7fc4087dd000 rw-s 00000000 08:01 8651607                    /tmp/hsperfdata_ktonder/4594
7fc4087dd000-7fc4087de000 rw-p 00000000 00:00 0 
7fc4087de000-7fc4087df000 r--p 00000000 00:00 0 
7fc4087df000-7fc4087e1000 rw-p 00000000 00:00 0 
7fc4087e1000-7fc4087e3000 r-xp 00000000 00:00 0                          [vdso]
7fc4087e3000-7fc4087e4000 r--p 00022000 08:01 1311128                    /lib/x86_64-linux-gnu/ld-2.19.so
7fc4087e4000-7fc4087e5000 rw-p 00023000 08:01 1311128                    /lib/x86_64-linux-gnu/ld-2.19.so
7fc4087e5000-7fc4087e6000 rw-p 00000000 00:00 0 
7fff3b9dd000-7fff3b9ff000 rw-p 00000000 00:00 0                          [stack]
ffffffffff600000-ffffffffff601000 r-xp 00000000 00:00 0                  [vsyscall]
ffffffffff600000-ffffffffff601000 r-xp 00000000 00:00 0                  [vsyscall]

VM Arguments:
jvm_args: -Dfile.encoding=UTF-8 
java_command: com.thundashop.core.start.Runner
java_class_path (initial): /home/ktonder/source/getshop/3.0.0/com.getshop.core/lib/spring-context-4.1.0.RELEASE.jar:/home/ktonder/source/getshop/3.0.0/com.getshop.core/lib/spring-core-4.1.0.RELEASE.jar:/home/ktonder/source/getshop/3.0.0/com.getshop.core/lib/google-api-services-youtube-v3-rev117-1.19.0.jar:/home/ktonder/source/getshop/3.0.0/com.getshop.core/lib/google-api-client-1.18.0-rc.jar:/home/ktonder/source/getshop/3.0.0/com.getshop.core/lib/spring-beans-4.1.0.RELEASE.jar:/home/ktonder/source/getshop/3.0.0/com.getshop.core/lib/gson-2.3.jar:/home/ktonder/source/getshop/3.0.0/com.getshop.core/lib/jaxrpc.jar:/home/ktonder/source/getshop/3.0.0/com.getshop.core/lib/gcm-server-1.0.2.jar:/home/ktonder/source/getshop/3.0.0/com.getshop.core/lib/antisamy-1.5.3.jar:/home/ktonder/source/getshop/3.0.0/com.getshop.core/lib/log4j-1.2.17.jar:/home/ktonder/source/getshop/3.0.0/com.getshop.core/lib/httpcore-4.3.2.jar:/home/ktonder/source/getshop/3.0.0/com.getshop.core/lib/httpclient-4.3.5.jar:/home/ktonder/source/getshop/3.0.0/com.getshop.core/lib/httpmime-4.3.5.jar:/home/ktonder/source/getshop/3.0.0/com.getshop.core/lib/mail-1.5.0-b01.jar:/home/ktonder/source/getshop/3.0.0/com.getshop.core/lib/javapns-jdk16-2.2.1.jar:/home/ktonder/source/getshop/3.0.0/com.getshop.core/lib/axis.jar:/home/ktonder/source/getshop/3.0.0/com.getshop.core/lib/google-http-client-1.18.0-rc.jar:/home/ktonder/source/getshop/3.0.0/com.getshop.messages/dist/com.thundashop.messages.jar:/home/ktonder/source/getshop/3.0.0/com.getshop.core/lib/google-http-client-gson-1.18.0-rc.jar:/home/ktonder/source/getshop/3.0.0/com.getshop.core/lib/xercesImpl.jar:/home/ktonder/source/getshop/3.0.0/com.getshop.core/lib/commons-net-2.0.jar:/home/ktonder/source/getshop/3.0.0/com.getshop.core/lib/braintree-java-2.39.1.jar:/home/ktonder/source/getshop/3.0.0/com.getshop.core/lib/java_websocket.jar:/home/ktonder/source/getshop/3.0.0/com.getshop.core/lib/pdfbox-app-1.8.2.jar:/home/ktonder/source/getshop/3.0.0/com.getshop.core/lib
Launcher Type: SUN_STANDARD

Environment Variables:
PATH=/opt/OpenPrinting-Gutenprint/sbin:/opt/OpenPrinting-Gutenprint/bin:/usr/local/sbin:/usr/local/bin:/usr/sbin:/usr/bin:/sbin:/bin:/usr/games:/usr/local/games
LD_LIBRARY_PATH=/usr/lib/jvm/java-8-oracle/jre/lib/amd64:/usr/lib/jvm/java-8-oracle/jre/lib/i386:/usr/lib32
SHELL=/bin/bash
DISPLAY=:0.0

Signal Handlers:
SIGSEGV: [libjvm.so+0xaad2e0], sa_mask[0]=11111111011111111101111111111110, sa_flags=SA_RESTART|SA_SIGINFO
SIGBUS: [libjvm.so+0xaad2e0], sa_mask[0]=11111111011111111101111111111110, sa_flags=SA_RESTART|SA_SIGINFO
SIGFPE: [libjvm.so+0x90b550], sa_mask[0]=11111111011111111101111111111110, sa_flags=SA_RESTART|SA_SIGINFO
SIGPIPE: [libjvm.so+0x90b550], sa_mask[0]=11111111011111111101111111111110, sa_flags=SA_RESTART|SA_SIGINFO
SIGXFSZ: [libjvm.so+0x90b550], sa_mask[0]=11111111011111111101111111111110, sa_flags=SA_RESTART|SA_SIGINFO
SIGILL: [libjvm.so+0x90b550], sa_mask[0]=11111111011111111101111111111110, sa_flags=SA_RESTART|SA_SIGINFO
SIGUSR1: SIG_DFL, sa_mask[0]=00000000000000000000000000000000, sa_flags=none
SIGUSR2: [libjvm.so+0x90cb90], sa_mask[0]=00100000000000000000000000000000, sa_flags=SA_RESTART|SA_SIGINFO
SIGHUP: [libjvm.so+0x90dee0], sa_mask[0]=11111111011111111101111111111110, sa_flags=SA_RESTART|SA_SIGINFO
SIGINT: SIG_IGN, sa_mask[0]=00000000000000000000000000000000, sa_flags=none
SIGTERM: [libjvm.so+0x90dee0], sa_mask[0]=11111111011111111101111111111110, sa_flags=SA_RESTART|SA_SIGINFO
SIGQUIT: [libjvm.so+0x90dee0], sa_mask[0]=11111111011111111101111111111110, sa_flags=SA_RESTART|SA_SIGINFO


---------------  S Y S T E M  ---------------

OS:DISTRIB_ID=Ubuntu
DISTRIB_RELEASE=14.04
DISTRIB_CODENAME=trusty
DISTRIB_DESCRIPTION="Ubuntu 14.04.2 LTS"

uname:Linux 3.13.0-36-generic #63-Ubuntu SMP Wed Sep 3 21:30:07 UTC 2014 x86_64
libc:glibc 2.19 NPTL 2.19 
rlimit: STACK 8192k, CORE 0k, NPROC 256836, NOFILE 4096, AS infinity
load average:2.21 1.81 1.72

/proc/meminfo:
MemTotal:       32896872 kB
MemFree:         3592400 kB
Buffers:          753716 kB
Cached:         17323072 kB
SwapCached:            0 kB
Active:         17142548 kB
Inactive:       10017864 kB
Active(anon):    9129532 kB
Inactive(anon):   244140 kB
Active(file):    8013016 kB
Inactive(file):  9773724 kB
Unevictable:        1004 kB
Mlocked:            1004 kB
SwapTotal:       8257532 kB
SwapFree:        8257532 kB
Dirty:              2132 kB
Writeback:             0 kB
AnonPages:       9084652 kB
Mapped:          1890476 kB
Shmem:            289908 kB
Slab:             887680 kB
SReclaimable:     806332 kB
SUnreclaim:        81348 kB
KernelStack:        8688 kB
PageTables:        88752 kB
NFS_Unstable:          0 kB
Bounce:                0 kB
WritebackTmp:          0 kB
CommitLimit:    24705968 kB
Committed_AS:   18695104 kB
VmallocTotal:   34359738367 kB
VmallocUsed:      159284 kB
VmallocChunk:   34359555068 kB
HardwareCorrupted:     0 kB
AnonHugePages:   5189632 kB
HugePages_Total:       0
HugePages_Free:        0
HugePages_Rsvd:        0
HugePages_Surp:        0
Hugepagesize:       2048 kB
DirectMap4k:     1838324 kB
DirectMap2M:    31664128 kB


CPU:total 8 (4 cores per cpu, 2 threads per core) family 6 model 42 stepping 7, cmov, cx8, fxsr, mmx, sse, sse2, sse3, ssse3, sse4.1, sse4.2, popcnt, avx, aes, clmul, ht, tsc, tscinvbit

/proc/cpuinfo:
processor	: 0
vendor_id	: GenuineIntel
cpu family	: 6
model		: 42
model name	: Intel(R) Core(TM) i7-2700K CPU @ 3.50GHz
stepping	: 7
microcode	: 0x26
cpu MHz		: 2800.000
cache size	: 8192 KB
physical id	: 0
siblings	: 8
core id		: 0
cpu cores	: 4
apicid		: 0
initial apicid	: 0
fpu		: yes
fpu_exception	: yes
cpuid level	: 13
wp		: yes
flags		: fpu vme de pse tsc msr pae mce cx8 apic sep mtrr pge mca cmov pat pse36 clflush dts acpi mmx fxsr sse sse2 ss ht tm pbe syscall nx rdtscp lm constant_tsc arch_perfmon pebs bts rep_good nopl xtopology nonstop_tsc aperfmperf eagerfpu pni pclmulqdq dtes64 monitor ds_cpl vmx est tm2 ssse3 cx16 xtpr pdcm pcid sse4_1 sse4_2 popcnt tsc_deadline_timer aes xsave avx lahf_lm ida arat epb xsaveopt pln pts dtherm tpr_shadow vnmi flexpriority ept vpid
bogomips	: 6984.47
clflush size	: 64
cache_alignment	: 64
address sizes	: 36 bits physical, 48 bits virtual
power management:

processor	: 1
vendor_id	: GenuineIntel
cpu family	: 6
model		: 42
model name	: Intel(R) Core(TM) i7-2700K CPU @ 3.50GHz
stepping	: 7
microcode	: 0x26
cpu MHz		: 3501.000
cache size	: 8192 KB
physical id	: 0
siblings	: 8
core id		: 1
cpu cores	: 4
apicid		: 2
initial apicid	: 2
fpu		: yes
fpu_exception	: yes
cpuid level	: 13
wp		: yes
flags		: fpu vme de pse tsc msr pae mce cx8 apic sep mtrr pge mca cmov pat pse36 clflush dts acpi mmx fxsr sse sse2 ss ht tm pbe syscall nx rdtscp lm constant_tsc arch_perfmon pebs bts rep_good nopl xtopology nonstop_tsc aperfmperf eagerfpu pni pclmulqdq dtes64 monitor ds_cpl vmx est tm2 ssse3 cx16 xtpr pdcm pcid sse4_1 sse4_2 popcnt tsc_deadline_timer aes xsave avx lahf_lm ida arat epb xsaveopt pln pts dtherm tpr_shadow vnmi flexpriority ept vpid
bogomips	: 6984.47
clflush size	: 64
cache_alignment	: 64
address sizes	: 36 bits physical, 48 bits virtual
power management:

processor	: 2
vendor_id	: GenuineIntel
cpu family	: 6
model		: 42
model name	: Intel(R) Core(TM) i7-2700K CPU @ 3.50GHz
stepping	: 7
microcode	: 0x26
cpu MHz		: 3501.000
cache size	: 8192 KB
physical id	: 0
siblings	: 8
core id		: 2
cpu cores	: 4
apicid		: 4
initial apicid	: 4
fpu		: yes
fpu_exception	: yes
cpuid level	: 13
wp		: yes
flags		: fpu vme de pse tsc msr pae mce cx8 apic sep mtrr pge mca cmov pat pse36 clflush dts acpi mmx fxsr sse sse2 ss ht tm pbe syscall nx rdtscp lm constant_tsc arch_perfmon pebs bts rep_good nopl xtopology nonstop_tsc aperfmperf eagerfpu pni pclmulqdq dtes64 monitor ds_cpl vmx est tm2 ssse3 cx16 xtpr pdcm pcid sse4_1 sse4_2 popcnt tsc_deadline_timer aes xsave avx lahf_lm ida arat epb xsaveopt pln pts dtherm tpr_shadow vnmi flexpriority ept vpid
bogomips	: 6984.47
clflush size	: 64
cache_alignment	: 64
address sizes	: 36 bits physical, 48 bits virtual
power management:

processor	: 3
vendor_id	: GenuineIntel
cpu family	: 6
model		: 42
model name	: Intel(R) Core(TM) i7-2700K CPU @ 3.50GHz
stepping	: 7
microcode	: 0x26
cpu MHz		: 3501.000
cache size	: 8192 KB
physical id	: 0
siblings	: 8
core id		: 3
cpu cores	: 4
apicid		: 6
initial apicid	: 6
fpu		: yes
fpu_exception	: yes
cpuid level	: 13
wp		: yes
flags		: fpu vme de pse tsc msr pae mce cx8 apic sep mtrr pge mca cmov pat pse36 clflush dts acpi mmx fxsr sse sse2 ss ht tm pbe syscall nx rdtscp lm constant_tsc arch_perfmon pebs bts rep_good nopl xtopology nonstop_tsc aperfmperf eagerfpu pni pclmulqdq dtes64 monitor ds_cpl vmx est tm2 ssse3 cx16 xtpr pdcm pcid sse4_1 sse4_2 popcnt tsc_deadline_timer aes xsave avx lahf_lm ida arat epb xsaveopt pln pts dtherm tpr_shadow vnmi flexpriority ept vpid
bogomips	: 6984.47
clflush size	: 64
cache_alignment	: 64
address sizes	: 36 bits physical, 48 bits virtual
power management:

processor	: 4
vendor_id	: GenuineIntel
cpu family	: 6
model		: 42
model name	: Intel(R) Core(TM) i7-2700K CPU @ 3.50GHz
stepping	: 7
microcode	: 0x26
cpu MHz		: 3501.000
cache size	: 8192 KB
physical id	: 0
siblings	: 8
core id		: 0
cpu cores	: 4
apicid		: 1
initial apicid	: 1
fpu		: yes
fpu_exception	: yes
cpuid level	: 13
wp		: yes
flags		: fpu vme de pse tsc msr pae mce cx8 apic sep mtrr pge mca cmov pat pse36 clflush dts acpi mmx fxsr sse sse2 ss ht tm pbe syscall nx rdtscp lm constant_tsc arch_perfmon pebs bts rep_good nopl xtopology nonstop_tsc aperfmperf eagerfpu pni pclmulqdq dtes64 monitor ds_cpl vmx est tm2 ssse3 cx16 xtpr pdcm pcid sse4_1 sse4_2 popcnt tsc_deadline_timer aes xsave avx lahf_lm ida arat epb xsaveopt pln pts dtherm tpr_shadow vnmi flexpriority ept vpid
bogomips	: 6984.47
clflush size	: 64
cache_alignment	: 64
address sizes	: 36 bits physical, 48 bits virtual
power management:

processor	: 5
vendor_id	: GenuineIntel
cpu family	: 6
model		: 42
model name	: Intel(R) Core(TM) i7-2700K CPU @ 3.50GHz
stepping	: 7
microcode	: 0x26
cpu MHz		: 3501.000
cache size	: 8192 KB
physical id	: 0
siblings	: 8
core id		: 1
cpu cores	: 4
apicid		: 3
initial apicid	: 3
fpu		: yes
fpu_exception	: yes
cpuid level	: 13
wp		: yes
flags		: fpu vme de pse tsc msr pae mce cx8 apic sep mtrr pge mca cmov pat pse36 clflush dts acpi mmx fxsr sse sse2 ss ht tm pbe syscall nx rdtscp lm constant_tsc arch_perfmon pebs bts rep_good nopl xtopology nonstop_tsc aperfmperf eagerfpu pni pclmulqdq dtes64 monitor ds_cpl vmx est tm2 ssse3 cx16 xtpr pdcm pcid sse4_1 sse4_2 popcnt tsc_deadline_timer aes xsave avx lahf_lm ida arat epb xsaveopt pln pts dtherm tpr_shadow vnmi flexpriority ept vpid
bogomips	: 6984.47
clflush size	: 64
cache_alignment	: 64
address sizes	: 36 bits physical, 48 bits virtual
power management:

processor	: 6
vendor_id	: GenuineIntel
cpu family	: 6
model		: 42
model name	: Intel(R) Core(TM) i7-2700K CPU @ 3.50GHz
stepping	: 7
microcode	: 0x26
cpu MHz		: 3501.000
cache size	: 8192 KB
physical id	: 0
siblings	: 8
core id		: 2
cpu cores	: 4
apicid		: 5
initial apicid	: 5
fpu		: yes
fpu_exception	: yes
cpuid level	: 13
wp		: yes
flags		: fpu vme de pse tsc msr pae mce cx8 apic sep mtrr pge mca cmov pat pse36 clflush dts acpi mmx fxsr sse sse2 ss ht tm pbe syscall nx rdtscp lm constant_tsc arch_perfmon pebs bts rep_good nopl xtopology nonstop_tsc aperfmperf eagerfpu pni pclmulqdq dtes64 monitor ds_cpl vmx est tm2 ssse3 cx16 xtpr pdcm pcid sse4_1 sse4_2 popcnt tsc_deadline_timer aes xsave avx lahf_lm ida arat epb xsaveopt pln pts dtherm tpr_shadow vnmi flexpriority ept vpid
bogomips	: 6984.47
clflush size	: 64
cache_alignment	: 64
address sizes	: 36 bits physical, 48 bits virtual
power management:

processor	: 7
vendor_id	: GenuineIntel
cpu family	: 6
model		: 42
model name	: Intel(R) Core(TM) i7-2700K CPU @ 3.50GHz
stepping	: 7
microcode	: 0x26
cpu MHz		: 3501.000
cache size	: 8192 KB
physical id	: 0
siblings	: 8
core id		: 3
cpu cores	: 4
apicid		: 7
initial apicid	: 7
fpu		: yes
fpu_exception	: yes
cpuid level	: 13
wp		: yes
flags		: fpu vme de pse tsc msr pae mce cx8 apic sep mtrr pge mca cmov pat pse36 clflush dts acpi mmx fxsr sse sse2 ss ht tm pbe syscall nx rdtscp lm constant_tsc arch_perfmon pebs bts rep_good nopl xtopology nonstop_tsc aperfmperf eagerfpu pni pclmulqdq dtes64 monitor ds_cpl vmx est tm2 ssse3 cx16 xtpr pdcm pcid sse4_1 sse4_2 popcnt tsc_deadline_timer aes xsave avx lahf_lm ida arat epb xsaveopt pln pts dtherm tpr_shadow vnmi flexpriority ept vpid
bogomips	: 6984.47
clflush size	: 64
cache_alignment	: 64
address sizes	: 36 bits physical, 48 bits virtual
power management:



Memory: 4k page, physical 32896872k(3592400k free), swap 8257532k(8257532k free)

vm_info: Java HotSpot(TM) 64-Bit Server VM (25.40-b25) for linux-amd64 JRE (1.8.0_40-b25), built on Feb 10 2015 21:29:53 by "java_re" with gcc 4.3.0 20080428 (Red Hat 4.3.0-8)

time: Thu Jul 23 12:14:53 2015
elapsed time: 4 seconds (0d 0h 0m 4s)

