#
# A fatal error has been detected by the Java Runtime Environment:
#
#  SIGSEGV (0xb) at pc=0x00007f8de10d28f4, pid=8032, tid=140246828103424
#
# JRE version: Java(TM) SE Runtime Environment (8.0_25-b17) (build 1.8.0_25-b17)
# Java VM: Java HotSpot(TM) 64-Bit Server VM (25.25-b02 mixed mode linux-amd64 compressed oops)
# Problematic frame:
# V  [libjvm.so+0x8738f4]  Method::checked_resolve_jmethod_id(_jmethodID*)+0x34
#
# Failed to write core dump. Core dumps have been disabled. To enable core dumping, try "ulimit -c unlimited" before starting Java again
#
# If you would like to submit a bug report, please visit:
#   http://bugreport.sun.com/bugreport/crash.jsp
#

---------------  T H R E A D  ---------------

Current thread (0x00007f8ddc0bc000):  JavaThread "JDWP Transport Listener: dt_socket" daemon [_thread_in_vm, id=8049, stack(0x00007f8dc24eb000,0x00007f8dc25ec000)]

siginfo: si_signo: 11 (SIGSEGV), si_code: 1 (SEGV_MAPERR), si_addr: 0x00000049b516f629

Registers:
RAX=0x00000049b516f619, RBX=0x0000000730604ce0, RCX=0x00007f8de21dc320, RDX=0x00007f8de17b97e0
RSP=0x00007f8dc25eaa10, RBP=0x00007f8dc25eaa20, RSI=0x00007f8ddc0bc000, RDI=0x0000000730604ce0
R8 =0x0000000000000000, R9 =0x00007f8d88006120, R10=0x0000000000000070, R11=0x00007f8de196c7b0
R12=0x0000000000000017, R13=0x00007f8d88004888, R14=0x00007f8ddc0bc000, R15=0x00007f8dc25eab27
RIP=0x00007f8de10d28f4, EFLAGS=0x0000000000010216, CSGSFS=0x0000000000000033, ERR=0x0000000000000004
  TRAPNO=0x000000000000000e

Top of Stack: (sp=0x00007f8dc25eaa10)
0x00007f8dc25eaa10:   0000000000000074 00007f8ddc004d30
0x00007f8dc25eaa20:   00007f8dc25eaa90 00007f8de0f67e5e
0x00007f8dc25eaa30:   00007f8d88003e10 00007f8dc25eaa40
0x00007f8dc25eaa40:   00007f8ddc0bc000 0000000000000000
0x00007f8dc25eaa50:   00007f8d00000000 0000000000000000
0x00007f8dc25eaa60:   00007f8dc25eaa80 00007f8ddbdd3d60
0x00007f8dc25eaa70:   00007f8d88004888 00007f8dc25eab27
0x00007f8dc25eaa80:   0000000000000053 00007f8dc25eab27
0x00007f8dc25eaa90:   00007f8dc25eaac0 00007f8ddbbbf872
0x00007f8dc25eaaa0:   00007f8dc25eaac0 00007f8d88004888
0x00007f8dc25eaab0:   00007f8dc25eab90 0000000000000298
0x00007f8dc25eaac0:   00007f8dc25eab50 00007f8ddbba0a60
0x00007f8dc25eaad0:   00007f8dc25eab08 00007f8dc25eab00
0x00007f8dc25eaae0:   00007f8dc25eaaf8 00007f8dc25eab1c
0x00007f8dc25eaaf0:   0000000188002db0 0000000000000000
0x00007f8dc25eab00:   0000000000000000 0000000000000000
0x00007f8dc25eab10:   00007f8d880061a0 00000001c25eab90
0x00007f8dc25eab20:   0000000000000054 0000000000000002
0x00007f8dc25eab30:   000000000000000f 0000000000000002
0x00007f8dc25eab40:   00000000000f0200 000000000000000f
0x00007f8dc25eab50:   00007f8dc25eada0 00007f8ddbbab976
0x00007f8dc25eab60:   0000fa4a00000013 00007f8de00f0200
0x00007f8dc25eab70:   00007f8d80000ba0 0000000000000000
0x00007f8dc25eab80:   00007f8dc25eab90 00007f8dc25ead20
0x00007f8dc25eab90:   00007f8d880087e4 00007f8d0000027c
0x00007f8dc25eaba0:   00007f8d88006180 000000000000012c
0x00007f8dc25eabb0:   00007f8dc25eabe0 00007f8d88005600
0x00007f8dc25eabc0:   00007f0000000000 0000fa4a0000000c
0x00007f8dc25eabd0:   00007f8d0000ad80 00007f8dc25eabe0
0x00007f8dc25eabe0:   8d7f000054000000 1f000000c0600088
0x00007f8dc25eabf0:   67246164626d616c 6573556c6c417465
0x00007f8dc25eac00:   6e696b6f6f427372 0030246174614467 

Instructions: (pc=0x00007f8de10d28f4)
0x00007f8de10d28d4:   83 c4 08 5b c9 c3 66 0f 1f 44 00 00 48 8b 1f 48
0x00007f8de10d28e4:   85 db 74 e6 48 83 fb 37 74 e0 48 8b 03 48 89 df
0x00007f8de10d28f4:   ff 50 10 84 c0 0f 1f 80 00 00 00 00 75 ce 66 0f
0x00007f8de10d2904:   1f 44 00 00 eb c4 66 0f 1f 44 00 00 55 48 89 e5 

Register to memory mapping:

RAX=0x00000049b516f619 is an unknown value
RBX=0x0000000730604ce0 is an oop
java.lang.Class 
 - klass: 'java/lang/Class'
RCX=0x00007f8de21dc320: <offset 0x219320> in /lib/x86_64-linux-gnu/libpthread.so.0 at 0x00007f8de1fc3000
RDX=0x00007f8de17b97e0: <offset 0xf5a7e0> in /usr/lib/jvm/java-8-oracle/jre/lib/amd64/server/libjvm.so at 0x00007f8de085f000
RSP=0x00007f8dc25eaa10 is pointing into the stack for thread: 0x00007f8ddc0bc000
RBP=0x00007f8dc25eaa20 is pointing into the stack for thread: 0x00007f8ddc0bc000
RSI=0x00007f8ddc0bc000 is a thread
RDI=0x0000000730604ce0 is an oop
java.lang.Class 
 - klass: 'java/lang/Class'
R8 =0x0000000000000000 is an unknown value
R9 =0x00007f8d88006120 is an unknown value
R10=0x0000000000000070 is an unknown value
R11=0x00007f8de196c7b0: <offset 0x1887b0> in /lib/x86_64-linux-gnu/libc.so.6 at 0x00007f8de17e4000
R12=0x0000000000000017 is an unknown value
R13=0x00007f8d88004888 is an unknown value
R14=0x00007f8ddc0bc000 is a thread
R15=0x00007f8dc25eab27 is pointing into the stack for thread: 0x00007f8ddc0bc000


Stack: [0x00007f8dc24eb000,0x00007f8dc25ec000],  sp=0x00007f8dc25eaa10,  free space=1022k
Native frames: (J=compiled Java code, j=interpreted, Vv=VM code, C=native code)
V  [libjvm.so+0x8738f4]  Method::checked_resolve_jmethod_id(_jmethodID*)+0x34
V  [libjvm.so+0x708e5e]  jvmti_IsMethodSynthetic+0x29e
C  [libjdwp.so+0x25872]  isMethodSynthetic+0x42
C  [libjdwp.so+0x6a60]  methods1+0x1b0
C  [libjdwp.so+0x11976]  debugLoop_run+0x2b6
C  [libjdwp.so+0x247af]  attachThread+0x2f
V  [libjvm.so+0x774bc2]  JvmtiAgentThread::call_start_function()+0xc2
V  [libjvm.so+0xa29e8f]  JavaThread::thread_main_inner()+0xdf
V  [libjvm.so+0xa29fbc]  JavaThread::run()+0x11c
V  [libjvm.so+0x8e7d48]  java_start(Thread*)+0x108
C  [libpthread.so.0+0x8182]  start_thread+0xc2


---------------  P R O C E S S  ---------------

Java Threads: ( => current thread )
  0x00007f8d401c4800 JavaThread "Thread-18" [_thread_blocked, id=8091, stack(0x00007f8d3f8fb000,0x00007f8d3f9fc000)]
  0x00007f8ddcb2e000 JavaThread "qtp1471633238-30" [_thread_blocked, id=8088, stack(0x00007f8d3fcfd000,0x00007f8d3fdfe000)]
  0x00007f8ddcb2c000 JavaThread "qtp1471633238-29" [_thread_blocked, id=8087, stack(0x00007f8d3fdfe000,0x00007f8d3feff000)]
  0x00007f8ddcb2a800 JavaThread "qtp1471633238-28" [_thread_blocked, id=8086, stack(0x00007f8d3feff000,0x00007f8d40000000)]
  0x00007f8ddcb28800 JavaThread "qtp1471633238-27" [_thread_blocked, id=8085, stack(0x00007f8da408b000,0x00007f8da418c000)]
  0x00007f8ddcb27000 JavaThread "qtp1471633238-26" [_thread_blocked, id=8083, stack(0x00007f8da418c000,0x00007f8da428d000)]
  0x00007f8ddcb25800 JavaThread "qtp1471633238-25-acceptor-0@75a2d4a2-ServerConnector@7b653466{HTTP/1.1}{0.0.0.0:8080}" [_thread_in_native, id=8081, stack(0x00007f8da428d000,0x00007f8da438e000)]
  0x00007f8ddcb20000 JavaThread "qtp1471633238-24-selector-ServerConnectorManager@4e90151e/1" [_thread_in_native, id=8080, stack(0x00007f8da438e000,0x00007f8da448f000)]
  0x00007f8ddcb1f800 JavaThread "qtp1471633238-23-selector-ServerConnectorManager@4e90151e/0" [_thread_in_native, id=8079, stack(0x00007f8da448f000,0x00007f8da4590000)]
  0x00007f8ddca9d800 JavaThread "WebsocketSelector21" [_thread_in_native, id=8077, stack(0x00007f8dc045d000,0x00007f8dc055e000)]
  0x00007f8ddca9c800 JavaThread "Thread-6" [_thread_in_native, id=8076, stack(0x00007f8dc055e000,0x00007f8dc065f000)]
  0x00007f8ddca78000 JavaThread "pool-1-thread-1" [_thread_blocked, id=8075, stack(0x00007f8dc00b8000,0x00007f8dc01b9000)]
  0x00007f8ddca10000 JavaThread "WebSocketWorker-18" [_thread_blocked, id=8074, stack(0x00007f8dc065f000,0x00007f8dc0760000)]
  0x00007f8ddca0e000 JavaThread "WebSocketWorker-17" [_thread_blocked, id=8073, stack(0x00007f8dc0760000,0x00007f8dc0861000)]
  0x00007f8ddc9f9800 JavaThread "WebSocketWorker-16" [_thread_blocked, id=8072, stack(0x00007f8dc0861000,0x00007f8dc0962000)]
  0x00007f8ddc9fb000 JavaThread "WebSocketWorker-15" [_thread_blocked, id=8069, stack(0x00007f8dc0962000,0x00007f8dc0a63000)]
  0x00007f8ddc8bf000 JavaThread "MongoCleaner1720797452" daemon [_thread_blocked, id=8061, stack(0x00007f8dc0e63000,0x00007f8dc0f64000)]
  0x00007f8ddc8bc000 JavaThread "cluster-1-localhost:27018" daemon [_thread_blocked, id=8060, stack(0x00007f8dc0f64000,0x00007f8dc1065000)]
  0x00007f8ddc0cc000 JavaThread "Service Thread" daemon [_thread_blocked, id=8058, stack(0x00007f8dc1ee5000,0x00007f8dc1fe6000)]
  0x00007f8ddc0c6800 JavaThread "C1 CompilerThread2" daemon [_thread_blocked, id=8057, stack(0x00007f8dc1fe6000,0x00007f8dc20e7000)]
  0x00007f8ddc0c5000 JavaThread "C2 CompilerThread1" daemon [_thread_blocked, id=8056, stack(0x00007f8dc20e7000,0x00007f8dc21e8000)]
  0x00007f8ddc0c2000 JavaThread "C2 CompilerThread0" daemon [_thread_blocked, id=8055, stack(0x00007f8dc21e8000,0x00007f8dc22e9000)]
  0x00007f8d88001000 JavaThread "JDWP Command Reader" daemon [_thread_in_native, id=8052, stack(0x00007f8dc22e9000,0x00007f8dc23ea000)]
  0x00007f8ddc0c0000 JavaThread "JDWP Event Helper Thread" daemon [_thread_blocked, id=8051, stack(0x00007f8dc23ea000,0x00007f8dc24eb000)]
=>0x00007f8ddc0bc000 JavaThread "JDWP Transport Listener: dt_socket" daemon [_thread_in_vm, id=8049, stack(0x00007f8dc24eb000,0x00007f8dc25ec000)]
  0x00007f8ddc0ac800 JavaThread "Signal Dispatcher" daemon [_thread_blocked, id=8048, stack(0x00007f8dc27f0000,0x00007f8dc28f1000)]
  0x00007f8ddc080000 JavaThread "Finalizer" daemon [_thread_blocked, id=8044, stack(0x00007f8dc28f1000,0x00007f8dc29f2000)]
  0x00007f8ddc07e000 JavaThread "Reference Handler" daemon [_thread_blocked, id=8043, stack(0x00007f8dc29f2000,0x00007f8dc2af3000)]
  0x00007f8ddc00d800 JavaThread "main" [_thread_blocked, id=8034, stack(0x00007f8de22e0000,0x00007f8de23e1000)]

Other Threads:
  0x00007f8ddc077000 VMThread [stack: 0x00007f8dc2af3000,0x00007f8dc2bf4000] [id=8042]
  0x00007f8ddc0ce800 WatcherThread [stack: 0x00007f8dc1de4000,0x00007f8dc1ee5000] [id=8059]

VM state:not at safepoint (normal execution)

VM Mutex/Monitor currently owned by a thread: None

Heap:
 PSYoungGen      total 393216K, used 140369K [0x0000000719100000, 0x000000073a200000, 0x00000007c0000000)
  eden space 372224K, 32% used [0x0000000719100000,0x000000072061ed98,0x000000072fc80000)
  from space 20992K, 97% used [0x000000072fc80000,0x0000000731075750,0x0000000731100000)
  to   space 34304K, 0% used [0x0000000738080000,0x0000000738080000,0x000000073a200000)
 ParOldGen       total 203776K, used 26258K [0x00000005cb200000, 0x00000005d7900000, 0x0000000719100000)
  object space 203776K, 12% used [0x00000005cb200000,0x00000005ccba4870,0x00000005d7900000)
 Metaspace       used 24730K, capacity 25236K, committed 25472K, reserved 1071104K
  class space    used 2789K, capacity 2906K, committed 2944K, reserved 1048576K

Card table byte_map: [0x00007f8dca3c5000,0x00007f8dcb36d000] byte_map_base: 0x00007f8dc756c000

Marking Bits: (ParMarkBitMap*) 0x00007f8de17b92c0
 Begin Bits: [0x00007f8da4590000, 0x00007f8dac2c8000)
 End Bits:   [0x00007f8dac2c8000, 0x00007f8db4000000)

Polling page: 0x00007f8de2400000

CodeCache: size=245760Kb used=15810Kb max_used=16392Kb free=229949Kb
 bounds [0x00007f8dcb72d000, 0x00007f8dcc74d000, 0x00007f8dda72d000]
 total_blobs=4392 nmethods=4002 adapters=311
 compilation: enabled

Compilation events (10 events):
Event: 152,006 Thread 0x00007f8ddc0c6800 nmethod 4678 0x00007f8dcbc61c90 code [0x00007f8dcbc61e20, 0x00007f8dcbc621c8]
Event: 152,006 Thread 0x00007f8ddc0c6800 4679       3       java.util.Collections$UnmodifiableSet::<init> (6 bytes)
Event: 152,006 Thread 0x00007f8ddc0c6800 nmethod 4679 0x00007f8dcbd98f50 code [0x00007f8dcbd990e0, 0x00007f8dcbd993e8]
Event: 152,015 Thread 0x00007f8ddc0c2000 nmethod 4677 0x00007f8dcc2799d0 code [0x00007f8dcc279b80, 0x00007f8dcc27a138]
Event: 157,006 Thread 0x00007f8ddc0c6800 4680       3       java.util.Collections$UnmodifiableList$1::hasNext (10 bytes)
Event: 157,006 Thread 0x00007f8ddc0c6800 nmethod 4680 0x00007f8dcbc61790 code [0x00007f8dcbc61900, 0x00007f8dcbc61b28]
Event: 157,949 Thread 0x00007f8ddc0c6800 4681       3       java.util.concurrent.ConcurrentHashMap::values (27 bytes)
Event: 157,950 Thread 0x00007f8ddc0c6800 nmethod 4681 0x00007f8dcbd988d0 code [0x00007f8dcbd98a40, 0x00007f8dcbd98d90]
Event: 157,950 Thread 0x00007f8ddc0c6800 4682       3       java.util.concurrent.ConcurrentHashMap$ValuesView::iterator (34 bytes)
Event: 157,950 Thread 0x00007f8ddc0c6800 nmethod 4682 0x00007f8dcbc94490 code [0x00007f8dcbc94620, 0x00007f8dcbc94a58]

GC Heap History (10 events):
Event: 3,364 GC heap before
{Heap before GC invocations=2 (full 0):
 PSYoungGen      total 150016K, used 54797K [0x0000000719100000, 0x000000072b600000, 0x00000007c0000000)
  eden space 129024K, 28% used [0x0000000719100000,0x000000071b487c10,0x0000000720f00000)
  from space 20992K, 87% used [0x0000000720f00000,0x00000007220fb8f0,0x0000000722380000)
  to   space 20992K, 0% used [0x000000072a180000,0x000000072a180000,0x000000072b600000)
 ParOldGen       total 343040K, used 88K [0x00000005cb200000, 0x00000005e0100000, 0x0000000719100000)
  object space 343040K, 0% used [0x00000005cb200000,0x00000005cb216010,0x00000005e0100000)
 Metaspace       used 20912K, capacity 21162K, committed 21248K, reserved 1069056K
  class space    used 2434K, capacity 2503K, committed 2560K, reserved 1048576K
Event: 3,390 GC heap after
Heap after GC invocations=2 (full 0):
 PSYoungGen      total 279040K, used 10173K [0x0000000719100000, 0x000000072b600000, 0x00000007c0000000)
  eden space 258048K, 0% used [0x0000000719100000,0x0000000719100000,0x0000000728d00000)
  from space 20992K, 48% used [0x000000072a180000,0x000000072ab6f718,0x000000072b600000)
  to   space 20992K, 0% used [0x0000000728d00000,0x0000000728d00000,0x000000072a180000)
 ParOldGen       total 343040K, used 104K [0x00000005cb200000, 0x00000005e0100000, 0x0000000719100000)
  object space 343040K, 0% used [0x00000005cb200000,0x00000005cb21a028,0x00000005e0100000)
 Metaspace       used 20912K, capacity 21162K, committed 21248K, reserved 1069056K
  class space    used 2434K, capacity 2503K, committed 2560K, reserved 1048576K
}
Event: 3,391 GC heap before
{Heap before GC invocations=3 (full 1):
 PSYoungGen      total 279040K, used 10173K [0x0000000719100000, 0x000000072b600000, 0x00000007c0000000)
  eden space 258048K, 0% used [0x0000000719100000,0x0000000719100000,0x0000000728d00000)
  from space 20992K, 48% used [0x000000072a180000,0x000000072ab6f718,0x000000072b600000)
  to   space 20992K, 0% used [0x0000000728d00000,0x0000000728d00000,0x000000072a180000)
 ParOldGen       total 343040K, used 104K [0x00000005cb200000, 0x00000005e0100000, 0x0000000719100000)
  object space 343040K, 0% used [0x00000005cb200000,0x00000005cb21a028,0x00000005e0100000)
 Metaspace       used 20912K, capacity 21162K, committed 21248K, reserved 1069056K
  class space    used 2434K, capacity 2503K, committed 2560K, reserved 1048576K
Event: 3,488 GC heap after
Heap after GC invocations=3 (full 1):
 PSYoungGen      total 279040K, used 0K [0x0000000719100000, 0x000000072b600000, 0x00000007c0000000)
  eden space 258048K, 0% used [0x0000000719100000,0x0000000719100000,0x0000000728d00000)
  from space 20992K, 0% used [0x000000072a180000,0x000000072a180000,0x000000072b600000)
  to   space 20992K, 0% used [0x0000000728d00000,0x0000000728d00000,0x000000072a180000)
 ParOldGen       total 203776K, used 10040K [0x00000005cb200000, 0x00000005d7900000, 0x0000000719100000)
  object space 203776K, 4% used [0x00000005cb200000,0x00000005cbbce1d0,0x00000005d7900000)
 Metaspace       used 20779K, capacity 20950K, committed 21248K, reserved 1069056K
  class space    used 2414K, capacity 2467K, committed 2560K, reserved 1048576K
}
Event: 10,221 GC heap before
{Heap before GC invocations=4 (full 1):
 PSYoungGen      total 279040K, used 257901K [0x0000000719100000, 0x000000072b600000, 0x00000007c0000000)
  eden space 258048K, 99% used [0x0000000719100000,0x0000000728cdb630,0x0000000728d00000)
  from space 20992K, 0% used [0x000000072a180000,0x000000072a180000,0x000000072b600000)
  to   space 20992K, 0% used [0x0000000728d00000,0x0000000728d00000,0x000000072a180000)
 ParOldGen       total 203776K, used 10040K [0x00000005cb200000, 0x00000005d7900000, 0x0000000719100000)
  object space 203776K, 4% used [0x00000005cb200000,0x00000005cbbce1d0,0x00000005d7900000)
 Metaspace       used 24397K, capacity 24866K, committed 24960K, reserved 1071104K
  class space    used 2773K, capacity 2891K, committed 2944K, reserved 1048576K
Event: 10,289 GC heap after
Heap after GC invocations=4 (full 1):
 PSYoungGen      total 279040K, used 20978K [0x0000000719100000, 0x0000000732600000, 0x00000007c0000000)
  eden space 258048K, 0% used [0x0000000719100000,0x0000000719100000,0x0000000728d00000)
  from space 20992K, 99% used [0x0000000728d00000,0x000000072a17ca30,0x000000072a180000)
  to   space 20992K, 0% used [0x0000000731180000,0x0000000731180000,0x0000000732600000)
 ParOldGen       total 203776K, used 26242K [0x00000005cb200000, 0x00000005d7900000, 0x0000000719100000)
  object space 203776K, 12% used [0x00000005cb200000,0x00000005ccba0870,0x00000005d7900000)
 Metaspace       used 24397K, capacity 24866K, committed 24960K, reserved 1071104K
  class space    used 2773K, capacity 2891K, committed 2944K, reserved 1048576K
}
Event: 15,430 GC heap before
{Heap before GC invocations=5 (full 1):
 PSYoungGen      total 279040K, used 279026K [0x0000000719100000, 0x0000000732600000, 0x00000007c0000000)
  eden space 258048K, 100% used [0x0000000719100000,0x0000000728d00000,0x0000000728d00000)
  from space 20992K, 99% used [0x0000000728d00000,0x000000072a17ca30,0x000000072a180000)
  to   space 20992K, 0% used [0x0000000731180000,0x0000000731180000,0x0000000732600000)
 ParOldGen       total 203776K, used 26242K [0x00000005cb200000, 0x00000005d7900000, 0x0000000719100000)
  object space 203776K, 12% used [0x00000005cb200000,0x00000005ccba0870,0x00000005d7900000)
 Metaspace       used 24532K, capacity 25056K, committed 25216K, reserved 1071104K
  class space    used 2785K, capacity 2904K, committed 2944K, reserved 1048576K
Event: 15,449 GC heap after
Heap after GC invocations=5 (full 1):
 PSYoungGen      total 378368K, used 20453K [0x0000000719100000, 0x0000000732580000, 0x00000007c0000000)
  eden space 357888K, 0% used [0x0000000719100000,0x0000000719100000,0x000000072ee80000)
  from space 20480K, 99% used [0x0000000731180000,0x0000000732579760,0x0000000732580000)
  to   space 20992K, 0% used [0x000000072fc80000,0x000000072fc80000,0x0000000731100000)
 ParOldGen       total 203776K, used 26250K [0x00000005cb200000, 0x00000005d7900000, 0x0000000719100000)
  object space 203776K, 12% used [0x00000005cb200000,0x00000005ccba2870,0x00000005d7900000)
 Metaspace       used 24532K, capacity 25056K, committed 25216K, reserved 1071104K
  class space    used 2785K, capacity 2904K, committed 2944K, reserved 1048576K
}
Event: 148,829 GC heap before
{Heap before GC invocations=6 (full 1):
 PSYoungGen      total 378368K, used 378341K [0x0000000719100000, 0x0000000732580000, 0x00000007c0000000)
  eden space 357888K, 100% used [0x0000000719100000,0x000000072ee80000,0x000000072ee80000)
  from space 20480K, 99% used [0x0000000731180000,0x0000000732579760,0x0000000732580000)
  to   space 20992K, 0% used [0x000000072fc80000,0x000000072fc80000,0x0000000731100000)
 ParOldGen       total 203776K, used 26250K [0x00000005cb200000, 0x00000005d7900000, 0x0000000719100000)
  object space 203776K, 12% used [0x00000005cb200000,0x00000005ccba2870,0x00000005d7900000)
 Metaspace       used 24608K, capacity 25162K, committed 25216K, reserved 1071104K
  class space    used 2785K, capacity 2905K, committed 2944K, reserved 1048576K
Event: 148,846 GC heap after
Heap after GC invocations=6 (full 1):
 PSYoungGen      total 393216K, used 20437K [0x0000000719100000, 0x000000073a200000, 0x00000007c0000000)
  eden space 372224K, 0% used [0x0000000719100000,0x0000000719100000,0x000000072fc80000)
  from space 20992K, 97% used [0x000000072fc80000,0x0000000731075750,0x0000000731100000)
  to   space 34304K, 0% used [0x0000000738080000,0x0000000738080000,0x000000073a200000)
 ParOldGen       total 203776K, used 26258K [0x00000005cb200000, 0x00000005d7900000, 0x0000000719100000)
  object space 203776K, 12% used [0x00000005cb200000,0x00000005ccba4870,0x00000005d7900000)
 Metaspace       used 24608K, capacity 25162K, committed 25216K, reserved 1071104K
  class space    used 2785K, capacity 2905K, committed 2944K, reserved 1048576K
}

Deoptimization events (10 events):
Event: 10,143 Thread 0x00007f8d50002000 Uncommon trap: reason=null_check action=make_not_entrant pc=0x00007f8dcbb4da54 method=com.google.gson.internal.bind.TypeAdapters$31.create(Lcom/google/gson/Gson;Lcom/google/gson/reflect/TypeToken;)Lcom/google/gson/TypeAdapter; @ 8
Event: 11,979 Thread 0x00007f8ddc8bc000 Uncommon trap: reason=unreached action=reinterpret pc=0x00007f8dcc5b0ef0 method=org.bson.BasicBSONEncoder.putObject(Ljava/lang/String;Lorg/bson/BSONObject;)I @ 55
Event: 14,498 Thread 0x00007f8d50002000 Uncommon trap: reason=range_check action=make_not_entrant pc=0x00007f8dcb948fbc method=java.text.SimpleDateFormat.format(Ljava/util/Date;Ljava/lang/StringBuffer;Ljava/text/Format$FieldDelegate;)Ljava/lang/StringBuffer; @ 48
Event: 14,925 Thread 0x00007f8d50002000 Uncommon trap: reason=unreached action=reinterpret pc=0x00007f8dcc5330f8 method=org.mongodb.morphia.mapping.Mapper.toDBObject(Ljava/lang/Object;Ljava/util/Map;Z)Lcom/mongodb/DBObject; @ 21
Event: 14,951 Thread 0x00007f8d50002000 Uncommon trap: reason=null_check action=make_not_entrant pc=0x00007f8dcc526350 method=org.mongodb.morphia.converters.DefaultConverters.getEncoder(Ljava/lang/Object;Lorg/mongodb/morphia/mapping/MappedField;)Lorg/mongodb/morphia/converters/TypeConverter; @ 
Event: 14,951 Thread 0x00007f8d50002000 Uncommon trap: reason=class_check action=maybe_recompile pc=0x00007f8dcc53b694 method=com.mongodb.DBCollection._checkKeys(Lcom/mongodb/DBObject;)V @ 16
Event: 14,951 Thread 0x00007f8d50002000 Uncommon trap: reason=class_check action=maybe_recompile pc=0x00007f8dcc53b8c8 method=com.mongodb.DBCollection._checkKeys(Lcom/mongodb/DBObject;)V @ 16
Event: 14,951 Thread 0x00007f8d50002000 Uncommon trap: reason=class_check action=maybe_recompile pc=0x00007f8dcc53b694 method=com.mongodb.DBCollection._checkKeys(Lcom/mongodb/DBObject;)V @ 16
Event: 15,086 Thread 0x00007f8d50002000 Uncommon trap: reason=null_check action=make_not_entrant pc=0x00007f8dcbff4e84 method=sun.util.locale.provider.CalendarNameProviderImpl.getResourceKey(Ljava/lang/String;IIZ)Ljava/lang/String; @ 246
Event: 15,242 Thread 0x00007f8d50002000 Uncommon trap: reason=null_check action=make_not_entrant pc=0x00007f8dcb9e099c method=java.text.SimpleDateFormat.checkNegativeNumberExpression()V @ 40

Internal exceptions (10 events):
Event: 9,955 Thread 0x00007f8d50002000 Exception <a 'java/security/PrivilegedActionException'> (0x0000000727d68388) thrown at [/HUDSON/workspace/8-2-build-linux-amd64/jdk8u25/1514/hotspot/src/share/vm/prims/jvm.cpp, line 1312]
Event: 9,955 Thread 0x00007f8d50002000 Exception <a 'java/security/PrivilegedActionException'> (0x0000000727d6e978) thrown at [/HUDSON/workspace/8-2-build-linux-amd64/jdk8u25/1514/hotspot/src/share/vm/prims/jvm.cpp, line 1312]
Event: 10,125 Thread 0x00007f8d50002000 Exception <a 'java/security/PrivilegedActionException'> (0x00000007284b40b0) thrown at [/HUDSON/workspace/8-2-build-linux-amd64/jdk8u25/1514/hotspot/src/share/vm/prims/jvm.cpp, line 1312]
Event: 10,125 Thread 0x00007f8d50002000 Exception <a 'java/security/PrivilegedActionException'> (0x00000007284b7a20) thrown at [/HUDSON/workspace/8-2-build-linux-amd64/jdk8u25/1514/hotspot/src/share/vm/prims/jvm.cpp, line 1312]
Event: 10,139 Thread 0x00007f8d50002000 Exception <a 'java/security/PrivilegedActionException'> (0x00000007284bacd0) thrown at [/HUDSON/workspace/8-2-build-linux-amd64/jdk8u25/1514/hotspot/src/share/vm/prims/jvm.cpp, line 1312]
Event: 10,191 Thread 0x00007f8d50002000 Exception <a 'java/security/PrivilegedActionException'> (0x0000000728891210) thrown at [/HUDSON/workspace/8-2-build-linux-amd64/jdk8u25/1514/hotspot/src/share/vm/prims/jvm.cpp, line 1312]
Event: 10,344 Thread 0x00007f8d50002000 Exception <a 'java/security/PrivilegedActionException'> (0x000000071928fcf8) thrown at [/HUDSON/workspace/8-2-build-linux-amd64/jdk8u25/1514/hotspot/src/share/vm/prims/jvm.cpp, line 1312]
Event: 14,951 Thread 0x00007f8d50002000 Implicit null exception at 0x00007f8dcc525d41 to 0x00007f8dcc526341
Event: 15,086 Thread 0x00007f8d50002000 Implicit null exception at 0x00007f8dcbff5938 to 0x00007f8dcbff4e29
Event: 15,242 Thread 0x00007f8d50002000 Implicit null exception at 0x00007f8dcb9df493 to 0x00007f8dcb9e097d

Events (10 events):
Event: 149,308 Thread 0x00007f8d50005000 DEOPT UNPACKING pc=0x00007f8dcb774373 sp=0x00007f8d3fcfa768 mode 1
Event: 149,308 Thread 0x00007f8d50005000 DEOPT PACKING pc=0x00007f8dcc653568 sp=0x00007f8d3fcfb0b0
Event: 149,308 Thread 0x00007f8d50005000 DEOPT UNPACKING pc=0x00007f8dcb774373 sp=0x00007f8d3fcfacf0 mode 1
Event: 149,308 Thread 0x00007f8d50005000 DEOPT PACKING pc=0x00007f8dcc653568 sp=0x00007f8d3fcfb0b0
Event: 149,308 Thread 0x00007f8d50005000 DEOPT UNPACKING pc=0x00007f8dcb774373 sp=0x00007f8d3fcfacf0 mode 1
Event: 149,310 Executing VM operation: RevokeBias
Event: 149,310 Executing VM operation: RevokeBias done
Event: 149,310 Thread 0x00007f8d50005000 Thread exited: 0x00007f8d50005000
Event: 159,174 Executing VM operation: RedefineClasses
Event: 159,232 Executing VM operation: RedefineClasses done


Dynamic libraries:
00400000-00401000 r-xp 00000000 fc:01 3419155                            /usr/lib/jvm/java-8-oracle/jre/bin/java
00600000-00601000 rw-p 00000000 fc:01 3419155                            /usr/lib/jvm/java-8-oracle/jre/bin/java
021b8000-021d9000 rw-p 00000000 00:00 0                                  [heap]
5cb200000-5d7900000 rw-p 00000000 00:00 0 
5d7900000-719100000 ---p 00000000 00:00 0 
719100000-73a200000 rw-p 00000000 00:00 0 
73a200000-7c0000000 ---p 00000000 00:00 0 
7c0000000-7c02e0000 rw-p 00000000 00:00 0 
7c02e0000-800000000 ---p 00000000 00:00 0 
7f8d38000000-7f8d38021000 rw-p 00000000 00:00 0 
7f8d38021000-7f8d3c000000 ---p 00000000 00:00 0 
7f8d3f7fa000-7f8d3f7fd000 ---p 00000000 00:00 0 
7f8d3f7fd000-7f8d3f8fb000 rw-p 00000000 00:00 0 
7f8d3f8fb000-7f8d3f8fe000 ---p 00000000 00:00 0 
7f8d3f8fe000-7f8d3fbfc000 rw-p 00000000 00:00 0                          [stack:8091]
7f8d3fbfc000-7f8d3fbff000 ---p 00000000 00:00 0 
7f8d3fbff000-7f8d3fcfd000 rw-p 00000000 00:00 0 
7f8d3fcfd000-7f8d3fd00000 ---p 00000000 00:00 0 
7f8d3fd00000-7f8d3fdfe000 rw-p 00000000 00:00 0                          [stack:8088]
7f8d3fdfe000-7f8d3fe01000 ---p 00000000 00:00 0 
7f8d3fe01000-7f8d3feff000 rw-p 00000000 00:00 0                          [stack:8087]
7f8d3feff000-7f8d3ff02000 ---p 00000000 00:00 0 
7f8d3ff02000-7f8d40000000 rw-p 00000000 00:00 0                          [stack:8086]
7f8d40000000-7f8d405be000 rw-p 00000000 00:00 0 
7f8d405be000-7f8d44000000 ---p 00000000 00:00 0 
7f8d44000000-7f8d44021000 rw-p 00000000 00:00 0 
7f8d44021000-7f8d48000000 ---p 00000000 00:00 0 
7f8d48000000-7f8d48179000 rw-p 00000000 00:00 0 
7f8d48179000-7f8d4c000000 ---p 00000000 00:00 0 
7f8d4c000000-7f8d4c021000 rw-p 00000000 00:00 0 
7f8d4c021000-7f8d50000000 ---p 00000000 00:00 0 
7f8d50000000-7f8d50021000 rw-p 00000000 00:00 0 
7f8d50021000-7f8d54000000 ---p 00000000 00:00 0 
7f8d54000000-7f8d54021000 rw-p 00000000 00:00 0 
7f8d54021000-7f8d58000000 ---p 00000000 00:00 0 
7f8d58000000-7f8d58021000 rw-p 00000000 00:00 0 
7f8d58021000-7f8d5c000000 ---p 00000000 00:00 0 
7f8d5c000000-7f8d5c021000 rw-p 00000000 00:00 0 
7f8d5c021000-7f8d60000000 ---p 00000000 00:00 0 
7f8d60000000-7f8d60021000 rw-p 00000000 00:00 0 
7f8d60021000-7f8d64000000 ---p 00000000 00:00 0 
7f8d64000000-7f8d64021000 rw-p 00000000 00:00 0 
7f8d64021000-7f8d68000000 ---p 00000000 00:00 0 
7f8d68000000-7f8d68021000 rw-p 00000000 00:00 0 
7f8d68021000-7f8d6c000000 ---p 00000000 00:00 0 
7f8d6c000000-7f8d6c021000 rw-p 00000000 00:00 0 
7f8d6c021000-7f8d70000000 ---p 00000000 00:00 0 
7f8d70000000-7f8d70021000 rw-p 00000000 00:00 0 
7f8d70021000-7f8d74000000 ---p 00000000 00:00 0 
7f8d74000000-7f8d7403d000 rw-p 00000000 00:00 0 
7f8d7403d000-7f8d78000000 ---p 00000000 00:00 0 
7f8d78000000-7f8d7a228000 rw-p 00000000 00:00 0 
7f8d7a228000-7f8d7c000000 ---p 00000000 00:00 0 
7f8d7c000000-7f8d7cf9b000 rw-p 00000000 00:00 0 
7f8d7cf9b000-7f8d80000000 ---p 00000000 00:00 0 
7f8d80000000-7f8d80021000 rw-p 00000000 00:00 0 
7f8d80021000-7f8d84000000 ---p 00000000 00:00 0 
7f8d84000000-7f8d85f76000 rw-p 00000000 00:00 0 
7f8d85f76000-7f8d88000000 ---p 00000000 00:00 0 
7f8d88000000-7f8d882b0000 rw-p 00000000 00:00 0 
7f8d882b0000-7f8d8c000000 ---p 00000000 00:00 0 
7f8d8c000000-7f8d8c053000 rw-p 00000000 00:00 0 
7f8d8c053000-7f8d90000000 ---p 00000000 00:00 0 
7f8d90000000-7f8d90021000 rw-p 00000000 00:00 0 
7f8d90021000-7f8d94000000 ---p 00000000 00:00 0 
7f8d94000000-7f8d94021000 rw-p 00000000 00:00 0 
7f8d94021000-7f8d98000000 ---p 00000000 00:00 0 
7f8d98000000-7f8d980fa000 rw-p 00000000 00:00 0 
7f8d980fa000-7f8d9c000000 ---p 00000000 00:00 0 
7f8d9c000000-7f8d9c021000 rw-p 00000000 00:00 0 
7f8d9c021000-7f8da0000000 ---p 00000000 00:00 0 
7f8da0000000-7f8da0021000 rw-p 00000000 00:00 0 
7f8da0021000-7f8da4000000 ---p 00000000 00:00 0 
7f8da408b000-7f8da408e000 ---p 00000000 00:00 0 
7f8da408e000-7f8da418c000 rw-p 00000000 00:00 0                          [stack:8085]
7f8da418c000-7f8da418f000 ---p 00000000 00:00 0 
7f8da418f000-7f8da428d000 rw-p 00000000 00:00 0                          [stack:8083]
7f8da428d000-7f8da4290000 ---p 00000000 00:00 0 
7f8da4290000-7f8da438e000 rw-p 00000000 00:00 0                          [stack:8081]
7f8da438e000-7f8da4391000 ---p 00000000 00:00 0 
7f8da4391000-7f8da448f000 rw-p 00000000 00:00 0                          [stack:8080]
7f8da448f000-7f8da4492000 ---p 00000000 00:00 0 
7f8da4492000-7f8db4000000 rw-p 00000000 00:00 0                          [stack:8079]
7f8db4000000-7f8db4021000 rw-p 00000000 00:00 0 
7f8db4021000-7f8db8000000 ---p 00000000 00:00 0 
7f8db8000000-7f8db8021000 rw-p 00000000 00:00 0 
7f8db8021000-7f8dbc000000 ---p 00000000 00:00 0 
7f8dbc000000-7f8dbc021000 rw-p 00000000 00:00 0 
7f8dbc021000-7f8dc0000000 ---p 00000000 00:00 0 
7f8dc00b8000-7f8dc00bb000 ---p 00000000 00:00 0 
7f8dc00bb000-7f8dc03b9000 rw-p 00000000 00:00 0                          [stack:8075]
7f8dc045b000-7f8dc045d000 rw-p 00000000 00:00 0 
7f8dc045d000-7f8dc0460000 ---p 00000000 00:00 0 
7f8dc0460000-7f8dc055e000 rw-p 00000000 00:00 0                          [stack:8077]
7f8dc055e000-7f8dc0561000 ---p 00000000 00:00 0 
7f8dc0561000-7f8dc065f000 rw-p 00000000 00:00 0                          [stack:8076]
7f8dc065f000-7f8dc0662000 ---p 00000000 00:00 0 
7f8dc0662000-7f8dc0760000 rw-p 00000000 00:00 0                          [stack:8074]
7f8dc0760000-7f8dc0763000 ---p 00000000 00:00 0 
7f8dc0763000-7f8dc0861000 rw-p 00000000 00:00 0                          [stack:8073]
7f8dc0861000-7f8dc0864000 ---p 00000000 00:00 0 
7f8dc0864000-7f8dc0962000 rw-p 00000000 00:00 0                          [stack:8072]
7f8dc0962000-7f8dc0965000 ---p 00000000 00:00 0 
7f8dc0965000-7f8dc0c63000 rw-p 00000000 00:00 0                          [stack:8069]
7f8dc0c63000-7f8dc0e63000 rw-p 00000000 00:00 0 
7f8dc0e63000-7f8dc0e66000 ---p 00000000 00:00 0 
7f8dc0e66000-7f8dc0f64000 rw-p 00000000 00:00 0                          [stack:8061]
7f8dc0f64000-7f8dc0f67000 ---p 00000000 00:00 0 
7f8dc0f67000-7f8dc1065000 rw-p 00000000 00:00 0                          [stack:8060]
7f8dc1065000-7f8dc1076000 r-xp 00000000 fc:01 3289274                    /usr/lib/jvm/java-8-oracle/jre/lib/amd64/libnio.so
7f8dc1076000-7f8dc1275000 ---p 00011000 fc:01 3289274                    /usr/lib/jvm/java-8-oracle/jre/lib/amd64/libnio.so
7f8dc1275000-7f8dc1276000 rw-p 00010000 fc:01 3289274                    /usr/lib/jvm/java-8-oracle/jre/lib/amd64/libnio.so
7f8dc1276000-7f8dc127e000 r-xp 00000000 fc:01 3289244                    /usr/lib/jvm/java-8-oracle/jre/lib/amd64/libmanagement.so
7f8dc127e000-7f8dc147e000 ---p 00008000 fc:01 3289244                    /usr/lib/jvm/java-8-oracle/jre/lib/amd64/libmanagement.so
7f8dc147e000-7f8dc147f000 rw-p 00008000 fc:01 3289244                    /usr/lib/jvm/java-8-oracle/jre/lib/amd64/libmanagement.so
7f8dc147f000-7f8dc1495000 r-xp 00000000 fc:01 3289243                    /usr/lib/jvm/java-8-oracle/jre/lib/amd64/libnet.so
7f8dc1495000-7f8dc1695000 ---p 00016000 fc:01 3289243                    /usr/lib/jvm/java-8-oracle/jre/lib/amd64/libnet.so
7f8dc1695000-7f8dc1696000 rw-p 00016000 fc:01 3289243                    /usr/lib/jvm/java-8-oracle/jre/lib/amd64/libnet.so
7f8dc1696000-7f8dc1896000 rw-p 00000000 00:00 0 
7f8dc1896000-7f8dc1a96000 rw-p 00000000 00:00 0 
7f8dc1a96000-7f8dc1aa9000 r--s 00344000 fc:01 3289321                    /usr/lib/jvm/java-8-oracle/jre/lib/resources.jar
7f8dc1aa9000-7f8dc1ca9000 rw-p 00000000 00:00 0 
7f8dc1ca9000-7f8dc1cb3000 r--s 00116000 fc:01 3419137                    /usr/lib/jvm/java-8-oracle/jre/lib/ext/localedata.jar
7f8dc1cb3000-7f8dc1ccf000 r--s 00393000 fc:01 3419136                    /usr/lib/jvm/java-8-oracle/jre/lib/ext/cldrdata.jar
7f8dc1ccf000-7f8dc1cd2000 r--s 0001d000 fc:01 2359408                    /home/boggi/projects/core20/com.getshop.core/lib/batik-util.jar
7f8dc1cd2000-7f8dc1cd7000 r--s 00010000 fc:01 2359400                    /home/boggi/projects/core20/com.getshop.core/lib/xml-apis-ext.jar
7f8dc1cd7000-7f8dc1cda000 r--s 00011000 fc:01 2359411                    /home/boggi/projects/core20/com.getshop.core/lib/commons-discovery-0.5.jar
7f8dc1cda000-7f8dc1cde000 r--s 0002a000 fc:01 2359415                    /home/boggi/projects/core20/com.getshop.core/lib/wsdl4j-1.6.3.jar
7f8dc1cde000-7f8dc1ce1000 r--s 0001c000 fc:01 2359423                    /home/boggi/projects/core20/com.getshop.core/lib/nekohtml.jar
7f8dc1ce1000-7f8dc1ce9000 r--s 00045000 fc:01 2359394                    /home/boggi/projects/core20/com.getshop.core/lib/batik-css.jar
7f8dc1ce9000-7f8dc1cf2000 r--s 0002d000 fc:01 2359417                    /home/boggi/projects/core20/com.getshop.core/lib/xml-apis.jar
7f8dc1cf2000-7f8dc1cf4000 r--s 00000000 fc:01 2359424                    /home/boggi/projects/core20/com.getshop.core/lib/aopalliance-1.0.jar
7f8dc1cf4000-7f8dc1cf8000 r--s 00039000 fc:01 2359396                    /home/boggi/projects/core20/com.getshop.core/lib/spring-expression-4.1.0.RELEASE.jar
7f8dc1cf8000-7f8dc1d01000 r--s 0004f000 fc:01 2359399                    /home/boggi/projects/core20/com.getshop.core/lib/spring-aop-4.1.0.RELEASE.jar
7f8dc1d01000-7f8dc1d03000 r--s 0000e000 fc:01 2359409                    /home/boggi/projects/core20/com.getshop.core/lib/commons-logging-1.2.jar
7f8dc1d03000-7f8dc1d07000 r--s 00093000 fc:01 3289337                    /usr/lib/jvm/java-8-oracle/jre/lib/jsse.jar
7f8dc1d07000-7f8dc1d0a000 r--s 00018000 fc:01 2361525                    /home/boggi/projects/core20/com.getshop.core/lib/jetty-io-9.2.10.v20150310.jar
7f8dc1d0a000-7f8dc1d0d000 r--s 00015000 fc:01 2361528                    /home/boggi/projects/core20/com.getshop.core/lib/servlet-api-3.1.jar
7f8dc1d0d000-7f8dc1d0f000 r--s 00018000 fc:01 2361524                    /home/boggi/projects/core20/com.getshop.core/lib/jetty-http-9.2.10.v20150310.jar
7f8dc1d0f000-7f8dc1d15000 r--s 00051000 fc:01 2361527                    /home/boggi/projects/core20/com.getshop.core/lib/jetty-util-9.2.10.v20150310.jar
7f8dc1d15000-7f8dc1d1b000 r--s 00061000 fc:01 2361526                    /home/boggi/projects/core20/com.getshop.core/lib/jetty-server-9.2.10.v20150310.jar
7f8dc1d1b000-7f8dc1d78000 r--s 009a1000 fc:01 2360317                    /home/boggi/projects/core20/com.getshop.core/lib/pdfbox-app-1.8.2.jar
7f8dc1d78000-7f8dc1d7a000 r--s 00014000 fc:01 2359426                    /home/boggi/projects/core20/com.getshop.core/lib/java_websocket.jar
7f8dc1d7a000-7f8dc1d81000 r--s 0003c000 fc:01 2359915                    /home/boggi/projects/core20/com.getshop.core/lib/braintree-java-2.39.1.jar
7f8dc1d81000-7f8dc1d86000 r--s 0002c000 fc:01 2359418                    /home/boggi/projects/core20/com.getshop.core/lib/commons-net-2.0.jar
7f8dc1d86000-7f8dc1d9f000 r--s 00135000 fc:01 2359401                    /home/boggi/projects/core20/com.getshop.core/lib/xercesImpl.jar
7f8dc1d9f000-7f8dc1da4000 r--s 0002e000 fc:01 2360355                    /home/boggi/projects/core20/com.getshop.messages/dist/lib/gson-2.3.jar (deleted)
7f8dc1da4000-7f8dc1dab000 r--s 00048000 fc:01 2360352                    /home/boggi/projects/core20/com.getshop.messages/dist/lib/morphia-0.108.jar (deleted)
7f8dc1dab000-7f8dc1db2000 r--s 00038000 fc:01 2360362                    /home/boggi/projects/core20/com.getshop.messages/dist/com.thundashop.messages.jar
7f8dc1db2000-7f8dc1db9000 r--s 0003c000 fc:01 2359405                    /home/boggi/projects/core20/com.getshop.core/lib/google-http-client-1.18.0-rc.jar
7f8dc1db9000-7f8dc1dcd000 r--s 00173000 fc:01 2359393                    /home/boggi/projects/core20/com.getshop.core/lib/axis.jar
7f8dc1dcd000-7f8dc1dd1000 r--s 00022000 fc:01 2359425                    /home/boggi/projects/core20/com.getshop.core/lib/javapns-jdk16-2.2.1.jar
7f8dc1dd1000-7f8dc1dd8000 r--s 00078000 fc:01 2359412                    /home/boggi/projects/core20/com.getshop.core/lib/mail-1.5.0-b01.jar
7f8dc1dd8000-7f8dc1de4000 r--s 00085000 fc:01 2359398                    /home/boggi/projects/core20/com.getshop.core/lib/httpclient-4.3.5.jar
7f8dc1de4000-7f8dc1de5000 ---p 00000000 00:00 0 
7f8dc1de5000-7f8dc1ee5000 rw-p 00000000 00:00 0                          [stack:8059]
7f8dc1ee5000-7f8dc1ee8000 ---p 00000000 00:00 0 
7f8dc1ee8000-7f8dc1fe6000 rw-p 00000000 00:00 0                          [stack:8058]
7f8dc1fe6000-7f8dc1fe9000 ---p 00000000 00:00 0 
7f8dc1fe9000-7f8dc20e7000 rw-p 00000000 00:00 0                          [stack:8057]
7f8dc20e7000-7f8dc20ea000 ---p 00000000 00:00 0 
7f8dc20ea000-7f8dc21e8000 rw-p 00000000 00:00 0                          [stack:8056]
7f8dc21e8000-7f8dc21eb000 ---p 00000000 00:00 0 
7f8dc21eb000-7f8dc22e9000 rw-p 00000000 00:00 0                          [stack:8055]
7f8dc22e9000-7f8dc22ec000 ---p 00000000 00:00 0 
7f8dc22ec000-7f8dc23ea000 rw-p 00000000 00:00 0                          [stack:8052]
7f8dc23ea000-7f8dc23ed000 ---p 00000000 00:00 0 
7f8dc23ed000-7f8dc24eb000 rw-p 00000000 00:00 0                          [stack:8051]
7f8dc24eb000-7f8dc24ee000 ---p 00000000 00:00 0 
7f8dc24ee000-7f8dc25ec000 rw-p 00000000 00:00 0                          [stack:8049]
7f8dc25ec000-7f8dc25f0000 r-xp 00000000 fc:01 3289272                    /usr/lib/jvm/java-8-oracle/jre/lib/amd64/libdt_socket.so
7f8dc25f0000-7f8dc27ef000 ---p 00004000 fc:01 3289272                    /usr/lib/jvm/java-8-oracle/jre/lib/amd64/libdt_socket.so
7f8dc27ef000-7f8dc27f0000 rw-p 00003000 fc:01 3289272                    /usr/lib/jvm/java-8-oracle/jre/lib/amd64/libdt_socket.so
7f8dc27f0000-7f8dc27f3000 ---p 00000000 00:00 0 
7f8dc27f3000-7f8dc28f1000 rw-p 00000000 00:00 0                          [stack:8048]
7f8dc28f1000-7f8dc28f4000 ---p 00000000 00:00 0 
7f8dc28f4000-7f8dc29f2000 rw-p 00000000 00:00 0                          [stack:8044]
7f8dc29f2000-7f8dc29f5000 ---p 00000000 00:00 0 
7f8dc29f5000-7f8dc2af3000 rw-p 00000000 00:00 0                          [stack:8043]
7f8dc2af3000-7f8dc2af4000 ---p 00000000 00:00 0 
7f8dc2af4000-7f8dc4000000 rw-p 00000000 00:00 0                          [stack:8042]
7f8dc4000000-7f8dc4021000 rw-p 00000000 00:00 0 
7f8dc4021000-7f8dc8000000 ---p 00000000 00:00 0 
7f8dc8000000-7f8dc8002000 r--s 00001000 fc:01 2359397                    /home/boggi/projects/core20/com.getshop.core/lib/google-http-client-gson-1.18.0-rc.jar
7f8dc8002000-7f8dc8004000 r--s 00008000 fc:01 2359392                    /home/boggi/projects/core20/com.getshop.core/lib/httpmime-4.3.5.jar
7f8dc8004000-7f8dc800a000 r--s 0003f000 fc:01 2359414                    /home/boggi/projects/core20/com.getshop.core/lib/httpcore-4.3.2.jar
7f8dc800a000-7f8dc8013000 r--s 0006f000 fc:01 2359422                    /home/boggi/projects/core20/com.getshop.core/lib/log4j-1.2.17.jar
7f8dc8013000-7f8dc8016000 r--s 00014000 fc:01 2359410                    /home/boggi/projects/core20/com.getshop.core/lib/antisamy-1.5.3.jar
7f8dc8016000-7f8dc8021000 r--s 00086000 fc:01 2359395                    /home/boggi/projects/core20/com.getshop.core/lib/mongo-java-driver-2.12.3.jar
7f8dc8021000-7f8dc802e000 r--s 0009f000 fc:01 2359419                    /home/boggi/projects/core20/com.getshop.core/lib/spring-beans-4.1.0.RELEASE.jar
7f8dc802e000-7f8dc8404000 rw-p 00000000 00:00 0 
7f8dc8404000-7f8dc85da000 r--s 03caa000 fc:01 3289207                    /usr/lib/jvm/java-8-oracle/jre/lib/rt.jar
7f8dc85da000-7f8dc9652000 rw-p 00000000 00:00 0 
7f8dc9652000-7f8dc9653000 ---p 00000000 00:00 0 
7f8dc9653000-7f8dc9753000 rw-p 00000000 00:00 0                          [stack:8040]
7f8dc9753000-7f8dc9754000 ---p 00000000 00:00 0 
7f8dc9754000-7f8dc9854000 rw-p 00000000 00:00 0                          [stack:8039]
7f8dc9854000-7f8dc9855000 ---p 00000000 00:00 0 
7f8dc9855000-7f8dc99b9000 rw-p 00000000 00:00 0                          [stack:8038]
7f8dc99b9000-7f8dca3c5000 ---p 00000000 00:00 0 
7f8dca3c5000-7f8dca429000 rw-p 00000000 00:00 0 
7f8dca429000-7f8dcae34000 ---p 00000000 00:00 0 
7f8dcae34000-7f8dcaf3d000 rw-p 00000000 00:00 0 
7f8dcaf3d000-7f8dcb36c000 ---p 00000000 00:00 0 
7f8dcb36c000-7f8dcb3ae000 rw-p 00000000 00:00 0 
7f8dcb3ae000-7f8dcb72d000 ---p 00000000 00:00 0 
7f8dcb72d000-7f8dcc74d000 rwxp 00000000 00:00 0 
7f8dcc74d000-7f8dda72d000 ---p 00000000 00:00 0 
7f8dda72d000-7f8dda747000 r-xp 00000000 fc:01 3289277                    /usr/lib/jvm/java-8-oracle/jre/lib/amd64/libzip.so
7f8dda747000-7f8dda947000 ---p 0001a000 fc:01 3289277                    /usr/lib/jvm/java-8-oracle/jre/lib/amd64/libzip.so
7f8dda947000-7f8dda948000 rw-p 0001a000 fc:01 3289277                    /usr/lib/jvm/java-8-oracle/jre/lib/amd64/libzip.so
7f8dda948000-7f8dda953000 r-xp 00000000 fc:01 3151937                    /lib/x86_64-linux-gnu/libnss_files-2.19.so
7f8dda953000-7f8ddab52000 ---p 0000b000 fc:01 3151937                    /lib/x86_64-linux-gnu/libnss_files-2.19.so
7f8ddab52000-7f8ddab53000 r--p 0000a000 fc:01 3151937                    /lib/x86_64-linux-gnu/libnss_files-2.19.so
7f8ddab53000-7f8ddab54000 rw-p 0000b000 fc:01 3151937                    /lib/x86_64-linux-gnu/libnss_files-2.19.so
7f8ddab54000-7f8ddab5f000 r-xp 00000000 fc:01 3151938                    /lib/x86_64-linux-gnu/libnss_nis-2.19.so
7f8ddab5f000-7f8ddad5e000 ---p 0000b000 fc:01 3151938                    /lib/x86_64-linux-gnu/libnss_nis-2.19.so
7f8ddad5e000-7f8ddad5f000 r--p 0000a000 fc:01 3151938                    /lib/x86_64-linux-gnu/libnss_nis-2.19.so
7f8ddad5f000-7f8ddad60000 rw-p 0000b000 fc:01 3151938                    /lib/x86_64-linux-gnu/libnss_nis-2.19.so
7f8ddad60000-7f8ddad77000 r-xp 00000000 fc:01 3149688                    /lib/x86_64-linux-gnu/libnsl-2.19.so
7f8ddad77000-7f8ddaf76000 ---p 00017000 fc:01 3149688                    /lib/x86_64-linux-gnu/libnsl-2.19.so
7f8ddaf76000-7f8ddaf77000 r--p 00016000 fc:01 3149688                    /lib/x86_64-linux-gnu/libnsl-2.19.so
7f8ddaf77000-7f8ddaf78000 rw-p 00017000 fc:01 3149688                    /lib/x86_64-linux-gnu/libnsl-2.19.so
7f8ddaf78000-7f8ddaf7a000 rw-p 00000000 00:00 0 
7f8ddaf7a000-7f8ddaf83000 r-xp 00000000 fc:01 3145743                    /lib/x86_64-linux-gnu/libnss_compat-2.19.so
7f8ddaf83000-7f8ddb182000 ---p 00009000 fc:01 3145743                    /lib/x86_64-linux-gnu/libnss_compat-2.19.so
7f8ddb182000-7f8ddb183000 r--p 00008000 fc:01 3145743                    /lib/x86_64-linux-gnu/libnss_compat-2.19.so
7f8ddb183000-7f8ddb184000 rw-p 00009000 fc:01 3145743                    /lib/x86_64-linux-gnu/libnss_compat-2.19.so
7f8ddb184000-7f8ddb997000 r--p 00000000 fc:01 3413361                    /usr/lib/locale/locale-archive
7f8ddb997000-7f8ddb999000 r-xp 00000000 fc:01 3289236                    /usr/lib/jvm/java-8-oracle/jre/lib/amd64/libnpt.so
7f8ddb999000-7f8ddbb99000 ---p 00002000 fc:01 3289236                    /usr/lib/jvm/java-8-oracle/jre/lib/amd64/libnpt.so
7f8ddbb99000-7f8ddbb9a000 rw-p 00002000 fc:01 3289236                    /usr/lib/jvm/java-8-oracle/jre/lib/amd64/libnpt.so
7f8ddbb9a000-7f8ddbbd3000 r-xp 00000000 fc:01 3289224                    /usr/lib/jvm/java-8-oracle/jre/lib/amd64/libjdwp.so
7f8ddbbd3000-7f8ddbdd2000 ---p 00039000 fc:01 3289224                    /usr/lib/jvm/java-8-oracle/jre/lib/amd64/libjdwp.so
7f8ddbdd2000-7f8ddbdd4000 rw-p 00038000 fc:01 3289224                    /usr/lib/jvm/java-8-oracle/jre/lib/amd64/libjdwp.so
7f8ddbdd4000-7f8ddbdfe000 r-xp 00000000 fc:01 3289259                    /usr/lib/jvm/java-8-oracle/jre/lib/amd64/libjava.so
7f8ddbdfe000-7f8ddbffe000 ---p 0002a000 fc:01 3289259                    /usr/lib/jvm/java-8-oracle/jre/lib/amd64/libjava.so
7f8ddbffe000-7f8ddc000000 rw-p 0002a000 fc:01 3289259                    /usr/lib/jvm/java-8-oracle/jre/lib/amd64/libjava.so
7f8ddc000000-7f8ddcb72000 rw-p 00000000 00:00 0 
7f8ddcb72000-7f8de0000000 ---p 00000000 00:00 0 
7f8de0000000-7f8de0001000 rw-p 00000000 00:00 0 
7f8de0001000-7f8de0003000 r--s 00004000 fc:01 2359404                    /home/boggi/projects/core20/com.getshop.core/lib/gcm-server-1.0.2.jar
7f8de0003000-7f8de0008000 r--s 0002e000 fc:01 2359420                    /home/boggi/projects/core20/com.getshop.core/lib/gson-2.3.jar
7f8de0008000-7f8de0020000 r--s 000e2000 fc:01 2359416                    /home/boggi/projects/core20/com.getshop.core/lib/spring-context-4.1.0.RELEASE.jar
7f8de0020000-7f8de0041000 rw-p 00000000 00:00 0 
7f8de0041000-7f8de0042000 ---p 00000000 00:00 0 
7f8de0042000-7f8de0142000 rw-p 00000000 00:00 0                          [stack:8037]
7f8de0142000-7f8de014f000 r-xp 00000000 fc:01 3289252                    /usr/lib/jvm/java-8-oracle/jre/lib/amd64/libverify.so
7f8de014f000-7f8de034f000 ---p 0000d000 fc:01 3289252                    /usr/lib/jvm/java-8-oracle/jre/lib/amd64/libverify.so
7f8de034f000-7f8de0351000 rw-p 0000d000 fc:01 3289252                    /usr/lib/jvm/java-8-oracle/jre/lib/amd64/libverify.so
7f8de0351000-7f8de0358000 r-xp 00000000 fc:01 3151926                    /lib/x86_64-linux-gnu/librt-2.19.so
7f8de0358000-7f8de0557000 ---p 00007000 fc:01 3151926                    /lib/x86_64-linux-gnu/librt-2.19.so
7f8de0557000-7f8de0558000 r--p 00006000 fc:01 3151926                    /lib/x86_64-linux-gnu/librt-2.19.so
7f8de0558000-7f8de0559000 rw-p 00007000 fc:01 3151926                    /lib/x86_64-linux-gnu/librt-2.19.so
7f8de0559000-7f8de065e000 r-xp 00000000 fc:01 3151933                    /lib/x86_64-linux-gnu/libm-2.19.so
7f8de065e000-7f8de085d000 ---p 00105000 fc:01 3151933                    /lib/x86_64-linux-gnu/libm-2.19.so
7f8de085d000-7f8de085e000 r--p 00104000 fc:01 3151933                    /lib/x86_64-linux-gnu/libm-2.19.so
7f8de085e000-7f8de085f000 rw-p 00105000 fc:01 3151933                    /lib/x86_64-linux-gnu/libm-2.19.so
7f8de085f000-7f8de14cc000 r-xp 00000000 fc:01 3289233                    /usr/lib/jvm/java-8-oracle/jre/lib/amd64/server/libjvm.so
7f8de14cc000-7f8de16cb000 ---p 00c6d000 fc:01 3289233                    /usr/lib/jvm/java-8-oracle/jre/lib/amd64/server/libjvm.so
7f8de16cb000-7f8de17a1000 rw-p 00c6c000 fc:01 3289233                    /usr/lib/jvm/java-8-oracle/jre/lib/amd64/server/libjvm.so
7f8de17a1000-7f8de17e4000 rw-p 00000000 00:00 0 
7f8de17e4000-7f8de199f000 r-xp 00000000 fc:01 3151930                    /lib/x86_64-linux-gnu/libc-2.19.so
7f8de199f000-7f8de1b9f000 ---p 001bb000 fc:01 3151930                    /lib/x86_64-linux-gnu/libc-2.19.so
7f8de1b9f000-7f8de1ba3000 r--p 001bb000 fc:01 3151930                    /lib/x86_64-linux-gnu/libc-2.19.so
7f8de1ba3000-7f8de1ba5000 rw-p 001bf000 fc:01 3151930                    /lib/x86_64-linux-gnu/libc-2.19.so
7f8de1ba5000-7f8de1baa000 rw-p 00000000 00:00 0 
7f8de1baa000-7f8de1bad000 r-xp 00000000 fc:01 3151942                    /lib/x86_64-linux-gnu/libdl-2.19.so
7f8de1bad000-7f8de1dac000 ---p 00003000 fc:01 3151942                    /lib/x86_64-linux-gnu/libdl-2.19.so
7f8de1dac000-7f8de1dad000 r--p 00002000 fc:01 3151942                    /lib/x86_64-linux-gnu/libdl-2.19.so
7f8de1dad000-7f8de1dae000 rw-p 00003000 fc:01 3151942                    /lib/x86_64-linux-gnu/libdl-2.19.so
7f8de1dae000-7f8de1dc3000 r-xp 00000000 fc:01 3289268                    /usr/lib/jvm/java-8-oracle/jre/lib/amd64/jli/libjli.so
7f8de1dc3000-7f8de1fc2000 ---p 00015000 fc:01 3289268                    /usr/lib/jvm/java-8-oracle/jre/lib/amd64/jli/libjli.so
7f8de1fc2000-7f8de1fc3000 rw-p 00014000 fc:01 3289268                    /usr/lib/jvm/java-8-oracle/jre/lib/amd64/jli/libjli.so
7f8de1fc3000-7f8de1fdc000 r-xp 00000000 fc:01 3151943                    /lib/x86_64-linux-gnu/libpthread-2.19.so
7f8de1fdc000-7f8de21db000 ---p 00019000 fc:01 3151943                    /lib/x86_64-linux-gnu/libpthread-2.19.so
7f8de21db000-7f8de21dc000 r--p 00018000 fc:01 3151943                    /lib/x86_64-linux-gnu/libpthread-2.19.so
7f8de21dc000-7f8de21dd000 rw-p 00019000 fc:01 3151943                    /lib/x86_64-linux-gnu/libpthread-2.19.so
7f8de21dd000-7f8de21e1000 rw-p 00000000 00:00 0 
7f8de21e1000-7f8de2204000 r-xp 00000000 fc:01 3151931                    /lib/x86_64-linux-gnu/ld-2.19.so
7f8de2204000-7f8de2206000 r--s 00006000 fc:01 2359421                    /home/boggi/projects/core20/com.getshop.core/lib/jaxrpc.jar
7f8de2206000-7f8de221b000 r--s 000e1000 fc:01 2359403                    /home/boggi/projects/core20/com.getshop.core/lib/spring-core-4.1.0.RELEASE.jar
7f8de221b000-7f8de22e0000 rw-p 00000000 00:00 0 
7f8de22e0000-7f8de22e3000 ---p 00000000 00:00 0 
7f8de22e3000-7f8de23e5000 rw-p 00000000 00:00 0                          [stack:8034]
7f8de23e5000-7f8de23ec000 r--s 00048000 fc:01 2359413                    /home/boggi/projects/core20/com.getshop.core/lib/morphia-0.108.jar
7f8de23ec000-7f8de23f0000 r--s 00025000 fc:01 2359406                    /home/boggi/projects/core20/com.getshop.core/lib/google-api-client-1.18.0-rc.jar
7f8de23f0000-7f8de23f7000 r--s 0002f000 fc:01 2359407                    /home/boggi/projects/core20/com.getshop.core/lib/google-api-services-youtube-v3-rev117-1.19.0.jar
7f8de23f7000-7f8de23ff000 rw-s 00000000 fc:01 2097314                    /tmp/hsperfdata_boggi/8032
7f8de23ff000-7f8de2400000 rw-p 00000000 00:00 0 
7f8de2400000-7f8de2401000 r--p 00000000 00:00 0 
7f8de2401000-7f8de2403000 rw-p 00000000 00:00 0 
7f8de2403000-7f8de2404000 r--p 00022000 fc:01 3151931                    /lib/x86_64-linux-gnu/ld-2.19.so
7f8de2404000-7f8de2405000 rw-p 00023000 fc:01 3151931                    /lib/x86_64-linux-gnu/ld-2.19.so
7f8de2405000-7f8de2406000 rw-p 00000000 00:00 0 
7fffd4ff4000-7fffd5016000 rw-p 00000000 00:00 0                          [stack]
7fffd5185000-7fffd5187000 r-xp 00000000 00:00 0                          [vdso]
ffffffffff600000-ffffffffff601000 r-xp 00000000 00:00 0                  [vsyscall]

VM Arguments:
jvm_args: -Xdebug -Xrunjdwp:transport=dt_socket,address=localhost:53273 -Dfile.encoding=UTF-8 
java_command: com.thundashop.core.start.Runner
java_class_path (initial): /home/boggi/projects/core20/com.getshop.core/lib/spring-context-4.1.0.RELEASE.jar:/home/boggi/projects/core20/com.getshop.core/lib/spring-core-4.1.0.RELEASE.jar:/home/boggi/projects/core20/com.getshop.core/lib/google-api-services-youtube-v3-rev117-1.19.0.jar:/home/boggi/projects/core20/com.getshop.core/lib/google-api-client-1.18.0-rc.jar:/home/boggi/projects/core20/com.getshop.core/lib/spring-beans-4.1.0.RELEASE.jar:/home/boggi/projects/core20/com.getshop.core/lib/morphia-0.108.jar:/home/boggi/projects/core20/com.getshop.core/lib/gson-2.3.jar:/home/boggi/projects/core20/com.getshop.core/lib/jaxrpc.jar:/home/boggi/projects/core20/com.getshop.core/lib/mongo-java-driver-2.12.3.jar:/home/boggi/projects/core20/com.getshop.core/lib/gcm-server-1.0.2.jar:/home/boggi/projects/core20/com.getshop.core/lib/antisamy-1.5.3.jar:/home/boggi/projects/core20/com.getshop.core/lib/log4j-1.2.17.jar:/home/boggi/projects/core20/com.getshop.core/lib/httpcore-4.3.2.jar:/home/boggi/projects/core20/com.getshop.core/lib/httpclient-4.3.5.jar:/home/boggi/projects/core20/com.getshop.core/lib/httpmime-4.3.5.jar:/home/boggi/projects/core20/com.getshop.core/lib/mail-1.5.0-b01.jar:/home/boggi/projects/core20/com.getshop.core/lib/javapns-jdk16-2.2.1.jar:/home/boggi/projects/core20/com.getshop.core/lib/axis.jar:/home/boggi/projects/core20/com.getshop.core/lib/google-http-client-1.18.0-rc.jar:/home/boggi/projects/core20/com.getshop.messages/dist/com.thundashop.messages.jar:/home/boggi/projects/core20/com.getshop.core/lib/google-http-client-gson-1.18.0-rc.jar:/home/boggi/projects/core20/com.getshop.core/lib/xercesImpl.jar:/home/boggi/projects/core20/com.getshop.core/lib/commons-net-2.0.jar:/home/boggi/projects/core20/com.getshop.core/lib/braintree-java-2.39.1.jar:/home/boggi/projects/core20/com.getshop.core/lib/java_websocket.jar:/home/boggi/projects/core20/com.getshop.core/lib/pdfbox-app-1.8.2.jar:/home/boggi/projects/core20/com.getshop.core/lib/jetty-server-9.2.10.v20150310
Launcher Type: SUN_STANDARD

Environment Variables:
PATH=/usr/local/sbin:/usr/local/bin:/usr/sbin:/usr/bin:/sbin:/bin:/usr/games:/usr/local/games
LD_LIBRARY_PATH=/usr/lib/jvm/java-8-oracle/jre/lib/amd64:/usr/lib/jvm/java-8-oracle/jre/lib/i386:
SHELL=/bin/bash
DISPLAY=:0

Signal Handlers:
SIGSEGV: [libjvm.so+0xa79a80], sa_mask[0]=11111111011111111101111111111110, sa_flags=SA_RESTART|SA_SIGINFO
SIGBUS: [libjvm.so+0xa79a80], sa_mask[0]=11111111011111111101111111111110, sa_flags=SA_RESTART|SA_SIGINFO
SIGFPE: [libjvm.so+0x8e24e0], sa_mask[0]=11111111011111111101111111111110, sa_flags=SA_RESTART|SA_SIGINFO
SIGPIPE: [libjvm.so+0x8e24e0], sa_mask[0]=11111111011111111101111111111110, sa_flags=SA_RESTART|SA_SIGINFO
SIGXFSZ: [libjvm.so+0x8e24e0], sa_mask[0]=11111111011111111101111111111110, sa_flags=SA_RESTART|SA_SIGINFO
SIGILL: [libjvm.so+0x8e24e0], sa_mask[0]=11111111011111111101111111111110, sa_flags=SA_RESTART|SA_SIGINFO
SIGUSR1: SIG_DFL, sa_mask[0]=00000000000000000000000000000000, sa_flags=none
SIGUSR2: [libjvm.so+0x8e3d10], sa_mask[0]=00100000000000000000000000000000, sa_flags=SA_RESTART|SA_SIGINFO
SIGHUP: [libjvm.so+0x8e50d0], sa_mask[0]=11111111011111111101111111111110, sa_flags=SA_RESTART|SA_SIGINFO
SIGINT: SIG_IGN, sa_mask[0]=00000000000000000000000000000000, sa_flags=none
SIGTERM: [libjvm.so+0x8e50d0], sa_mask[0]=11111111011111111101111111111110, sa_flags=SA_RESTART|SA_SIGINFO
SIGQUIT: [libjvm.so+0x8e50d0], sa_mask[0]=11111111011111111101111111111110, sa_flags=SA_RESTART|SA_SIGINFO


---------------  S Y S T E M  ---------------

OS:DISTRIB_ID=Ubuntu
DISTRIB_RELEASE=14.04
DISTRIB_CODENAME=trusty
DISTRIB_DESCRIPTION="Ubuntu 14.04.1 LTS"

uname:Linux 3.13.0-35-generic #62-Ubuntu SMP Fri Aug 15 01:58:42 UTC 2014 x86_64
libc:glibc 2.19 NPTL 2.19 
rlimit: STACK 8192k, CORE 0k, NPROC 254622, NOFILE 4096, AS infinity
load average:1,18 3,56 3,87

/proc/meminfo:
MemTotal:       32823516 kB
MemFree:         2440688 kB
Buffers:          357140 kB
Cached:         21045760 kB
SwapCached:        27180 kB
Active:         19385092 kB
Inactive:        9697072 kB
Active(anon):    6588232 kB
Inactive(anon):  1206688 kB
Active(file):   12796860 kB
Inactive(file):  8490384 kB
Unevictable:         288 kB
Mlocked:             288 kB
SwapTotal:      16650236 kB
SwapFree:       16312380 kB
Dirty:              4476 kB
Writeback:             0 kB
AnonPages:       7654164 kB
Mapped:           393424 kB
Shmem:            115440 kB
Slab:             827532 kB
SReclaimable:     742576 kB
SUnreclaim:        84956 kB
KernelStack:        7864 kB
PageTables:        92992 kB
NFS_Unstable:          0 kB
Bounce:                0 kB
WritebackTmp:          0 kB
CommitLimit:    33061992 kB
Committed_AS:   16933308 kB
VmallocTotal:   34359738367 kB
VmallocUsed:      423972 kB
VmallocChunk:   34359217396 kB
HardwareCorrupted:     0 kB
AnonHugePages:   4141056 kB
HugePages_Total:       0
HugePages_Free:        0
HugePages_Rsvd:        0
HugePages_Surp:        0
Hugepagesize:       2048 kB
DirectMap4k:       83624 kB
DirectMap2M:    33345536 kB


CPU:total 4 (4 cores per cpu, 1 threads per core) family 6 model 42 stepping 7, cmov, cx8, fxsr, mmx, sse, sse2, sse3, ssse3, sse4.1, sse4.2, popcnt, avx, aes, clmul, tsc, tscinvbit

/proc/cpuinfo:
processor	: 0
vendor_id	: GenuineIntel
cpu family	: 6
model		: 42
model name	: Intel(R) Core(TM) i5-2320 CPU @ 3.00GHz
stepping	: 7
microcode	: 0x23
cpu MHz		: 3301.000
cache size	: 6144 KB
physical id	: 0
siblings	: 4
core id		: 0
cpu cores	: 4
apicid		: 0
initial apicid	: 0
fpu		: yes
fpu_exception	: yes
cpuid level	: 13
wp		: yes
flags		: fpu vme de pse tsc msr pae mce cx8 apic sep mtrr pge mca cmov pat pse36 clflush dts acpi mmx fxsr sse sse2 ss ht tm pbe syscall nx rdtscp lm constant_tsc arch_perfmon pebs bts rep_good nopl xtopology nonstop_tsc aperfmperf eagerfpu pni pclmulqdq dtes64 monitor ds_cpl vmx est tm2 ssse3 cx16 xtpr pdcm pcid sse4_1 sse4_2 popcnt tsc_deadline_timer aes xsave avx lahf_lm ida arat epb xsaveopt pln pts dtherm tpr_shadow vnmi flexpriority ept vpid
bogomips	: 5986.12
clflush size	: 64
cache_alignment	: 64
address sizes	: 36 bits physical, 48 bits virtual
power management:

processor	: 1
vendor_id	: GenuineIntel
cpu family	: 6
model		: 42
model name	: Intel(R) Core(TM) i5-2320 CPU @ 3.00GHz
stepping	: 7
microcode	: 0x23
cpu MHz		: 3100.000
cache size	: 6144 KB
physical id	: 0
siblings	: 4
core id		: 1
cpu cores	: 4
apicid		: 2
initial apicid	: 2
fpu		: yes
fpu_exception	: yes
cpuid level	: 13
wp		: yes
flags		: fpu vme de pse tsc msr pae mce cx8 apic sep mtrr pge mca cmov pat pse36 clflush dts acpi mmx fxsr sse sse2 ss ht tm pbe syscall nx rdtscp lm constant_tsc arch_perfmon pebs bts rep_good nopl xtopology nonstop_tsc aperfmperf eagerfpu pni pclmulqdq dtes64 monitor ds_cpl vmx est tm2 ssse3 cx16 xtpr pdcm pcid sse4_1 sse4_2 popcnt tsc_deadline_timer aes xsave avx lahf_lm ida arat epb xsaveopt pln pts dtherm tpr_shadow vnmi flexpriority ept vpid
bogomips	: 5986.12
clflush size	: 64
cache_alignment	: 64
address sizes	: 36 bits physical, 48 bits virtual
power management:

processor	: 2
vendor_id	: GenuineIntel
cpu family	: 6
model		: 42
model name	: Intel(R) Core(TM) i5-2320 CPU @ 3.00GHz
stepping	: 7
microcode	: 0x23
cpu MHz		: 1600.000
cache size	: 6144 KB
physical id	: 0
siblings	: 4
core id		: 2
cpu cores	: 4
apicid		: 4
initial apicid	: 4
fpu		: yes
fpu_exception	: yes
cpuid level	: 13
wp		: yes
flags		: fpu vme de pse tsc msr pae mce cx8 apic sep mtrr pge mca cmov pat pse36 clflush dts acpi mmx fxsr sse sse2 ss ht tm pbe syscall nx rdtscp lm constant_tsc arch_perfmon pebs bts rep_good nopl xtopology nonstop_tsc aperfmperf eagerfpu pni pclmulqdq dtes64 monitor ds_cpl vmx est tm2 ssse3 cx16 xtpr pdcm pcid sse4_1 sse4_2 popcnt tsc_deadline_timer aes xsave avx lahf_lm ida arat epb xsaveopt pln pts dtherm tpr_shadow vnmi flexpriority ept vpid
bogomips	: 5986.12
clflush size	: 64
cache_alignment	: 64
address sizes	: 36 bits physical, 48 bits virtual
power management:

processor	: 3
vendor_id	: GenuineIntel
cpu family	: 6
model		: 42
model name	: Intel(R) Core(TM) i5-2320 CPU @ 3.00GHz
stepping	: 7
microcode	: 0x23
cpu MHz		: 1600.000
cache size	: 6144 KB
physical id	: 0
siblings	: 4
core id		: 3
cpu cores	: 4
apicid		: 6
initial apicid	: 6
fpu		: yes
fpu_exception	: yes
cpuid level	: 13
wp		: yes
flags		: fpu vme de pse tsc msr pae mce cx8 apic sep mtrr pge mca cmov pat pse36 clflush dts acpi mmx fxsr sse sse2 ss ht tm pbe syscall nx rdtscp lm constant_tsc arch_perfmon pebs bts rep_good nopl xtopology nonstop_tsc aperfmperf eagerfpu pni pclmulqdq dtes64 monitor ds_cpl vmx est tm2 ssse3 cx16 xtpr pdcm pcid sse4_1 sse4_2 popcnt tsc_deadline_timer aes xsave avx lahf_lm ida arat epb xsaveopt pln pts dtherm tpr_shadow vnmi flexpriority ept vpid
bogomips	: 5986.12
clflush size	: 64
cache_alignment	: 64
address sizes	: 36 bits physical, 48 bits virtual
power management:



Memory: 4k page, physical 32823516k(2440688k free), swap 16650236k(16312380k free)

vm_info: Java HotSpot(TM) 64-Bit Server VM (25.25-b02) for linux-amd64 JRE (1.8.0_25-b17), built on Sep 17 2014 17:32:11 by "java_re" with gcc 4.3.0 20080428 (Red Hat 4.3.0-8)

time: Wed Apr 29 19:35:53 2015
elapsed time: 159 seconds (0d 0h 2m 39s)

